úÅ§â çÞ¿ìâä§¤: cuda
GPU: NVIDIA GeForce RTX 5060 Ti
amp_dtype=bf16 detect_anomaly=False
{"epoch": 1, "epoch_seconds": 89.5439, "val_total": 0.16809823910395305, "val_forecast": 0.16809823910395305, "best_so_far": 0.16809823910395305, "epochs_since_improve": 0, "lr": 1.0000000000000002e-06, "grad_norm_mean": 4.072130646917892, "train/total_loss": 0.5996390060419499, "train/forecast_loss": 0.5996390060419499, "train/line_loss": 0.30674364039932034, "train/band_loss": 0.2703179953018698, "train/cross_loss": 0.022577370208612568, "train/direction_loss": 0.0, "train/grad_norm_mean": 4.072130646917892, "val/total_loss": 0.16809823910395305, "val/forecast_loss": 0.16809823910395305, "val/line_loss": 0.016741233764009343, "val/band_loss": 0.1513570057573142, "val/cross_loss": 0.0, "val/direction_loss": 0.0, "val/grad_norm_mean": 0.0, "val/coverage": 1.0, "val/avg_band_width": 1.5151708126068115, "val/mae": 0.15132902562618256, "val/smape": 1.7489045858383179, "val/direction_accuracy": 0.44010689854621887, "val/mean_signed_error": -0.14564888179302216, "val/overprediction_rate": 0.06222841888666153, "val/mean_overprediction": 0.045639581978321075, "val/spearman_ic": -0.0016729865191686694, "val/top_k_long_spread": -0.00019521431002047157, "val/top_k_short_spread": 0.0025123035908993347, "val/long_short_spread": -0.0027075179009198066, "val/fee_adjusted_return": -0.9491367035502726, "val/fee_adjusted_sharpe": -0.08699547852551796, "val/fee_adjusted_turnover": 1.1561374795417347}
val_total=0.168098 val_forecast=0.168098 best_so_far=0.168098 epochs_since_improve=0 lr=0.00000100 grad_norm_mean=4.072131
[EXIT-MARKER {"step": "result_ready", "run_id": "patchtst-1D-8e66f164d9ba"}]
[EXIT-MARKER {"step": "before_result_json", "run_id": "patchtst-1D-8e66f164d9ba"}]
{
  "run_id": "patchtst-1D-8e66f164d9ba",
  "checkpoint_path": "ai\\artifacts\\checkpoints\\patchtst_1D_patchtst-1D-8e66f164d9ba.pt",
  "feature_mean": [
    0.0006518141599372029,
    1.1358296871185303,
    1.160415768623352,
    1.1106153726577759,
    0.12798477709293365,
    0.0013821414904668927,
    0.006708979606628418,
    0.02084650844335556,
    0.5433729290962219,
    0.0032475816551595926,
    0.571119487285614,
    2.0298306941986084,
    0.6553357839584351,
    18.70774269104004,
    0.03554993495345116,
    23.552764892578125,
    60.518226623535156,
    0.39279624819755554,
    0.43699657917022705,
    0.1702071577310562,
    0.0,
    0.0,
    0.0,
    0.0,
    0.0,
    0.0,
    1.0,
    0.9200809597969055,
    0.0,
    0.006640826351940632,
    -0.017628422006964684,
    -0.009597876109182835,
    -0.00984961912035942,
    0.22684401273727417,
    0.07495170086622238,
    0.046611763536930084
  ],
  "feature_std": [
    0.020607078447937965,
    3.6720969676971436,
    3.7160098552703857,
    3.6263766288757324,
    6.200343608856201,
    0.021950576454401016,
    0.047602783888578415,
    0.08202359825372696,
    0.16817444562911987,
    0.022236380726099014,
    0.3222031593322754,
    0.7533491253852844,
    0.4748506247997284,
    8.136603355407715,
    0.37022924423217773,
    38.032257080078125,
    25.08736228942871,
    0.48837214708328247,
    0.49601468443870544,
    0.37581467628479004,
    0.0010000000474974513,
    0.0010000000474974513,
    0.0010000000474974513,
    0.0010000000474974513,
    0.0010000000474974513,
    0.0010000000474974513,
    0.0010000000474974513,
    0.2711678147315979,
    0.0010000000474974513,
    0.7124485969543457,
    0.7014714479446411,
    0.7079928517341614,
    0.7060856223106384,
    0.41879087686538696,
    0.2633133828639984,
    0.21080584824085236
  ],
  "best_metrics": {
    "total_loss": 0.16809823910395305,
    "forecast_loss": 0.16809823910395305,
    "line_loss": 0.016741233764009343,
    "band_loss": 0.1513570057573142,
    "cross_loss": 0.0,
    "direction_loss": 0.0,
    "grad_norm_mean": 0.0,
    "coverage": 1.0,
    "avg_band_width": 1.5151708126068115,
    "mae": 0.15132902562618256,
    "smape": 1.7489045858383179,
    "direction_accuracy": 0.44010689854621887,
    "mean_signed_error": -0.14564888179302216,
    "overprediction_rate": 0.06222841888666153,
    "mean_overprediction": 0.045639581978321075,
    "spearman_ic": -0.0016729865191686694,
    "top_k_long_spread": -0.00019521431002047157,
    "top_k_short_spread": 0.0025123035908993347,
    "long_short_spread": -0.0027075179009198066,
    "fee_adjusted_return": -0.9491367035502726,
    "fee_adjusted_sharpe": -0.08699547852551796,
    "fee_adjusted_turnover": 1.1561374795417347,
    "best_epoch": 1,
    "best_val_total": 0.16809823910395305,
    "best_val_forecast_loss": 0.16809823910395305,
    "best_val_total_including_direction": 0.16809823910395305,
    "early_stopped": false,
    "grad_norm_history": [
      4.072130646917892
    ],
    "best_grad_norm_mean": 0.0
  },
  "test_metrics": {
    "total_loss": 0.18175487882561153,
    "forecast_loss": 0.18175487882561153,
    "direction_loss": 0.0,
    "line_loss": 0.020165856546480898,
    "band_loss": 0.16158902170481504,
    "cross_loss": 0.0,
    "coverage": 1.0,
    "avg_band_width": 1.6155842542648315,
    "direction_accuracy": 0.4894868731498718,
    "mae": 0.16366177797317505,
    "smape": 1.7172056436538696,
    "mean_signed_error": -0.15734288096427917,
    "overprediction_rate": 0.06910128891468048,
    "mean_overprediction": 0.0457218773663044,
    "spearman_ic": 0.004704878610085433,
    "top_k_long_spread": 0.0024041411403039194,
    "top_k_short_spread": 0.0015286706116022506,
    "long_short_spread": 0.000875470528701669,
    "fee_adjusted_return": -0.38942275942326077,
    "fee_adjusted_sharpe": -0.012581262989045867,
    "fee_adjusted_turnover": 1.3715762273901808
  },
  "dataset_plan": {
    "timeframe": "1D",
    "seq_len": 252,
    "horizon": 5,
    "h_max": 20,
    "min_fold_samples": 50,
    "input_ticker_count": 50,
    "eligible_ticker_count": 48,
    "excluded_ticker_count": 2,
    "eligible_tickers": [
      "A",
      "AAPL",
      "ABBV",
      "ABNB",
      "ABT",
      "ACGL",
      "ACN",
      "ADBE",
      "ADI",
      "ADM",
      "ADP",
      "ADSK",
      "AEE",
      "AEP",
      "AES",
      "AFL",
      "AIG",
      "AIZ",
      "AJG",
      "AKAM",
      "ALB",
      "ALGN",
      "ALL",
      "ALLE",
      "AMAT",
      "AMCR",
      "AMD",
      "AME",
      "AMGN",
      "AMT",
      "AMZN",
      "ANET",
      "AON",
      "AOS",
      "APD",
      "APH",
      "APO",
      "APP",
      "APTV",
      "ARE",
      "ARES",
      "ATO",
      "AVB",
      "AVGO",
      "AVY",
      "AWK",
      "AXON",
      "AXP"
    ],
    "excluded_reasons": {
      "AMP": "Gate fundamentals",
      "APA": "Gate fundamentals"
    },
    "num_tickers": 48,
    "ticker_registry_path": "ai\\cache\\ticker_id_map_1d.json",
    "train_samples": 80430,
    "val_samples": 17214,
    "test_samples": 17169
  }
}
[EXIT-MARKER {"step": "after_result_json", "run_id": "patchtst-1D-8e66f164d9ba"}]
[EXIT-MARKER {"step": "after_stdio_flush", "run_id": "patchtst-1D-8e66f164d9ba"}]
