úÅ§â çÞ¿ìâä§¤: cuda
GPU: NVIDIA GeForce RTX 5060 Ti
amp_dtype=bf16 detect_anomaly=False
{"epoch": 1, "epoch_seconds": 85.8728, "val_total": 0.24643224368200584, "val_forecast": 0.24643224368200584, "best_so_far": 0.24643224368200584, "epochs_since_improve": 0, "lr": 1.0000000000000002e-06, "grad_norm_mean": 3.696392293960329, "train/total_loss": 0.7465727021769871, "train/forecast_loss": 0.7465727021769871, "train/line_loss": 0.3897493592330388, "train/band_loss": 0.3276879064620487, "train/cross_loss": 0.02913543377219448, "train/direction_loss": 0.0, "train/grad_norm_mean": 3.696392293960329, "val/total_loss": 0.24643224368200584, "val/forecast_loss": 0.24643224368200584, "val/line_loss": 0.04198822001104846, "val/band_loss": 0.2044440238353084, "val/cross_loss": 0.0, "val/direction_loss": 0.0, "val/grad_norm_mean": 0.0, "val/coverage": 0.9973858594894409, "val/avg_band_width": 2.0487594604492188, "val/mae": 0.22963805496692657, "val/smape": 1.787866473197937, "val/direction_accuracy": 0.45317766070365906, "val/mean_signed_error": -0.21147331595420837, "val/overprediction_rate": 0.11008481681346893, "val/mean_overprediction": 0.0825033187866211, "val/spearman_ic": 0.005496747898872678, "val/top_k_long_spread": 0.0024791180378367873, "val/top_k_short_spread": 0.002971163510849643, "val/long_short_spread": -0.0004920454730128556, "val/fee_adjusted_return": -0.9342192368338302, "val/fee_adjusted_sharpe": -0.04301408646977691, "val/fee_adjusted_turnover": 2.1021276595744682}
val_total=0.246432 val_forecast=0.246432 best_so_far=0.246432 epochs_since_improve=0 lr=0.00000100 grad_norm_mean=3.696392
[EXIT-MARKER {"step": "result_ready", "run_id": "patchtst-1D-5b2dd6d64cac"}]
[EXIT-MARKER {"step": "before_result_json", "run_id": "patchtst-1D-5b2dd6d64cac"}]
{
  "run_id": "patchtst-1D-5b2dd6d64cac",
  "checkpoint_path": "ai\\artifacts\\checkpoints\\patchtst_1D_patchtst-1D-5b2dd6d64cac.pt",
  "feature_mean": [
    0.0006518141599372029,
    1.1358296871185303,
    1.160415768623352,
    1.1106153726577759,
    0.12798477709293365,
    0.0013821414904668927,
    0.006708979606628418,
    0.02084650844335556,
    0.5433729290962219,
    0.0032475816551595926,
    0.571119487285614,
    2.0298306941986084,
    0.6553357839584351,
    18.70774269104004,
    0.03554993495345116,
    23.552764892578125,
    60.518226623535156,
    0.39279624819755554,
    0.43699657917022705,
    0.1702071577310562,
    0.0,
    0.0,
    0.0,
    0.0,
    0.0,
    0.0,
    1.0,
    0.9200809597969055,
    0.0,
    0.006640826351940632,
    -0.017628422006964684,
    -0.009597876109182835,
    -0.00984961912035942,
    0.22684401273727417,
    0.07495170086622238,
    0.046611763536930084
  ],
  "feature_std": [
    0.020607078447937965,
    3.6720969676971436,
    3.7160098552703857,
    3.6263766288757324,
    6.200343608856201,
    0.021950576454401016,
    0.047602783888578415,
    0.08202359825372696,
    0.16817444562911987,
    0.022236380726099014,
    0.3222031593322754,
    0.7533491253852844,
    0.4748506247997284,
    8.136603355407715,
    0.37022924423217773,
    38.032257080078125,
    25.08736228942871,
    0.48837214708328247,
    0.49601468443870544,
    0.37581467628479004,
    0.0010000000474974513,
    0.0010000000474974513,
    0.0010000000474974513,
    0.0010000000474974513,
    0.0010000000474974513,
    0.0010000000474974513,
    0.0010000000474974513,
    0.2711678147315979,
    0.0010000000474974513,
    0.7124485969543457,
    0.7014714479446411,
    0.7079928517341614,
    0.7060856223106384,
    0.41879087686538696,
    0.2633133828639984,
    0.21080584824085236
  ],
  "best_metrics": {
    "total_loss": 0.24643224368200584,
    "forecast_loss": 0.24643224368200584,
    "line_loss": 0.04198822001104846,
    "band_loss": 0.2044440238353084,
    "cross_loss": 0.0,
    "direction_loss": 0.0,
    "grad_norm_mean": 0.0,
    "coverage": 0.9973858594894409,
    "avg_band_width": 2.0487594604492188,
    "mae": 0.22963805496692657,
    "smape": 1.787866473197937,
    "direction_accuracy": 0.45317766070365906,
    "mean_signed_error": -0.21147331595420837,
    "overprediction_rate": 0.11008481681346893,
    "mean_overprediction": 0.0825033187866211,
    "spearman_ic": 0.005496747898872678,
    "top_k_long_spread": 0.0024791180378367873,
    "top_k_short_spread": 0.002971163510849643,
    "long_short_spread": -0.0004920454730128556,
    "fee_adjusted_return": -0.9342192368338302,
    "fee_adjusted_sharpe": -0.04301408646977691,
    "fee_adjusted_turnover": 2.1021276595744682,
    "best_epoch": 1,
    "best_val_total": 0.24643224368200584,
    "best_val_forecast_loss": 0.24643224368200584,
    "best_val_total_including_direction": 0.24643224368200584,
    "early_stopped": false,
    "grad_norm_history": [
      3.696392293960329
    ],
    "best_grad_norm_mean": 0.0
  },
  "test_metrics": {
    "total_loss": 0.27405477950678153,
    "forecast_loss": 0.27405477950678153,
    "direction_loss": 0.0,
    "line_loss": 0.05007310594459448,
    "band_loss": 0.22398167311706962,
    "cross_loss": 0.0,
    "coverage": 0.9977051615715027,
    "avg_band_width": 2.2354602813720703,
    "direction_accuracy": 0.49397170543670654,
    "mae": 0.24551749229431152,
    "smape": 1.7616556882858276,
    "mean_signed_error": -0.22389470040798187,
    "overprediction_rate": 0.12058943510055542,
    "mean_overprediction": 0.08965449780225754,
    "spearman_ic": 0.0013711149077886347,
    "top_k_long_spread": 0.0019462513788824534,
    "top_k_short_spread": 0.0019469529687803303,
    "long_short_spread": -7.015898978770518e-07,
    "fee_adjusted_return": -0.719686645808279,
    "fee_adjusted_sharpe": -0.07199554345337451,
    "fee_adjusted_turnover": 2.612919896640827
  },
  "dataset_plan": {
    "timeframe": "1D",
    "seq_len": 252,
    "horizon": 5,
    "h_max": 20,
    "min_fold_samples": 50,
    "input_ticker_count": 50,
    "eligible_ticker_count": 48,
    "excluded_ticker_count": 2,
    "eligible_tickers": [
      "A",
      "AAPL",
      "ABBV",
      "ABNB",
      "ABT",
      "ACGL",
      "ACN",
      "ADBE",
      "ADI",
      "ADM",
      "ADP",
      "ADSK",
      "AEE",
      "AEP",
      "AES",
      "AFL",
      "AIG",
      "AIZ",
      "AJG",
      "AKAM",
      "ALB",
      "ALGN",
      "ALL",
      "ALLE",
      "AMAT",
      "AMCR",
      "AMD",
      "AME",
      "AMGN",
      "AMT",
      "AMZN",
      "ANET",
      "AON",
      "AOS",
      "APD",
      "APH",
      "APO",
      "APP",
      "APTV",
      "ARE",
      "ARES",
      "ATO",
      "AVB",
      "AVGO",
      "AVY",
      "AWK",
      "AXON",
      "AXP"
    ],
    "excluded_reasons": {
      "AMP": "Gate fundamentals",
      "APA": "Gate fundamentals"
    },
    "num_tickers": 48,
    "ticker_registry_path": "ai\\cache\\ticker_id_map_1d.json",
    "train_samples": 80430,
    "val_samples": 17214,
    "test_samples": 17169
  }
}
[EXIT-MARKER {"step": "after_result_json", "run_id": "patchtst-1D-5b2dd6d64cac"}]
[EXIT-MARKER {"step": "after_stdio_flush", "run_id": "patchtst-1D-5b2dd6d64cac"}]
