úÅ§â çÞ¿ìâä§¤: cuda
GPU: NVIDIA GeForce RTX 5060 Ti
amp_dtype=bf16 detect_anomaly=False
{"epoch": 1, "epoch_seconds": 90.1058, "val_total": 1.7553660799475277, "val_forecast": 1.7553660799475277, "best_so_far": 1.7553660799475277, "epochs_since_improve": 0, "lr": 7.974943486877811e-05, "grad_norm_mean": 4.448485822147793, "train/total_loss": 2.339478836362324, "train/forecast_loss": 2.339478836362324, "train/line_loss": 1.4619379066285634, "train/band_loss": 0.8390066949148026, "train/cross_loss": 0.03853422619643584, "train/direction_loss": 0.0, "train/grad_norm_mean": 4.448485822147793, "val/total_loss": 1.7553660799475277, "val/forecast_loss": 1.7553660799475277, "val/line_loss": 1.1283216897179098, "val/band_loss": 0.6270443814642289, "val/cross_loss": 0.0, "val/direction_loss": 0.0, "val/grad_norm_mean": 0.0, "val/coverage": 0.8137214183807373, "val/avg_band_width": 4.115793704986572, "val/mae": 1.247115135192871, "val/smape": 1.5891908407211304, "val/direction_accuracy": 0.49825721979141235, "val/mean_signed_error": null, "val/overprediction_rate": null, "val/mean_overprediction": null, "val/spearman_ic": 0.04611330961368902, "val/top_k_long_spread": 0.004919514023604934, "val/top_k_short_spread": 0.0007111676684145377, "val/long_short_spread": 0.004208346355190396, "val/fee_adjusted_return": 1.1042744625589913, "val/fee_adjusted_sharpe": 0.04966867539011667, "val/fee_adjusted_turnover": 1.486088379705401}
val_total=1.755366 val_forecast=1.755366 best_so_far=1.755366 epochs_since_improve=0 lr=0.00007975 grad_norm_mean=4.448486
{"epoch": 2, "epoch_seconds": 88.8909, "val_total": 1.7366765667410458, "val_forecast": 1.7366765667410458, "best_so_far": 1.7366765667410458, "epochs_since_improve": 0, "lr": 2.8035194096149304e-05, "grad_norm_mean": 2.6711317175910585, "train/total_loss": 2.040521220176939, "train/forecast_loss": 2.040521220176939, "train/line_loss": 1.3153248544723268, "train/band_loss": 0.7251879020342751, "train/cross_loss": 8.470841139713894e-06, "train/direction_loss": 0.0, "train/grad_norm_mean": 2.6711317175910585, "val/total_loss": 1.7366765667410458, "val/forecast_loss": 1.7366765667410458, "val/line_loss": 1.1163741008323782, "val/band_loss": 0.6203024606494343, "val/cross_loss": 0.0, "val/direction_loss": 0.0, "val/grad_norm_mean": 0.0, "val/coverage": 0.8105379343032837, "val/avg_band_width": 4.058263778686523, "val/mae": 1.255522608757019, "val/smape": 1.557089924812317, "val/direction_accuracy": 0.43801558017730713, "val/mean_signed_error": null, "val/overprediction_rate": null, "val/mean_overprediction": null, "val/spearman_ic": -0.00971141708706782, "val/top_k_long_spread": 0.0005135534928235913, "val/top_k_short_spread": 0.0030000008466764417, "val/long_short_spread": -0.0024864473538528504, "val/fee_adjusted_return": -0.9593465108678202, "val/fee_adjusted_sharpe": -0.06693080737799469, "val/fee_adjusted_turnover": 1.1810147299509}
val_total=1.736677 val_forecast=1.736677 best_so_far=1.736677 epochs_since_improve=0 lr=0.00002804 grad_norm_mean=2.671132
{"epoch": 3, "epoch_seconds": 88.8498, "val_total": 1.7337890302433687, "val_forecast": 1.7337890302433687, "best_so_far": 1.7337890302433687, "epochs_since_improve": 0, "lr": 1.0000000000000002e-06, "grad_norm_mean": 2.235690770451985, "train/total_loss": 2.010150783402579, "train/forecast_loss": 2.010150783402579, "train/line_loss": 1.2908205142096867, "train/band_loss": 0.7193254304310632, "train/cross_loss": 4.841669960158123e-06, "train/direction_loss": 0.0, "train/grad_norm_mean": 2.235690770451985, "val/total_loss": 1.7337890302433687, "val/forecast_loss": 1.7337890302433687, "val/line_loss": 1.1146586291930254, "val/band_loss": 0.6191303962293793, "val/cross_loss": 0.0, "val/direction_loss": 0.0, "val/grad_norm_mean": 0.0, "val/coverage": 0.80869060754776, "val/avg_band_width": 4.032926559448242, "val/mae": 1.242703914642334, "val/smape": 1.5779951810836792, "val/direction_accuracy": 0.4385964870452881, "val/mean_signed_error": null, "val/overprediction_rate": null, "val/mean_overprediction": null, "val/spearman_ic": -0.005644391881496244, "val/top_k_long_spread": 0.001781355433457113, "val/top_k_short_spread": 0.0025270699703728297, "val/long_short_spread": -0.0007457145369157165, "val/fee_adjusted_return": -0.8762943655128388, "val/fee_adjusted_sharpe": -0.03595950815387068, "val/fee_adjusted_turnover": 1.201963993453355}
val_total=1.733789 val_forecast=1.733789 best_so_far=1.733789 epochs_since_improve=0 lr=0.00000100 grad_norm_mean=2.235691
[EXIT-MARKER {"step": "result_ready", "run_id": "patchtst-1D-ed657b3c7551"}]
[EXIT-MARKER {"step": "before_result_json", "run_id": "patchtst-1D-ed657b3c7551"}]
{
  "run_id": "patchtst-1D-ed657b3c7551",
  "checkpoint_path": "ai\\artifacts\\checkpoints\\patchtst_1D_patchtst-1D-ed657b3c7551.pt",
  "feature_mean": [
    0.0006518141599372029,
    1.1358296871185303,
    1.160415768623352,
    1.1106153726577759,
    0.12798477709293365,
    0.0013821414904668927,
    0.006708979606628418,
    0.02084650844335556,
    0.5433729290962219,
    0.0032475816551595926,
    0.571119487285614,
    2.0298306941986084,
    0.6553357839584351,
    18.70774269104004,
    0.03554993495345116,
    23.552764892578125,
    60.518226623535156,
    0.39279624819755554,
    0.43699657917022705,
    0.1702071577310562,
    0.0,
    0.0,
    0.0,
    0.0,
    0.0,
    0.0,
    1.0,
    0.9200809597969055,
    0.0,
    0.006640826351940632,
    -0.017628422006964684,
    -0.009597876109182835,
    -0.00984961912035942,
    0.22684401273727417,
    0.07495170086622238,
    0.046611763536930084
  ],
  "feature_std": [
    0.020607078447937965,
    3.6720969676971436,
    3.7160098552703857,
    3.6263766288757324,
    6.200343608856201,
    0.021950576454401016,
    0.047602783888578415,
    0.08202359825372696,
    0.16817444562911987,
    0.022236380726099014,
    0.3222031593322754,
    0.7533491253852844,
    0.4748506247997284,
    8.136603355407715,
    0.37022924423217773,
    38.032257080078125,
    25.08736228942871,
    0.48837214708328247,
    0.49601468443870544,
    0.37581467628479004,
    0.0010000000474974513,
    0.0010000000474974513,
    0.0010000000474974513,
    0.0010000000474974513,
    0.0010000000474974513,
    0.0010000000474974513,
    0.0010000000474974513,
    0.2711678147315979,
    0.0010000000474974513,
    0.7124485969543457,
    0.7014714479446411,
    0.7079928517341614,
    0.7060856223106384,
    0.41879087686538696,
    0.2633133828639984,
    0.21080584824085236
  ],
  "best_metrics": {
    "total_loss": 1.7337890302433687,
    "forecast_loss": 1.7337890302433687,
    "line_loss": 1.1146586291930254,
    "band_loss": 0.6191303962293793,
    "cross_loss": 0.0,
    "direction_loss": 0.0,
    "grad_norm_mean": 0.0,
    "coverage": 0.80869060754776,
    "avg_band_width": 4.032926559448242,
    "mae": 1.242703914642334,
    "smape": 1.5779951810836792,
    "direction_accuracy": 0.4385964870452881,
    "mean_signed_error": null,
    "overprediction_rate": null,
    "mean_overprediction": null,
    "spearman_ic": -0.005644391881496244,
    "top_k_long_spread": 0.001781355433457113,
    "top_k_short_spread": 0.0025270699703728297,
    "long_short_spread": -0.0007457145369157165,
    "fee_adjusted_return": -0.8762943655128388,
    "fee_adjusted_sharpe": -0.03595950815387068,
    "fee_adjusted_turnover": 1.201963993453355,
    "best_epoch": 3,
    "best_val_total": 1.7337890302433687,
    "best_val_forecast_loss": 1.7337890302433687,
    "best_val_total_including_direction": 1.7337890302433687,
    "early_stopped": false,
    "grad_norm_history": [
      4.448485822147793,
      2.6711317175910585,
      2.235690770451985
    ],
    "best_grad_norm_mean": 0.0
  },
  "test_metrics": {
    "total_loss": 1.932199257261613,
    "forecast_loss": 1.932199257261613,
    "direction_loss": 0.0,
    "line_loss": 1.2462558036341387,
    "band_loss": 0.6859434650224798,
    "cross_loss": 0.0,
    "coverage": 0.7934998869895935,
    "avg_band_width": 4.321074962615967,
    "direction_accuracy": 0.4852350056171417,
    "mae": 1.3227921724319458,
    "smape": 1.5569868087768555,
    "mean_signed_error": null,
    "overprediction_rate": null,
    "mean_overprediction": null,
    "spearman_ic": -0.005266085186639834,
    "top_k_long_spread": 0.002468715210732823,
    "top_k_short_spread": 0.001843880460477432,
    "long_short_spread": 0.0006248347502553909,
    "fee_adjusted_return": -0.49257016935060416,
    "fee_adjusted_sharpe": -0.01835591055906377,
    "fee_adjusted_turnover": 1.4242894056847544
  },
  "dataset_plan": {
    "timeframe": "1D",
    "seq_len": 252,
    "horizon": 5,
    "h_max": 20,
    "min_fold_samples": 50,
    "input_ticker_count": 50,
    "eligible_ticker_count": 48,
    "excluded_ticker_count": 2,
    "eligible_tickers": [
      "A",
      "AAPL",
      "ABBV",
      "ABNB",
      "ABT",
      "ACGL",
      "ACN",
      "ADBE",
      "ADI",
      "ADM",
      "ADP",
      "ADSK",
      "AEE",
      "AEP",
      "AES",
      "AFL",
      "AIG",
      "AIZ",
      "AJG",
      "AKAM",
      "ALB",
      "ALGN",
      "ALL",
      "ALLE",
      "AMAT",
      "AMCR",
      "AMD",
      "AME",
      "AMGN",
      "AMT",
      "AMZN",
      "ANET",
      "AON",
      "AOS",
      "APD",
      "APH",
      "APO",
      "APP",
      "APTV",
      "ARE",
      "ARES",
      "ATO",
      "AVB",
      "AVGO",
      "AVY",
      "AWK",
      "AXON",
      "AXP"
    ],
    "excluded_reasons": {
      "AMP": "Gate fundamentals",
      "APA": "Gate fundamentals"
    },
    "num_tickers": 48,
    "ticker_registry_path": "ai\\cache\\ticker_id_map_1d.json",
    "train_samples": 80430,
    "val_samples": 17214,
    "test_samples": 17169
  }
}
[EXIT-MARKER {"step": "after_result_json", "run_id": "patchtst-1D-ed657b3c7551"}]
[EXIT-MARKER {"step": "after_stdio_flush", "run_id": "patchtst-1D-ed657b3c7551"}]
