úÅ§â çÞ¿ìâä§¤: cuda
GPU: NVIDIA GeForce RTX 5060 Ti
amp_dtype=bf16 detect_anomaly=False
{"epoch": 1, "epoch_seconds": 84.4377, "val_total": 0.1691725694519632, "val_forecast": 0.1691725694519632, "best_so_far": 0.1691725694519632, "epochs_since_improve": 0, "lr": 7.974943486877811e-05, "grad_norm_mean": 4.125208572735862, "train/total_loss": 0.7494157545150273, "train/forecast_loss": 0.7494157545150273, "train/line_loss": 0.3771719629329348, "train/band_loss": 0.3271861886694318, "train/cross_loss": 0.045057602530153146, "train/direction_loss": 0.0, "train/grad_norm_mean": 4.125208572735862, "val/total_loss": 0.1691725694519632, "val/forecast_loss": 0.1691725694519632, "val/line_loss": 0.015295234351309346, "val/band_loss": 0.15387733598404071, "val/cross_loss": 0.0, "val/direction_loss": 0.0, "val/grad_norm_mean": 0.0, "val/coverage": 1.0, "val/avg_band_width": 1.5434540510177612, "val/mae": 0.1435995101928711, "val/smape": 1.7380967140197754, "val/direction_accuracy": 0.4466713070869446, "val/mean_signed_error": -0.13685332238674164, "val/overprediction_rate": 0.07172068953514099, "val/mean_overprediction": 0.047030895948410034, "val/spearman_ic": 0.022017717817056887, "val/top_k_long_spread": 0.0014467001418498214, "val/top_k_short_spread": 0.0013633227441019289, "val/long_short_spread": 8.33773977478925e-05, "val/fee_adjusted_return": -0.7353531317358972, "val/fee_adjusted_sharpe": -0.02544978667851586, "val/fee_adjusted_turnover": 1.2307692307692308}
val_total=0.169173 val_forecast=0.169173 best_so_far=0.169173 epochs_since_improve=0 lr=0.00007975 grad_norm_mean=4.125209
{"epoch": 2, "epoch_seconds": 83.0971, "val_total": 0.10449821107527789, "val_forecast": 0.10449821107527789, "best_so_far": 0.10449821107527789, "epochs_since_improve": 0, "lr": 2.8035194096149304e-05, "grad_norm_mean": 2.1407525138249475, "train/total_loss": 0.2672660901905998, "train/forecast_loss": 0.2672660901905998, "train/line_loss": 0.10836062799133951, "train/band_loss": 0.15521751978094617, "train/cross_loss": 0.0036879417377464947, "train/direction_loss": 0.0, "train/grad_norm_mean": 2.1407525138249475, "val/total_loss": 0.10449821107527789, "val/forecast_loss": 0.10449821107527789, "val/line_loss": 0.006686121054158053, "val/band_loss": 0.09781208963078611, "val/cross_loss": 0.0, "val/direction_loss": 0.0, "val/grad_norm_mean": 0.0, "val/coverage": 1.0, "val/avg_band_width": 0.9810580015182495, "val/mae": 0.09066998958587646, "val/smape": 1.6507657766342163, "val/direction_accuracy": 0.4744974970817566, "val/mean_signed_error": -0.07931355386972427, "val/overprediction_rate": 0.13634251058101654, "val/mean_overprediction": 0.04164666309952736, "val/spearman_ic": 0.07682657652925626, "val/top_k_long_spread": 0.00465183012130345, "val/top_k_short_spread": -0.0007997680444079792, "val/long_short_spread": 0.005451598165711429, "val/fee_adjusted_return": 7.186963040192353, "val/fee_adjusted_sharpe": 0.09212250331124999, "val/fee_adjusted_turnover": 0.6631751227495908}
val_total=0.104498 val_forecast=0.104498 best_so_far=0.104498 epochs_since_improve=0 lr=0.00002804 grad_norm_mean=2.140753
{"epoch": 3, "epoch_seconds": 84.406, "val_total": 0.08966724256820538, "val_forecast": 0.08966724256820538, "best_so_far": 0.08966724256820538, "epochs_since_improve": 0, "lr": 1.0000000000000002e-06, "grad_norm_mean": 1.3557280319077627, "train/total_loss": 0.1654190001506654, "train/forecast_loss": 0.1654190001506654, "train/line_loss": 0.04803254609070127, "train/band_loss": 0.11546448138025071, "train/cross_loss": 0.0019219719634820073, "train/direction_loss": 0.0, "train/grad_norm_mean": 1.3557280319077627, "val/total_loss": 0.08966724256820538, "val/forecast_loss": 0.08966724256820538, "val/line_loss": 0.005129735282560646, "val/band_loss": 0.08453750692527084, "val/cross_loss": 0.0, "val/direction_loss": 0.0, "val/grad_norm_mean": 0.0, "val/coverage": 1.0, "val/avg_band_width": 0.847905695438385, "val/mae": 0.07752280682325363, "val/smape": 1.6206328868865967, "val/direction_accuracy": 0.4552108645439148, "val/mean_signed_error": -0.0651552677154541, "val/overprediction_rate": 0.16149646043777466, "val/mean_overprediction": 0.03829042986035347, "val/spearman_ic": 0.07595643618373998, "val/top_k_long_spread": 0.004422541725068771, "val/top_k_short_spread": -0.0007631437393295375, "val/long_short_spread": 0.005185685464398308, "val/fee_adjusted_return": 6.354305745174742, "val/fee_adjusted_sharpe": 0.08900159567521357, "val/fee_adjusted_turnover": 0.5898527004909984}
val_total=0.089667 val_forecast=0.089667 best_so_far=0.089667 epochs_since_improve=0 lr=0.00000100 grad_norm_mean=1.355728
[EXIT-MARKER {"step": "result_ready", "run_id": "patchtst-1D-0670cdd0f006"}]
[EXIT-MARKER {"step": "before_result_json", "run_id": "patchtst-1D-0670cdd0f006"}]
{
  "run_id": "patchtst-1D-0670cdd0f006",
  "checkpoint_path": "ai\\artifacts\\checkpoints\\patchtst_1D_patchtst-1D-0670cdd0f006.pt",
  "feature_mean": [
    0.0006518141599372029,
    1.1358296871185303,
    1.160415768623352,
    1.1106153726577759,
    0.12798477709293365,
    0.0013821414904668927,
    0.006708979606628418,
    0.02084650844335556,
    0.5433729290962219,
    0.0032475816551595926,
    0.571119487285614,
    2.0298306941986084,
    0.6553357839584351,
    18.70774269104004,
    0.03554993495345116,
    23.552764892578125,
    60.518226623535156,
    0.39279624819755554,
    0.43699657917022705,
    0.1702071577310562,
    0.0,
    0.0,
    0.0,
    0.0,
    0.0,
    0.0,
    1.0,
    0.9200809597969055,
    0.0,
    0.006640826351940632,
    -0.017628422006964684,
    -0.009597876109182835,
    -0.00984961912035942,
    0.22684401273727417,
    0.07495170086622238,
    0.046611763536930084
  ],
  "feature_std": [
    0.020607078447937965,
    3.6720969676971436,
    3.7160098552703857,
    3.6263766288757324,
    6.200343608856201,
    0.021950576454401016,
    0.047602783888578415,
    0.08202359825372696,
    0.16817444562911987,
    0.022236380726099014,
    0.3222031593322754,
    0.7533491253852844,
    0.4748506247997284,
    8.136603355407715,
    0.37022924423217773,
    38.032257080078125,
    25.08736228942871,
    0.48837214708328247,
    0.49601468443870544,
    0.37581467628479004,
    0.0010000000474974513,
    0.0010000000474974513,
    0.0010000000474974513,
    0.0010000000474974513,
    0.0010000000474974513,
    0.0010000000474974513,
    0.0010000000474974513,
    0.2711678147315979,
    0.0010000000474974513,
    0.7124485969543457,
    0.7014714479446411,
    0.7079928517341614,
    0.7060856223106384,
    0.41879087686538696,
    0.2633133828639984,
    0.21080584824085236
  ],
  "best_metrics": {
    "total_loss": 0.08966724256820538,
    "forecast_loss": 0.08966724256820538,
    "line_loss": 0.005129735282560646,
    "band_loss": 0.08453750692527084,
    "cross_loss": 0.0,
    "direction_loss": 0.0,
    "grad_norm_mean": 0.0,
    "coverage": 1.0,
    "avg_band_width": 0.847905695438385,
    "mae": 0.07752280682325363,
    "smape": 1.6206328868865967,
    "direction_accuracy": 0.4552108645439148,
    "mean_signed_error": -0.0651552677154541,
    "overprediction_rate": 0.16149646043777466,
    "mean_overprediction": 0.03829042986035347,
    "spearman_ic": 0.07595643618373998,
    "top_k_long_spread": 0.004422541725068771,
    "top_k_short_spread": -0.0007631437393295375,
    "long_short_spread": 0.005185685464398308,
    "fee_adjusted_return": 6.354305745174742,
    "fee_adjusted_sharpe": 0.08900159567521357,
    "fee_adjusted_turnover": 0.5898527004909984,
    "best_epoch": 3,
    "best_val_total": 0.08966724256820538,
    "best_val_forecast_loss": 0.08966724256820538,
    "best_val_total_including_direction": 0.08966724256820538,
    "early_stopped": false,
    "grad_norm_history": [
      4.125208572735862,
      2.1407525138249475,
      1.3557280319077627
    ],
    "best_grad_norm_mean": 0.0
  },
  "test_metrics": {
    "total_loss": 0.09693413770154995,
    "forecast_loss": 0.09693413770154995,
    "direction_loss": 0.0,
    "line_loss": 0.0063519285416559264,
    "band_loss": 0.09058220974881859,
    "cross_loss": 0.0,
    "coverage": 0.9999883770942688,
    "avg_band_width": 0.9053674340248108,
    "direction_accuracy": 0.4912342131137848,
    "mae": 0.08622333407402039,
    "smape": 1.5944722890853882,
    "mean_signed_error": -0.07376693934202194,
    "overprediction_rate": 0.16530956327915192,
    "mean_overprediction": 0.03767597675323486,
    "spearman_ic": 0.01192232214852592,
    "top_k_long_spread": 0.0013623797427635392,
    "top_k_short_spread": 0.001327500642042834,
    "long_short_spread": 3.487910072070511e-05,
    "fee_adjusted_return": -0.42059326087037885,
    "fee_adjusted_sharpe": -0.018108094743128144,
    "fee_adjusted_turnover": 0.7204134366925065
  },
  "dataset_plan": {
    "timeframe": "1D",
    "seq_len": 252,
    "horizon": 5,
    "h_max": 20,
    "min_fold_samples": 50,
    "input_ticker_count": 50,
    "eligible_ticker_count": 48,
    "excluded_ticker_count": 2,
    "eligible_tickers": [
      "A",
      "AAPL",
      "ABBV",
      "ABNB",
      "ABT",
      "ACGL",
      "ACN",
      "ADBE",
      "ADI",
      "ADM",
      "ADP",
      "ADSK",
      "AEE",
      "AEP",
      "AES",
      "AFL",
      "AIG",
      "AIZ",
      "AJG",
      "AKAM",
      "ALB",
      "ALGN",
      "ALL",
      "ALLE",
      "AMAT",
      "AMCR",
      "AMD",
      "AME",
      "AMGN",
      "AMT",
      "AMZN",
      "ANET",
      "AON",
      "AOS",
      "APD",
      "APH",
      "APO",
      "APP",
      "APTV",
      "ARE",
      "ARES",
      "ATO",
      "AVB",
      "AVGO",
      "AVY",
      "AWK",
      "AXON",
      "AXP"
    ],
    "excluded_reasons": {
      "AMP": "Gate fundamentals",
      "APA": "Gate fundamentals"
    },
    "num_tickers": 48,
    "ticker_registry_path": "ai\\cache\\ticker_id_map_1d.json",
    "train_samples": 80430,
    "val_samples": 17214,
    "test_samples": 17169
  }
}
[EXIT-MARKER {"step": "after_result_json", "run_id": "patchtst-1D-0670cdd0f006"}]
[EXIT-MARKER {"step": "after_stdio_flush", "run_id": "patchtst-1D-0670cdd0f006"}]
