학습 디바이스: cuda
GPU: NVIDIA GeForce RTX 5060 Ti
amp_dtype=bf16 detect_anomaly=False
기존 캐시 형식이 변경되어 feature_index_1D 캐시를 새로 생성합니다.
기존 캐시 형식이 변경되어 features_1D 캐시를 새로 생성합니다.
{"epoch": 1, "epoch_seconds": 100.796, "val_total": 1.7252170299508758, "val_forecast": 1.7252170299508758, "best_so_far": 1.7252170299508758, "epochs_since_improve": 0, "lr": 1.0000000000000002e-06, "grad_norm_mean": 5.557447181965685, "train/total_loss": 2.1596332477404188, "train/forecast_loss": 2.1596332477404188, "train/line_loss": 1.380573936085333, "train/band_loss": 0.7671664265668288, "train/cross_loss": 0.011892882910464078, "train/direction_loss": 0.0, "train/grad_norm_mean": 5.557447181965685, "val/total_loss": 1.7252170299508758, "val/forecast_loss": 1.7252170299508758, "val/line_loss": 1.1069168086167163, "val/band_loss": 0.6183002151299587, "val/cross_loss": 0.0, "val/direction_loss": 0.0, "val/grad_norm_mean": 0.0, "val/coverage": 0.8123155832290649, "val/avg_band_width": 4.09360408782959, "val/mae": 1.2435038089752197, "val/smape": 1.5773037672042847, "val/direction_accuracy": 0.43807366490364075, "val/mean_signed_error": null, "val/overprediction_rate": null, "val/mean_overprediction": null, "val/spearman_ic": -0.0019158987451386711, "val/top_k_long_spread": 0.0013999789673863618, "val/top_k_short_spread": 0.003740532131399388, "val/long_short_spread": -0.002340553164013026, "val/fee_adjusted_return": -0.959845656861295, "val/fee_adjusted_sharpe": -0.06236244696591861, "val/fee_adjusted_turnover": 1.220949263502455}
val_total=1.725217 val_forecast=1.725217 best_so_far=1.725217 epochs_since_improve=0 lr=0.00000100 grad_norm_mean=5.557447
[EXIT-MARKER {"step": "result_ready", "run_id": "patchtst-1D-506305996a9f"}]
[EXIT-MARKER {"step": "before_result_json", "run_id": "patchtst-1D-506305996a9f"}]
{
  "run_id": "patchtst-1D-506305996a9f",
  "checkpoint_path": "ai\\artifacts\\checkpoints\\patchtst_1D_patchtst-1D-506305996a9f.pt",
  "feature_mean": [
    0.0006518141599372029,
    1.1358296871185303,
    1.160415768623352,
    1.1106153726577759,
    0.12798477709293365,
    0.0013821414904668927,
    0.006708979606628418,
    0.02084650844335556,
    0.5433729290962219,
    0.0032475816551595926,
    0.571119487285614,
    2.0298306941986084,
    0.6553357839584351,
    18.70774269104004,
    0.03554993495345116,
    23.552764892578125,
    60.518226623535156,
    0.39279624819755554,
    0.43699657917022705,
    0.1702071577310562,
    0.0,
    0.0,
    0.0,
    0.0,
    0.0,
    0.0,
    1.0,
    0.9200809597969055,
    0.0,
    0.006640826351940632,
    -0.017628422006964684,
    -0.009597876109182835,
    -0.00984961912035942,
    0.22684401273727417,
    0.07495170086622238,
    0.046611763536930084
  ],
  "feature_std": [
    0.020607078447937965,
    3.6720969676971436,
    3.7160098552703857,
    3.6263766288757324,
    6.200343608856201,
    0.021950576454401016,
    0.047602783888578415,
    0.08202359825372696,
    0.16817444562911987,
    0.022236380726099014,
    0.3222031593322754,
    0.7533491253852844,
    0.4748506247997284,
    8.136603355407715,
    0.37022924423217773,
    38.032257080078125,
    25.08736228942871,
    0.48837214708328247,
    0.49601468443870544,
    0.37581467628479004,
    0.0010000000474974513,
    0.0010000000474974513,
    0.0010000000474974513,
    0.0010000000474974513,
    0.0010000000474974513,
    0.0010000000474974513,
    0.0010000000474974513,
    0.2711678147315979,
    0.0010000000474974513,
    0.7124485969543457,
    0.7014714479446411,
    0.7079928517341614,
    0.7060856223106384,
    0.41879087686538696,
    0.2633133828639984,
    0.21080584824085236
  ],
  "best_metrics": {
    "total_loss": 1.7252170299508758,
    "forecast_loss": 1.7252170299508758,
    "line_loss": 1.1069168086167163,
    "band_loss": 0.6183002151299587,
    "cross_loss": 0.0,
    "direction_loss": 0.0,
    "grad_norm_mean": 0.0,
    "coverage": 0.8123155832290649,
    "avg_band_width": 4.09360408782959,
    "mae": 1.2435038089752197,
    "smape": 1.5773037672042847,
    "direction_accuracy": 0.43807366490364075,
    "mean_signed_error": null,
    "overprediction_rate": null,
    "mean_overprediction": null,
    "spearman_ic": -0.0019158987451386711,
    "top_k_long_spread": 0.0013999789673863618,
    "top_k_short_spread": 0.003740532131399388,
    "long_short_spread": -0.002340553164013026,
    "fee_adjusted_return": -0.959845656861295,
    "fee_adjusted_sharpe": -0.06236244696591861,
    "fee_adjusted_turnover": 1.220949263502455,
    "best_epoch": 1,
    "best_val_total": 1.7252170299508758,
    "best_val_forecast_loss": 1.7252170299508758,
    "best_val_total_including_direction": 1.7252170299508758,
    "early_stopped": false,
    "grad_norm_history": [
      5.557447181965685
    ],
    "best_grad_norm_mean": 0.0
  },
  "test_metrics": {
    "total_loss": 1.9467335700102455,
    "forecast_loss": 1.9467335700102455,
    "direction_loss": 0.0,
    "line_loss": 1.2555700951570914,
    "band_loss": 0.6911634724157893,
    "cross_loss": 0.0,
    "coverage": 0.7966917157173157,
    "avg_band_width": 4.384048938751221,
    "direction_accuracy": 0.4852350056171417,
    "mae": 1.3226642608642578,
    "smape": 1.5554225444793701,
    "mean_signed_error": null,
    "overprediction_rate": null,
    "mean_overprediction": null,
    "spearman_ic": -0.010117262439465867,
    "top_k_long_spread": 0.0027275805213807765,
    "top_k_short_spread": 0.002108265943091633,
    "long_short_spread": 0.0006193145782891437,
    "fee_adjusted_return": -0.5212821361466657,
    "fee_adjusted_sharpe": -0.01968552467237829,
    "fee_adjusted_turnover": 1.5059431524547802
  },
  "dataset_plan": {
    "timeframe": "1D",
    "seq_len": 252,
    "horizon": 5,
    "h_max": 20,
    "min_fold_samples": 50,
    "input_ticker_count": 50,
    "eligible_ticker_count": 48,
    "excluded_ticker_count": 2,
    "eligible_tickers": [
      "A",
      "AAPL",
      "ABBV",
      "ABNB",
      "ABT",
      "ACGL",
      "ACN",
      "ADBE",
      "ADI",
      "ADM",
      "ADP",
      "ADSK",
      "AEE",
      "AEP",
      "AES",
      "AFL",
      "AIG",
      "AIZ",
      "AJG",
      "AKAM",
      "ALB",
      "ALGN",
      "ALL",
      "ALLE",
      "AMAT",
      "AMCR",
      "AMD",
      "AME",
      "AMGN",
      "AMT",
      "AMZN",
      "ANET",
      "AON",
      "AOS",
      "APD",
      "APH",
      "APO",
      "APP",
      "APTV",
      "ARE",
      "ARES",
      "ATO",
      "AVB",
      "AVGO",
      "AVY",
      "AWK",
      "AXON",
      "AXP"
    ],
    "excluded_reasons": {
      "AMP": "Gate fundamentals",
      "APA": "Gate fundamentals"
    },
    "num_tickers": 48,
    "ticker_registry_path": "ai\\cache\\ticker_id_map_1d.json",
    "train_samples": 80430,
    "val_samples": 17214,
    "test_samples": 17169
  }
}
[EXIT-MARKER {"step": "after_result_json", "run_id": "patchtst-1D-506305996a9f"}]
[EXIT-MARKER {"step": "after_stdio_flush", "run_id": "patchtst-1D-506305996a9f"}]
