úÅ§â çÞ¿ìâä§¤: cuda
GPU: NVIDIA GeForce RTX 5060 Ti
amp_dtype=bf16 detect_anomaly=False
{"epoch": 1, "epoch_seconds": 94.516, "val_total": 0.11321013578694993, "val_forecast": 0.11321013578694993, "best_so_far": 0.11321013578694993, "epochs_since_improve": 0, "lr": 1.0000000000000002e-06, "grad_norm_mean": 4.550822901839573, "train/total_loss": 0.4509544619962917, "train/forecast_loss": 0.4509544619962917, "train/line_loss": 0.21551015308940324, "train/band_loss": 0.21879306449810473, "train/cross_loss": 0.01665124234773701, "train/direction_loss": 0.0, "train/grad_norm_mean": 4.550822901839573, "val/total_loss": 0.11321013578694993, "val/forecast_loss": 0.11321013578694993, "val/line_loss": 0.007989572790636574, "val/band_loss": 0.10522056319733535, "val/cross_loss": 0.0, "val/direction_loss": 0.0, "val/grad_norm_mean": 0.0, "val/coverage": 1.0, "val/avg_band_width": 1.0522390604019165, "val/mae": 0.10062393546104431, "val/smape": 1.6747803688049316, "val/direction_accuracy": 0.4424305856227875, "val/mean_signed_error": -0.09247785806655884, "val/overprediction_rate": 0.10506564378738403, "val/mean_overprediction": 0.03876662999391556, "val/spearman_ic": 0.04999827184274423, "val/top_k_long_spread": 0.0033244793932365635, "val/top_k_short_spread": 0.0011348683105791393, "val/long_short_spread": 0.0021896110826574245, "val/fee_adjusted_return": 0.16219762162636453, "val/fee_adjusted_sharpe": 0.029612743640543556, "val/fee_adjusted_turnover": 0.732569558101473}
val_total=0.113210 val_forecast=0.113210 best_so_far=0.113210 epochs_since_improve=0 lr=0.00000100 grad_norm_mean=4.550823
[EXIT-MARKER {"step": "result_ready", "run_id": "patchtst-1D-4e2f3167e32a"}]
[EXIT-MARKER {"step": "before_result_json", "run_id": "patchtst-1D-4e2f3167e32a"}]
{
  "run_id": "patchtst-1D-4e2f3167e32a",
  "checkpoint_path": "ai\\artifacts\\checkpoints\\patchtst_1D_patchtst-1D-4e2f3167e32a.pt",
  "feature_mean": [
    0.0006518141599372029,
    1.1358296871185303,
    1.160415768623352,
    1.1106153726577759,
    0.12798477709293365,
    0.0013821414904668927,
    0.006708979606628418,
    0.02084650844335556,
    0.5433729290962219,
    0.0032475816551595926,
    0.571119487285614,
    2.0298306941986084,
    0.6553357839584351,
    18.70774269104004,
    0.03554993495345116,
    23.552764892578125,
    60.518226623535156,
    0.39279624819755554,
    0.43699657917022705,
    0.1702071577310562,
    0.0,
    0.0,
    0.0,
    0.0,
    0.0,
    0.0,
    1.0,
    0.9200809597969055,
    0.0,
    0.006640826351940632,
    -0.017628422006964684,
    -0.009597876109182835,
    -0.00984961912035942,
    0.22684401273727417,
    0.07495170086622238,
    0.046611763536930084
  ],
  "feature_std": [
    0.020607078447937965,
    3.6720969676971436,
    3.7160098552703857,
    3.6263766288757324,
    6.200343608856201,
    0.021950576454401016,
    0.047602783888578415,
    0.08202359825372696,
    0.16817444562911987,
    0.022236380726099014,
    0.3222031593322754,
    0.7533491253852844,
    0.4748506247997284,
    8.136603355407715,
    0.37022924423217773,
    38.032257080078125,
    25.08736228942871,
    0.48837214708328247,
    0.49601468443870544,
    0.37581467628479004,
    0.0010000000474974513,
    0.0010000000474974513,
    0.0010000000474974513,
    0.0010000000474974513,
    0.0010000000474974513,
    0.0010000000474974513,
    0.0010000000474974513,
    0.2711678147315979,
    0.0010000000474974513,
    0.7124485969543457,
    0.7014714479446411,
    0.7079928517341614,
    0.7060856223106384,
    0.41879087686538696,
    0.2633133828639984,
    0.21080584824085236
  ],
  "best_metrics": {
    "total_loss": 0.11321013578694993,
    "forecast_loss": 0.11321013578694993,
    "line_loss": 0.007989572790636574,
    "band_loss": 0.10522056319733535,
    "cross_loss": 0.0,
    "direction_loss": 0.0,
    "grad_norm_mean": 0.0,
    "coverage": 1.0,
    "avg_band_width": 1.0522390604019165,
    "mae": 0.10062393546104431,
    "smape": 1.6747803688049316,
    "direction_accuracy": 0.4424305856227875,
    "mean_signed_error": -0.09247785806655884,
    "overprediction_rate": 0.10506564378738403,
    "mean_overprediction": 0.03876662999391556,
    "spearman_ic": 0.04999827184274423,
    "top_k_long_spread": 0.0033244793932365635,
    "top_k_short_spread": 0.0011348683105791393,
    "long_short_spread": 0.0021896110826574245,
    "fee_adjusted_return": 0.16219762162636453,
    "fee_adjusted_sharpe": 0.029612743640543556,
    "fee_adjusted_turnover": 0.732569558101473,
    "best_epoch": 1,
    "best_val_total": 0.11321013578694993,
    "best_val_forecast_loss": 0.11321013578694993,
    "best_val_total_including_direction": 0.11321013578694993,
    "early_stopped": false,
    "grad_norm_history": [
      4.550822901839573
    ],
    "best_grad_norm_mean": 0.0
  },
  "test_metrics": {
    "total_loss": 0.1225168661086311,
    "forecast_loss": 0.1225168661086311,
    "direction_loss": 0.0,
    "line_loss": 0.010080242445553934,
    "band_loss": 0.11243662377992528,
    "cross_loss": 0.0,
    "coverage": 1.0,
    "avg_band_width": 1.1242700815200806,
    "direction_accuracy": 0.4918166399002075,
    "mae": 0.11206665635108948,
    "smape": 1.6440123319625854,
    "mean_signed_error": -0.10359940677881241,
    "overprediction_rate": 0.11107227951288223,
    "mean_overprediction": 0.03811592236161232,
    "spearman_ic": 0.0008013494961651384,
    "top_k_long_spread": 0.0023854053068261723,
    "top_k_short_spread": 0.0016923659555635052,
    "long_short_spread": 0.0006930393512626672,
    "fee_adjusted_return": -0.2760819025969158,
    "fee_adjusted_sharpe": -0.002234985042847118,
    "fee_adjusted_turnover": 0.7793281653746771
  },
  "dataset_plan": {
    "timeframe": "1D",
    "seq_len": 252,
    "horizon": 5,
    "h_max": 20,
    "min_fold_samples": 50,
    "input_ticker_count": 50,
    "eligible_ticker_count": 48,
    "excluded_ticker_count": 2,
    "eligible_tickers": [
      "A",
      "AAPL",
      "ABBV",
      "ABNB",
      "ABT",
      "ACGL",
      "ACN",
      "ADBE",
      "ADI",
      "ADM",
      "ADP",
      "ADSK",
      "AEE",
      "AEP",
      "AES",
      "AFL",
      "AIG",
      "AIZ",
      "AJG",
      "AKAM",
      "ALB",
      "ALGN",
      "ALL",
      "ALLE",
      "AMAT",
      "AMCR",
      "AMD",
      "AME",
      "AMGN",
      "AMT",
      "AMZN",
      "ANET",
      "AON",
      "AOS",
      "APD",
      "APH",
      "APO",
      "APP",
      "APTV",
      "ARE",
      "ARES",
      "ATO",
      "AVB",
      "AVGO",
      "AVY",
      "AWK",
      "AXON",
      "AXP"
    ],
    "excluded_reasons": {
      "AMP": "Gate fundamentals",
      "APA": "Gate fundamentals"
    },
    "num_tickers": 48,
    "ticker_registry_path": "ai\\cache\\ticker_id_map_1d.json",
    "train_samples": 80430,
    "val_samples": 17214,
    "test_samples": 17169
  }
}
[EXIT-MARKER {"step": "after_result_json", "run_id": "patchtst-1D-4e2f3167e32a"}]
[EXIT-MARKER {"step": "after_stdio_flush", "run_id": "patchtst-1D-4e2f3167e32a"}]
