з蝗 蛤夥檜蝶: cuda
GPU: NVIDIA GeForce RTX 5060 Ti
amp_dtype=bf16 detect_anomaly=False
{"epoch": 1, "epoch_seconds": 46.4625, "elapsed_seconds": 46.4625, "estimated_remaining_seconds": 92.925, "vram_peak_allocated_mb": 3030.45, "val_total": 0.11107558778980199, "val_forecast": 0.11107558778980199, "best_so_far": 0.11107558778980199, "epochs_since_improve": 0, "lr": 7.974943486877811e-05, "grad_norm_mean": 2.4381462305311175, "train/total_loss": 0.4712141425836654, "train/forecast_loss": 0.4712141425836654, "train/line_loss": 0.19649610195368056, "train/band_loss": 0.23327415143213576, "train/cross_loss": 0.041443885708900376, "train/direction_loss": 0.0, "train/grad_norm_mean": 2.4381462305311175, "val/total_loss": 0.11107558778980199, "val/forecast_loss": 0.11107558778980199, "val/line_loss": 0.009108556758078253, "val/band_loss": 0.10196703069788568, "val/cross_loss": 0.0, "val/direction_loss": 0.0, "val/grad_norm_mean": 0.0, "val/coverage": 1.0, "val/avg_band_width": 1.022387146949768, "val/mae": 0.10865263640880585, "val/smape": 1.6871479749679565, "val/direction_accuracy": 0.4424583613872528, "val/mean_signed_error": -0.09955519437789917, "val/overprediction_rate": 0.11248331516981125, "val/mean_overprediction": 0.04043910279870033, "val/spearman_ic": 0.047983306949700384, "val/top_k_long_spread": 0.004411962123943892, "val/top_k_short_spread": 0.0002927707213589723, "val/long_short_spread": 0.00411919140258492, "val/fee_adjusted_return": 1.2713444339621978, "val/fee_adjusted_sharpe": 0.0518595745355333, "val/fee_adjusted_turnover": 1.3855737704918034}
val_total=0.111076 val_forecast=0.111076 best_so_far=0.111076 epochs_since_improve=0 lr=0.00007975 grad_norm_mean=2.438146 epoch_seconds=46.46 elapsed_seconds=46.46 eta_seconds=92.93 vram_peak_allocated_mb=3030.45
{"epoch": 2, "epoch_seconds": 44.234, "elapsed_seconds": 90.7051, "estimated_remaining_seconds": 44.234, "vram_peak_allocated_mb": 3030.45, "val_total": 0.046688264016719425, "val_forecast": 0.046688264016719425, "best_so_far": 0.046688264016719425, "epochs_since_improve": 0, "lr": 2.8035194096149304e-05, "grad_norm_mean": 1.0594817216434176, "train/total_loss": 0.12945517081589925, "train/forecast_loss": 0.12945517081589925, "train/line_loss": 0.03781191857147311, "train/band_loss": 0.08995253962893335, "train/cross_loss": 0.001690712496998631, "train/direction_loss": 0.0, "train/grad_norm_mean": 1.0594817216434176, "val/total_loss": 0.046688264016719425, "val/forecast_loss": 0.046688264016719425, "val/line_loss": 0.0035869338333962813, "val/band_loss": 0.04310133034253821, "val/cross_loss": 0.0, "val/direction_loss": 0.0, "val/grad_norm_mean": 0.0, "val/coverage": 0.9961232542991638, "val/avg_band_width": 0.4309791922569275, "val/mae": 0.05999220907688141, "val/smape": 1.56489896774292, "val/direction_accuracy": 0.4487261474132538, "val/mean_signed_error": -0.035030465573072433, "val/overprediction_rate": 0.2949915826320648, "val/mean_overprediction": 0.04230925440788269, "val/spearman_ic": 0.055094652163009, "val/top_k_long_spread": 0.00521065761854292, "val/top_k_short_spread": 0.0005345282984084496, "val/long_short_spread": 0.0046761293201344695, "val/fee_adjusted_return": 4.020069701233733, "val/fee_adjusted_sharpe": 0.07573228020433014, "val/fee_adjusted_turnover": 0.521311475409836}
val_total=0.046688 val_forecast=0.046688 best_so_far=0.046688 epochs_since_improve=0 lr=0.00002804 grad_norm_mean=1.059482 epoch_seconds=44.23 elapsed_seconds=90.71 eta_seconds=44.23 vram_peak_allocated_mb=3030.45
{"epoch": 3, "epoch_seconds": 46.2484, "elapsed_seconds": 136.9539, "estimated_remaining_seconds": 0.0, "vram_peak_allocated_mb": 3030.45, "val_total": 0.038858564378803265, "val_forecast": 0.038858564378803265, "best_so_far": 0.038858564378803265, "epochs_since_improve": 0, "lr": 1.0000000000000002e-06, "grad_norm_mean": 0.6946486834495786, "train/total_loss": 0.06569338167707126, "train/forecast_loss": 0.06569338167707126, "train/line_loss": 0.011976301930253468, "train/band_loss": 0.05319946435472322, "train/cross_loss": 0.00051761545610567, "train/direction_loss": 0.0, "train/grad_norm_mean": 0.6946486834495786, "val/total_loss": 0.038858564378803265, "val/forecast_loss": 0.038858564378803265, "val/line_loss": 0.003332777299767579, "val/band_loss": 0.0355257871286834, "val/cross_loss": 0.0, "val/direction_loss": 0.0, "val/grad_norm_mean": 0.0, "val/coverage": 0.9880099892616272, "val/avg_band_width": 0.3525083363056183, "val/mae": 0.05727870762348175, "val/smape": 1.556646466255188, "val/direction_accuracy": 0.463757187128067, "val/mean_signed_error": -0.032351989299058914, "val/overprediction_rate": 0.300644189119339, "val/mean_overprediction": 0.04145551472902298, "val/spearman_ic": 0.03021400928743334, "val/top_k_long_spread": 0.00507832138301026, "val/top_k_short_spread": 0.0011070094544385163, "val/long_short_spread": 0.003971311928571744, "val/fee_adjusted_return": 2.1401371981009625, "val/fee_adjusted_sharpe": 0.06152179805465887, "val/fee_adjusted_turnover": 0.5265573770491804}
val_total=0.038859 val_forecast=0.038859 best_so_far=0.038859 epochs_since_improve=0 lr=0.00000100 grad_norm_mean=0.694649 epoch_seconds=46.25 elapsed_seconds=136.95 eta_seconds=0.00 vram_peak_allocated_mb=3030.45
[EXIT-MARKER {"step": "result_ready", "run_id": "patchtst-1D-7ee6a7036f85"}]
[EXIT-MARKER {"step": "before_result_json", "run_id": "patchtst-1D-7ee6a7036f85"}]
{
  "run_id": "patchtst-1D-7ee6a7036f85",
  "checkpoint_path": "ai\\artifacts\\checkpoints\\patchtst_1D_patchtst-1D-7ee6a7036f85.pt",
  "feature_mean": [
    0.0006515224231407046,
    1.1356487274169922,
    1.1602340936660767,
    1.110434651374817,
    0.12796299159526825,
    0.0013815973652526736,
    0.0067066955380141735,
    0.020836934447288513,
    0.5433607697486877,
    0.003245249390602112,
    0.5710976123809814,
    2.030247211456299,
    0.6550283432006836,
    18.709985733032227,
    0.03557736799120903,
    23.542083740234375,
    60.51097869873047,
    0.39266201853752136,
    0.43702077865600586,
    0.17031720280647278,
    0.0,
    0.0,
    0.0,
    0.0,
    0.0,
    0.0,
    1.0,
    0.920109748840332,
    0.0,
    0.006638635881245136,
    -0.017632706090807915,
    -0.009596568532288074,
    -0.009847510606050491,
    0.22684377431869507,
    0.07495181262493134,
    0.046610746532678604
  ],
  "feature_std": [
    0.020608164370059967,
    3.671778440475464,
    3.7156906127929688,
    3.6260592937469482,
    6.19923210144043,
    0.021952087059617043,
    0.047606904059648514,
    0.08202864229679108,
    0.16817691922187805,
    0.02223801799118519,
    0.32220780849456787,
    0.7536247372627258,
    0.47509753704071045,
    8.136465072631836,
    0.3703364133834839,
    38.03653335571289,
    25.08763885498047,
    0.48834267258644104,
    0.4960177540779114,
    0.37591123580932617,
    0.0010000000474974513,
    0.0010000000474974513,
    0.0010000000474974513,
    0.0010000000474974513,
    0.0010000000474974513,
    0.0010000000474974513,
    0.0010000000474974513,
    0.2711232006549835,
    0.0010000000474974513,
    0.7124506235122681,
    0.7014693021774292,
    0.7079940438270569,
    0.7060845494270325,
    0.418790727853775,
    0.26331356167793274,
    0.21080365777015686
  ],
  "best_metrics": {
    "total_loss": 0.038858564378803265,
    "forecast_loss": 0.038858564378803265,
    "line_loss": 0.003332777299767579,
    "band_loss": 0.0355257871286834,
    "cross_loss": 0.0,
    "direction_loss": 0.0,
    "grad_norm_mean": 0.0,
    "coverage": 0.9880099892616272,
    "avg_band_width": 0.3525083363056183,
    "mae": 0.05727870762348175,
    "smape": 1.556646466255188,
    "direction_accuracy": 0.463757187128067,
    "mean_signed_error": -0.032351989299058914,
    "overprediction_rate": 0.300644189119339,
    "mean_overprediction": 0.04145551472902298,
    "spearman_ic": 0.03021400928743334,
    "top_k_long_spread": 0.00507832138301026,
    "top_k_short_spread": 0.0011070094544385163,
    "long_short_spread": 0.003971311928571744,
    "fee_adjusted_return": 2.1401371981009625,
    "fee_adjusted_sharpe": 0.06152179805465887,
    "fee_adjusted_turnover": 0.5265573770491804,
    "best_epoch": 3,
    "best_val_total": 0.038858564378803265,
    "best_val_forecast_loss": 0.038858564378803265,
    "best_val_total_including_direction": 0.038858564378803265,
    "early_stopped": false,
    "grad_norm_history": [
      2.4381462305311175,
      1.0594817216434176,
      0.6946486834495786
    ],
    "best_grad_norm_mean": 0.0
  },
  "test_metrics": {
    "total_loss": 0.04193966356380021,
    "forecast_loss": 0.04193966356380021,
    "direction_loss": 0.0,
    "line_loss": 0.0038201546798090394,
    "band_loss": 0.038119508912239,
    "cross_loss": 0.0,
    "coverage": 0.9843573570251465,
    "avg_band_width": 0.3767153322696686,
    "direction_accuracy": 0.4950789213180542,
    "mae": 0.062080081552267075,
    "smape": 1.5312680006027222,
    "mean_signed_error": -0.039180342108011246,
    "overprediction_rate": 0.2814163267612457,
    "mean_overprediction": 0.04068658873438835,
    "spearman_ic": 0.03022977548071732,
    "top_k_long_spread": 0.004305653510095497,
    "top_k_short_spread": -0.0021796978059380003,
    "long_short_spread": 0.006485351316033497,
    "fee_adjusted_return": 5.565695749027096,
    "fee_adjusted_sharpe": 0.12854276052798405,
    "fee_adjusted_turnover": 0.5498708010335918
  },
  "dataset_plan": {
    "timeframe": "1D",
    "seq_len": 252,
    "horizon": 5,
    "h_max": 20,
    "min_fold_samples": 50,
    "input_ticker_count": 50,
    "eligible_ticker_count": 48,
    "excluded_ticker_count": 2,
    "eligible_tickers": [
      "A",
      "AAPL",
      "ABBV",
      "ABNB",
      "ABT",
      "ACGL",
      "ACN",
      "ADBE",
      "ADI",
      "ADM",
      "ADP",
      "ADSK",
      "AEE",
      "AEP",
      "AES",
      "AFL",
      "AIG",
      "AIZ",
      "AJG",
      "AKAM",
      "ALB",
      "ALGN",
      "ALL",
      "ALLE",
      "AMAT",
      "AMCR",
      "AMD",
      "AME",
      "AMGN",
      "AMT",
      "AMZN",
      "ANET",
      "AON",
      "AOS",
      "APD",
      "APH",
      "APO",
      "APP",
      "APTV",
      "ARE",
      "ARES",
      "ATO",
      "AVB",
      "AVGO",
      "AVY",
      "AWK",
      "AXON",
      "AXP"
    ],
    "excluded_reasons": {
      "AMP": "Gate fundamentals",
      "APA": "Gate fundamentals"
    },
    "num_tickers": 48,
    "ticker_registry_path": "ai\\cache\\ticker_id_map_1d.json",
    "train_samples": 80459,
    "val_samples": 17231,
    "test_samples": 17171
  }
}
[EXIT-MARKER {"step": "after_result_json", "run_id": "patchtst-1D-7ee6a7036f85"}]
[EXIT-MARKER {"step": "after_stdio_flush", "run_id": "patchtst-1D-7ee6a7036f85"}]
