з蝗 蛤夥檜蝶: cuda
GPU: NVIDIA GeForce RTX 5060 Ti
amp_dtype=bf16 detect_anomaly=False
{"epoch": 1, "epoch_seconds": 130.9645, "elapsed_seconds": 130.9645, "estimated_remaining_seconds": 261.929, "vram_peak_allocated_mb": 10223.27, "val_total": 0.34311194893191843, "val_forecast": 0.34311194893191843, "best_so_far": 0.34311194893191843, "epochs_since_improve": 0, "lr": 7.974943486877811e-05, "grad_norm_mean": 6.0447719914572575, "train/total_loss": 1.203781190751091, "train/forecast_loss": 1.203781190751091, "train/line_loss": 0.6970161115366315, "train/band_loss": 0.4582966180074783, "train/cross_loss": 0.04846845959786267, "train/direction_loss": 0.0, "train/grad_norm_mean": 6.0447719914572575, "val/total_loss": 0.34311194893191843, "val/forecast_loss": 0.34311194893191843, "val/line_loss": 0.07790531261878855, "val/band_loss": 0.26520663499832153, "val/cross_loss": 0.0, "val/direction_loss": 0.0, "val/grad_norm_mean": 0.0, "val/coverage": 1.0, "val/avg_band_width": 2.6605653762817383, "val/mae": 0.3112180531024933, "val/smape": 1.8219692707061768, "val/direction_accuracy": 0.4441413879394531, "val/mean_signed_error": -0.28306999802589417, "val/overprediction_rate": 0.11862341314554214, "val/mean_overprediction": 0.11864486336708069, "val/spearman_ic": -0.010237193867599711, "val/top_k_long_spread": 0.0030647475087774733, "val/top_k_short_spread": 0.001487618570661384, "val/long_short_spread": 0.0015771289381160893, "val/fee_adjusted_return": -0.7650994627698418, "val/fee_adjusted_sharpe": -0.010055832765015269, "val/fee_adjusted_turnover": 2.181639344262295}
val_total=0.343112 val_forecast=0.343112 best_so_far=0.343112 epochs_since_improve=0 lr=0.00007975 grad_norm_mean=6.044772 epoch_seconds=130.96 elapsed_seconds=130.96 eta_seconds=261.93 vram_peak_allocated_mb=10223.27
{"epoch": 2, "epoch_seconds": 130.7267, "elapsed_seconds": 261.692, "estimated_remaining_seconds": 130.7267, "vram_peak_allocated_mb": 10223.27, "val_total": 0.2223840244114399, "val_forecast": 0.2223840244114399, "best_so_far": 0.2223840244114399, "epochs_since_improve": 0, "lr": 2.8035194096149304e-05, "grad_norm_mean": 4.099127840617347, "train/total_loss": 0.6228923323608581, "train/forecast_loss": 0.6228923323608581, "train/line_loss": 0.34063487175911195, "train/band_loss": 0.2739925408647174, "train/cross_loss": 0.008264919244019049, "train/direction_loss": 0.0, "train/grad_norm_mean": 4.099127840617347, "val/total_loss": 0.2223840244114399, "val/forecast_loss": 0.2223840244114399, "val/line_loss": 0.02388292898232227, "val/band_loss": 0.19850109670968616, "val/cross_loss": 0.0, "val/direction_loss": 0.0, "val/grad_norm_mean": 0.0, "val/coverage": 1.0, "val/avg_band_width": 1.990811824798584, "val/mae": 0.18737398087978363, "val/smape": 1.7979042530059814, "val/direction_accuracy": 0.4400789141654968, "val/mean_signed_error": -0.18612541258335114, "val/overprediction_rate": 0.019987232983112335, "val/mean_overprediction": 0.03123397007584572, "val/spearman_ic": -0.02231947619356939, "val/top_k_long_spread": 0.0004902060313978553, "val/top_k_short_spread": 0.004302811689096237, "val/long_short_spread": -0.0038126056576983816, "val/fee_adjusted_return": -0.9800460380467306, "val/fee_adjusted_sharpe": -0.09891468325816419, "val/fee_adjusted_turnover": 1.221639344262295}
val_total=0.222384 val_forecast=0.222384 best_so_far=0.222384 epochs_since_improve=0 lr=0.00002804 grad_norm_mean=4.099128 epoch_seconds=130.73 elapsed_seconds=261.69 eta_seconds=130.73 vram_peak_allocated_mb=10223.27
{"epoch": 3, "epoch_seconds": 134.6805, "elapsed_seconds": 396.3729, "estimated_remaining_seconds": 0.0, "vram_peak_allocated_mb": 10223.27, "val_total": 0.20327676635454683, "val_forecast": 0.20327676635454683, "best_so_far": 0.20327676635454683, "epochs_since_improve": 0, "lr": 1.0000000000000002e-06, "grad_norm_mean": 2.833320875394912, "train/total_loss": 0.4715000246252332, "train/forecast_loss": 0.4715000246252332, "train/line_loss": 0.23214530315664078, "train/band_loss": 0.2328547222746743, "train/cross_loss": 0.006499998930043408, "train/direction_loss": 0.0, "train/grad_norm_mean": 2.833320875394912, "val/total_loss": 0.20327676635454683, "val/forecast_loss": 0.20327676635454683, "val/line_loss": 0.019964339492349503, "val/band_loss": 0.18331242615685744, "val/cross_loss": 0.0, "val/direction_loss": 0.0, "val/grad_norm_mean": 0.0, "val/coverage": 1.0, "val/avg_band_width": 1.8384742736816406, "val/mae": 0.1757604479789734, "val/smape": 1.7970291376113892, "val/direction_accuracy": 0.4388602077960968, "val/mean_signed_error": -0.1751561462879181, "val/overprediction_rate": 0.01006325799971819, "val/mean_overprediction": 0.03002505749464035, "val/spearman_ic": -0.015070642259891982, "val/top_k_long_spread": 0.00133993665553075, "val/top_k_short_spread": 0.0047434676792020534, "val/long_short_spread": -0.0034035310236713036, "val/fee_adjusted_return": -0.9725378598782023, "val/fee_adjusted_sharpe": -0.07890652954103872, "val/fee_adjusted_turnover": 0.8963934426229507}
val_total=0.203277 val_forecast=0.203277 best_so_far=0.203277 epochs_since_improve=0 lr=0.00000100 grad_norm_mean=2.833321 epoch_seconds=134.68 elapsed_seconds=396.37 eta_seconds=0.00 vram_peak_allocated_mb=10223.27
[EXIT-MARKER {"step": "result_ready", "run_id": "patchtst-1D-3c6db20582d2"}]
[EXIT-MARKER {"step": "before_result_json", "run_id": "patchtst-1D-3c6db20582d2"}]
{
  "run_id": "patchtst-1D-3c6db20582d2",
  "checkpoint_path": "ai\\artifacts\\checkpoints\\patchtst_1D_patchtst-1D-3c6db20582d2.pt",
  "feature_mean": [
    0.0006515224231407046,
    1.1356487274169922,
    1.1602340936660767,
    1.110434651374817,
    0.12796299159526825,
    0.0013815973652526736,
    0.0067066955380141735,
    0.020836934447288513,
    0.5433607697486877,
    0.003245249390602112,
    0.5710976123809814,
    2.030247211456299,
    0.6550283432006836,
    18.709985733032227,
    0.03557736799120903,
    23.542083740234375,
    60.51097869873047,
    0.39266201853752136,
    0.43702077865600586,
    0.17031720280647278,
    0.0,
    0.0,
    0.0,
    0.0,
    0.0,
    0.0,
    1.0,
    0.920109748840332,
    0.0,
    0.006638635881245136,
    -0.017632706090807915,
    -0.009596568532288074,
    -0.009847510606050491,
    0.22684377431869507,
    0.07495181262493134,
    0.046610746532678604
  ],
  "feature_std": [
    0.020608164370059967,
    3.671778440475464,
    3.7156906127929688,
    3.6260592937469482,
    6.19923210144043,
    0.021952087059617043,
    0.047606904059648514,
    0.08202864229679108,
    0.16817691922187805,
    0.02223801799118519,
    0.32220780849456787,
    0.7536247372627258,
    0.47509753704071045,
    8.136465072631836,
    0.3703364133834839,
    38.03653335571289,
    25.08763885498047,
    0.48834267258644104,
    0.4960177540779114,
    0.37591123580932617,
    0.0010000000474974513,
    0.0010000000474974513,
    0.0010000000474974513,
    0.0010000000474974513,
    0.0010000000474974513,
    0.0010000000474974513,
    0.0010000000474974513,
    0.2711232006549835,
    0.0010000000474974513,
    0.7124506235122681,
    0.7014693021774292,
    0.7079940438270569,
    0.7060845494270325,
    0.418790727853775,
    0.26331356167793274,
    0.21080365777015686
  ],
  "best_metrics": {
    "total_loss": 0.20327676635454683,
    "forecast_loss": 0.20327676635454683,
    "line_loss": 0.019964339492349503,
    "band_loss": 0.18331242615685744,
    "cross_loss": 0.0,
    "direction_loss": 0.0,
    "grad_norm_mean": 0.0,
    "coverage": 1.0,
    "avg_band_width": 1.8384742736816406,
    "mae": 0.1757604479789734,
    "smape": 1.7970291376113892,
    "direction_accuracy": 0.4388602077960968,
    "mean_signed_error": -0.1751561462879181,
    "overprediction_rate": 0.01006325799971819,
    "mean_overprediction": 0.03002505749464035,
    "spearman_ic": -0.015070642259891982,
    "top_k_long_spread": 0.00133993665553075,
    "top_k_short_spread": 0.0047434676792020534,
    "long_short_spread": -0.0034035310236713036,
    "fee_adjusted_return": -0.9725378598782023,
    "fee_adjusted_sharpe": -0.07890652954103872,
    "fee_adjusted_turnover": 0.8963934426229507,
    "best_epoch": 3,
    "best_val_total": 0.20327676635454683,
    "best_val_forecast_loss": 0.20327676635454683,
    "best_val_total_including_direction": 0.20327676635454683,
    "early_stopped": false,
    "grad_norm_history": [
      6.0447719914572575,
      4.099127840617347,
      2.833320875394912
    ],
    "best_grad_norm_mean": 0.0
  },
  "test_metrics": {
    "total_loss": 0.22061709128320217,
    "forecast_loss": 0.22061709128320217,
    "direction_loss": 0.0,
    "line_loss": 0.02442314489128287,
    "band_loss": 0.19619394674458923,
    "cross_loss": 0.0,
    "coverage": 1.0,
    "avg_band_width": 1.9613392353057861,
    "direction_accuracy": 0.48442140221595764,
    "mae": 0.19101956486701965,
    "smape": 1.7687052488327026,
    "mean_signed_error": -0.19035713374614716,
    "overprediction_rate": 0.011368004605174065,
    "mean_overprediction": 0.029136892408132553,
    "spearman_ic": -0.005265490123480631,
    "top_k_long_spread": 0.0017879554527265521,
    "top_k_short_spread": 0.005004185678559783,
    "long_short_spread": -0.003216230225833232,
    "fee_adjusted_return": -0.8806697399476333,
    "fee_adjusted_sharpe": -0.09919785472006418,
    "fee_adjusted_turnover": 1.2382428940568473
  },
  "dataset_plan": {
    "timeframe": "1D",
    "seq_len": 252,
    "horizon": 5,
    "h_max": 20,
    "min_fold_samples": 50,
    "input_ticker_count": 50,
    "eligible_ticker_count": 48,
    "excluded_ticker_count": 2,
    "eligible_tickers": [
      "A",
      "AAPL",
      "ABBV",
      "ABNB",
      "ABT",
      "ACGL",
      "ACN",
      "ADBE",
      "ADI",
      "ADM",
      "ADP",
      "ADSK",
      "AEE",
      "AEP",
      "AES",
      "AFL",
      "AIG",
      "AIZ",
      "AJG",
      "AKAM",
      "ALB",
      "ALGN",
      "ALL",
      "ALLE",
      "AMAT",
      "AMCR",
      "AMD",
      "AME",
      "AMGN",
      "AMT",
      "AMZN",
      "ANET",
      "AON",
      "AOS",
      "APD",
      "APH",
      "APO",
      "APP",
      "APTV",
      "ARE",
      "ARES",
      "ATO",
      "AVB",
      "AVGO",
      "AVY",
      "AWK",
      "AXON",
      "AXP"
    ],
    "excluded_reasons": {
      "AMP": "Gate fundamentals",
      "APA": "Gate fundamentals"
    },
    "num_tickers": 48,
    "ticker_registry_path": "ai\\cache\\ticker_id_map_1d.json",
    "train_samples": 80459,
    "val_samples": 17231,
    "test_samples": 17171
  }
}
[EXIT-MARKER {"step": "after_result_json", "run_id": "patchtst-1D-3c6db20582d2"}]
[EXIT-MARKER {"step": "after_stdio_flush", "run_id": "patchtst-1D-3c6db20582d2"}]
