학습 디바이스: cuda
GPU: NVIDIA GeForce RTX 5060 Ti
amp_dtype=bf16 detect_anomaly=False
기존 캐시 형식이 변경되어 feature_index_1D 캐시를 새로 생성합니다.
기존 캐시 형식이 변경되어 features_1D 캐시를 새로 생성합니다.
{"epoch": 1, "epoch_seconds": 79.5107, "elapsed_seconds": 79.5107, "estimated_remaining_seconds": 159.0214, "vram_peak_allocated_mb": 5153.26, "val_total": 0.16033631628927061, "val_forecast": 0.16033631628927061, "best_so_far": 0.16033631628927061, "epochs_since_improve": 0, "lr": 7.974943486877811e-05, "grad_norm_mean": 4.204151199355958, "train/total_loss": 0.7464820851409246, "train/forecast_loss": 0.7464820851409246, "train/line_loss": 0.3749830442761618, "train/band_loss": 0.3259563951265244, "train/cross_loss": 0.045542647470424455, "train/direction_loss": 0.0, "train/grad_norm_mean": 4.204151199355958, "val/total_loss": 0.16033631628927061, "val/forecast_loss": 0.16033631628927061, "val/line_loss": 0.016290368412977412, "val/band_loss": 0.14404594799613252, "val/cross_loss": 0.0, "val/direction_loss": 0.0, "val/grad_norm_mean": 0.0, "val/coverage": 1.0, "val/avg_band_width": 1.4444912672042847, "val/mae": 0.14321574568748474, "val/smape": 1.7212055921554565, "val/direction_accuracy": 0.44193604588508606, "val/mean_signed_error": -0.12371092289686203, "val/overprediction_rate": 0.1456792950630188, "val/mean_overprediction": 0.06694436073303223, "val/spearman_ic": 0.004880001227740962, "val/top_k_long_spread": 0.0006921926646667044, "val/top_k_short_spread": 0.0018206071184678995, "val/long_short_spread": -0.001128414453801195, "val/fee_adjusted_return": -0.8761927896923132, "val/fee_adjusted_sharpe": -0.04544431060373959, "val/fee_adjusted_turnover": 1.0760655737704916}
val_total=0.160336 val_forecast=0.160336 best_so_far=0.160336 epochs_since_improve=0 lr=0.00007975 grad_norm_mean=4.204151 epoch_seconds=79.51 elapsed_seconds=79.51 eta_seconds=159.02 vram_peak_allocated_mb=5153.26
{"epoch": 2, "epoch_seconds": 73.5924, "elapsed_seconds": 153.1047, "estimated_remaining_seconds": 73.5924, "vram_peak_allocated_mb": 5153.26, "val_total": 0.08525452056132696, "val_forecast": 0.08525452056132696, "best_so_far": 0.08525452056132696, "epochs_since_improve": 0, "lr": 2.8035194096149304e-05, "grad_norm_mean": 2.000766272582705, "train/total_loss": 0.24470833610920678, "train/forecast_loss": 0.24470833610920678, "train/line_loss": 0.09559038795885585, "train/band_loss": 0.14595380874853287, "train/cross_loss": 0.003164139188759561, "train/direction_loss": 0.0, "train/grad_norm_mean": 2.000766272582705, "val/total_loss": 0.08525452056132696, "val/forecast_loss": 0.08525452056132696, "val/line_loss": 0.005785846333738472, "val/band_loss": 0.0794686741907807, "val/cross_loss": 0.0, "val/direction_loss": 0.0, "val/grad_norm_mean": 0.0, "val/coverage": 1.0, "val/avg_band_width": 0.7968301177024841, "val/mae": 0.08233397454023361, "val/smape": 1.6295663118362427, "val/direction_accuracy": 0.47281062602996826, "val/mean_signed_error": -0.06845580786466599, "val/overprediction_rate": 0.16729150712490082, "val/mean_overprediction": 0.04147898778319359, "val/spearman_ic": 0.07017516315529207, "val/top_k_long_spread": 0.0046085923629778066, "val/top_k_short_spread": -0.0006241646850315594, "val/long_short_spread": 0.005232757048009366, "val/fee_adjusted_return": 6.51944744237324, "val/fee_adjusted_sharpe": 0.08942029898129368, "val/fee_adjusted_turnover": 0.5737704918032787}
val_total=0.085255 val_forecast=0.085255 best_so_far=0.085255 epochs_since_improve=0 lr=0.00002804 grad_norm_mean=2.000766 epoch_seconds=73.59 elapsed_seconds=153.10 eta_seconds=73.59 vram_peak_allocated_mb=5153.26
{"epoch": 3, "epoch_seconds": 74.8025, "elapsed_seconds": 227.9075, "estimated_remaining_seconds": 0.0, "vram_peak_allocated_mb": 5153.26, "val_total": 0.07008781870279242, "val_forecast": 0.07008781870279242, "best_so_far": 0.07008781870279242, "epochs_since_improve": 0, "lr": 1.0000000000000002e-06, "grad_norm_mean": 1.2142792764164152, "train/total_loss": 0.12494186155852817, "train/forecast_loss": 0.12494186155852817, "train/line_loss": 0.029111476526373907, "train/band_loss": 0.094712362166435, "train/cross_loss": 0.001118022770092394, "train/direction_loss": 0.0, "train/grad_norm_mean": 1.2142792764164152, "val/total_loss": 0.07008781870279242, "val/forecast_loss": 0.07008781870279242, "val/line_loss": 0.004130404824322528, "val/band_loss": 0.06595741393154159, "val/cross_loss": 0.0, "val/direction_loss": 0.0, "val/grad_norm_mean": 0.0, "val/coverage": 0.99995356798172, "val/avg_band_width": 0.6613351106643677, "val/mae": 0.0664120465517044, "val/smape": 1.58627188205719, "val/direction_accuracy": 0.4584760069847107, "val/mean_signed_error": -0.04824107140302658, "val/overprediction_rate": 0.22623179852962494, "val/mean_overprediction": 0.04016008600592613, "val/spearman_ic": 0.06997021270832621, "val/top_k_long_spread": 0.00422842528205365, "val/top_k_short_spread": -0.0008413905889267239, "val/long_short_spread": 0.005069815870980373, "val/fee_adjusted_return": 6.002602259766375, "val/fee_adjusted_sharpe": 0.08718743959100037, "val/fee_adjusted_turnover": 0.5265573770491803}
val_total=0.070088 val_forecast=0.070088 best_so_far=0.070088 epochs_since_improve=0 lr=0.00000100 grad_norm_mean=1.214279 epoch_seconds=74.80 elapsed_seconds=227.91 eta_seconds=0.00 vram_peak_allocated_mb=5153.26
[EXIT-MARKER {"step": "result_ready", "run_id": "patchtst-1D-cf546fe6b768"}]
[EXIT-MARKER {"step": "before_result_json", "run_id": "patchtst-1D-cf546fe6b768"}]
{
  "run_id": "patchtst-1D-cf546fe6b768",
  "checkpoint_path": "ai\\artifacts\\checkpoints\\patchtst_1D_patchtst-1D-cf546fe6b768.pt",
  "feature_mean": [
    0.0006515224231407046,
    1.1356487274169922,
    1.1602340936660767,
    1.110434651374817,
    0.12796299159526825,
    0.0013815973652526736,
    0.0067066955380141735,
    0.020836934447288513,
    0.5433607697486877,
    0.003245249390602112,
    0.5710976123809814,
    2.030247211456299,
    0.6550283432006836,
    18.709985733032227,
    0.03557736799120903,
    23.542083740234375,
    60.51097869873047,
    0.39266201853752136,
    0.43702077865600586,
    0.17031720280647278,
    0.0,
    0.0,
    0.0,
    0.0,
    0.0,
    0.0,
    1.0,
    0.920109748840332,
    0.0,
    0.006638635881245136,
    -0.017632706090807915,
    -0.009596568532288074,
    -0.009847510606050491,
    0.22684377431869507,
    0.07495181262493134,
    0.046610746532678604
  ],
  "feature_std": [
    0.020608164370059967,
    3.671778440475464,
    3.7156906127929688,
    3.6260592937469482,
    6.19923210144043,
    0.021952087059617043,
    0.047606904059648514,
    0.08202864229679108,
    0.16817691922187805,
    0.02223801799118519,
    0.32220780849456787,
    0.7536247372627258,
    0.47509753704071045,
    8.136465072631836,
    0.3703364133834839,
    38.03653335571289,
    25.08763885498047,
    0.48834267258644104,
    0.4960177540779114,
    0.37591123580932617,
    0.0010000000474974513,
    0.0010000000474974513,
    0.0010000000474974513,
    0.0010000000474974513,
    0.0010000000474974513,
    0.0010000000474974513,
    0.0010000000474974513,
    0.2711232006549835,
    0.0010000000474974513,
    0.7124506235122681,
    0.7014693021774292,
    0.7079940438270569,
    0.7060845494270325,
    0.418790727853775,
    0.26331356167793274,
    0.21080365777015686
  ],
  "best_metrics": {
    "total_loss": 0.07008781870279242,
    "forecast_loss": 0.07008781870279242,
    "line_loss": 0.004130404824322528,
    "band_loss": 0.06595741393154159,
    "cross_loss": 0.0,
    "direction_loss": 0.0,
    "grad_norm_mean": 0.0,
    "coverage": 0.99995356798172,
    "avg_band_width": 0.6613351106643677,
    "mae": 0.0664120465517044,
    "smape": 1.58627188205719,
    "direction_accuracy": 0.4584760069847107,
    "mean_signed_error": -0.04824107140302658,
    "overprediction_rate": 0.22623179852962494,
    "mean_overprediction": 0.04016008600592613,
    "spearman_ic": 0.06997021270832621,
    "top_k_long_spread": 0.00422842528205365,
    "top_k_short_spread": -0.0008413905889267239,
    "long_short_spread": 0.005069815870980373,
    "fee_adjusted_return": 6.002602259766375,
    "fee_adjusted_sharpe": 0.08718743959100037,
    "fee_adjusted_turnover": 0.5265573770491803,
    "best_epoch": 3,
    "best_val_total": 0.07008781870279242,
    "best_val_forecast_loss": 0.07008781870279242,
    "best_val_total_including_direction": 0.07008781870279242,
    "early_stopped": false,
    "grad_norm_history": [
      4.204151199355958,
      2.000766272582705,
      1.2142792764164152
    ],
    "best_grad_norm_mean": 0.0
  },
  "test_metrics": {
    "total_loss": 0.07584414702347096,
    "forecast_loss": 0.07584414702347096,
    "direction_loss": 0.0,
    "line_loss": 0.0050947224791504115,
    "band_loss": 0.07074942478143117,
    "cross_loss": 0.0,
    "coverage": 0.9998486042022705,
    "avg_band_width": 0.7069636583328247,
    "direction_accuracy": 0.49036166071891785,
    "mae": 0.07468880712985992,
    "smape": 1.5649524927139282,
    "mean_signed_error": -0.05626426264643669,
    "overprediction_rate": 0.22701065242290497,
    "mean_overprediction": 0.040580786764621735,
    "spearman_ic": 0.013142437477693102,
    "top_k_long_spread": 0.0009241329191462558,
    "top_k_short_spread": 0.00033767547826052933,
    "long_short_spread": 0.0005864574408857264,
    "fee_adjusted_return": -0.26590877743954344,
    "fee_adjusted_sharpe": -0.0008948040587018307,
    "fee_adjusted_turnover": 0.621188630490956
  },
  "dataset_plan": {
    "timeframe": "1D",
    "seq_len": 252,
    "horizon": 5,
    "h_max": 20,
    "min_fold_samples": 50,
    "input_ticker_count": 50,
    "eligible_ticker_count": 48,
    "excluded_ticker_count": 2,
    "eligible_tickers": [
      "A",
      "AAPL",
      "ABBV",
      "ABNB",
      "ABT",
      "ACGL",
      "ACN",
      "ADBE",
      "ADI",
      "ADM",
      "ADP",
      "ADSK",
      "AEE",
      "AEP",
      "AES",
      "AFL",
      "AIG",
      "AIZ",
      "AJG",
      "AKAM",
      "ALB",
      "ALGN",
      "ALL",
      "ALLE",
      "AMAT",
      "AMCR",
      "AMD",
      "AME",
      "AMGN",
      "AMT",
      "AMZN",
      "ANET",
      "AON",
      "AOS",
      "APD",
      "APH",
      "APO",
      "APP",
      "APTV",
      "ARE",
      "ARES",
      "ATO",
      "AVB",
      "AVGO",
      "AVY",
      "AWK",
      "AXON",
      "AXP"
    ],
    "excluded_reasons": {
      "AMP": "Gate fundamentals",
      "APA": "Gate fundamentals"
    },
    "num_tickers": 48,
    "ticker_registry_path": "ai\\cache\\ticker_id_map_1d.json",
    "train_samples": 80459,
    "val_samples": 17231,
    "test_samples": 17171
  }
}
[EXIT-MARKER {"step": "after_result_json", "run_id": "patchtst-1D-cf546fe6b768"}]
[EXIT-MARKER {"step": "after_stdio_flush", "run_id": "patchtst-1D-cf546fe6b768"}]
