úÅ§â çÞ¿ìâä§¤: cuda
GPU: NVIDIA GeForce RTX 5060 Ti
amp_dtype=bf16 detect_anomaly=False
{"epoch": 1, "epoch_seconds": 137.3761, "elapsed_seconds": 137.3761, "estimated_remaining_seconds": 274.7521, "vram_peak_allocated_mb": 10557.42, "val_total": 0.31767645105719566, "val_forecast": 0.31767645105719566, "best_so_far": 0.31767645105719566, "epochs_since_improve": 0, "lr": 7.974943486877811e-05, "grad_norm_mean": 7.614681208322919, "train/total_loss": 1.2456544456027803, "train/forecast_loss": 1.2456544456027803, "train/line_loss": 0.6904844915109968, "train/band_loss": 0.4822942237059275, "train/cross_loss": 0.0728757292538556, "train/direction_loss": 0.0, "train/grad_norm_mean": 7.614681208322919, "val/total_loss": 0.31767645105719566, "val/forecast_loss": 0.31767645105719566, "val/line_loss": 0.0631176276022897, "val/band_loss": 0.25455882268793445, "val/cross_loss": 0.0, "val/direction_loss": 0.0, "val/grad_norm_mean": 0.0, "val/coverage": 1.0, "val/avg_band_width": 2.553035259246826, "val/mae": 0.29040950536727905, "val/smape": 1.8311123847961426, "val/direction_accuracy": 0.44042712450027466, "val/mean_signed_error": -0.27790483832359314, "val/overprediction_rate": 0.07325169444084167, "val/mean_overprediction": 0.08535411953926086, "val/spearman_ic": -0.0054671537923648246, "val/top_k_long_spread": 0.0013040500610106362, "val/top_k_short_spread": 0.003040780723366894, "val/long_short_spread": -0.0017367306623562579, "val/fee_adjusted_return": -0.9701740536541315, "val/fee_adjusted_sharpe": -0.06322049293220292, "val/fee_adjusted_turnover": 2.095737704918033}
val_total=0.317676 val_forecast=0.317676 best_so_far=0.317676 epochs_since_improve=0 lr=0.00007975 grad_norm_mean=7.614681 epoch_seconds=137.38 elapsed_seconds=137.38 eta_seconds=274.75 vram_peak_allocated_mb=10557.42
{"epoch": 2, "epoch_seconds": 137.1292, "elapsed_seconds": 274.5057, "estimated_remaining_seconds": 137.1292, "vram_peak_allocated_mb": 10557.42, "val_total": 0.1891373238142799, "val_forecast": 0.1891373238142799, "best_so_far": 0.1891373238142799, "epochs_since_improve": 0, "lr": 2.8035194096149304e-05, "grad_norm_mean": 4.191510821902563, "train/total_loss": 0.5725495197470226, "train/forecast_loss": 0.5725495197470226, "train/line_loss": 0.305742804162086, "train/band_loss": 0.2592593555412595, "train/cross_loss": 0.00754736257413964, "train/direction_loss": 0.0, "train/grad_norm_mean": 4.191510821902563, "val/total_loss": 0.1891373238142799, "val/forecast_loss": 0.1891373238142799, "val/line_loss": 0.010831332286162412, "val/band_loss": 0.1783059918705155, "val/cross_loss": 0.0, "val/direction_loss": 0.0, "val/grad_norm_mean": 0.0, "val/coverage": 1.0, "val/avg_band_width": 1.787992238998413, "val/mae": 0.1206754669547081, "val/smape": 1.7100719213485718, "val/direction_accuracy": 0.4415298104286194, "val/mean_signed_error": -0.1145685687661171, "val/overprediction_rate": 0.07806859910488129, "val/mean_overprediction": 0.039112333208322525, "val/spearman_ic": 0.06072384248294413, "val/top_k_long_spread": 0.004049270072147144, "val/top_k_short_spread": -0.0008473315015463846, "val/long_short_spread": 0.004896601573693529, "val/fee_adjusted_return": 3.326228360105601, "val/fee_adjusted_sharpe": 0.07172139590123887, "val/fee_adjusted_turnover": 0.9980327868852459}
val_total=0.189137 val_forecast=0.189137 best_so_far=0.189137 epochs_since_improve=0 lr=0.00002804 grad_norm_mean=4.191511 epoch_seconds=137.13 elapsed_seconds=274.51 eta_seconds=137.13 vram_peak_allocated_mb=10557.42
{"epoch": 3, "epoch_seconds": 134.158, "elapsed_seconds": 408.664, "estimated_remaining_seconds": 0.0, "vram_peak_allocated_mb": 10557.42, "val_total": 0.17672822186175516, "val_forecast": 0.17672822186175516, "best_so_far": 0.17672822186175516, "epochs_since_improve": 0, "lr": 1.0000000000000002e-06, "grad_norm_mean": 2.797849452306354, "train/total_loss": 0.40822143706064373, "train/forecast_loss": 0.40822143706064373, "train/line_loss": 0.18932405492616078, "train/band_loss": 0.21338669643515631, "train/cross_loss": 0.0055106860496813345, "train/direction_loss": 0.0, "train/grad_norm_mean": 2.797849452306354, "val/total_loss": 0.17672822186175516, "val/forecast_loss": 0.17672822186175516, "val/line_loss": 0.01404430253622944, "val/band_loss": 0.162683919619988, "val/cross_loss": 0.0, "val/direction_loss": 0.0, "val/grad_norm_mean": 0.0, "val/coverage": 1.0, "val/avg_band_width": 1.6313220262527466, "val/mae": 0.14245308935642242, "val/smape": 1.7512016296386719, "val/direction_accuracy": 0.4372352063655853, "val/mean_signed_error": -0.1401190161705017, "val/overprediction_rate": 0.035528987646102905, "val/mean_overprediction": 0.032847046852111816, "val/spearman_ic": 0.04737181327539109, "val/top_k_long_spread": 0.002215575942813541, "val/top_k_short_spread": -0.0007539274539683038, "val/long_short_spread": 0.002969503396781845, "val/fee_adjusted_return": 0.48873362268975185, "val/fee_adjusted_sharpe": 0.039292373636492385, "val/fee_adjusted_turnover": 0.8734426229508196}
val_total=0.176728 val_forecast=0.176728 best_so_far=0.176728 epochs_since_improve=0 lr=0.00000100 grad_norm_mean=2.797849 epoch_seconds=134.16 elapsed_seconds=408.66 eta_seconds=0.00 vram_peak_allocated_mb=10557.42
[EXIT-MARKER {"step": "result_ready", "run_id": "patchtst-1D-a6dcd0633a36"}]
[EXIT-MARKER {"step": "before_result_json", "run_id": "patchtst-1D-a6dcd0633a36"}]
{
  "run_id": "patchtst-1D-a6dcd0633a36",
  "checkpoint_path": "ai\\artifacts\\checkpoints\\patchtst_1D_patchtst-1D-a6dcd0633a36.pt",
  "feature_mean": [
    0.0006515224231407046,
    1.1356487274169922,
    1.1602340936660767,
    1.110434651374817,
    0.12796299159526825,
    0.0013815973652526736,
    0.0067066955380141735,
    0.020836934447288513,
    0.5433607697486877,
    0.003245249390602112,
    0.5710976123809814,
    2.030247211456299,
    0.6550283432006836,
    18.709985733032227,
    0.03557736799120903,
    23.542083740234375,
    60.51097869873047,
    0.39266201853752136,
    0.43702077865600586,
    0.17031720280647278,
    0.0,
    0.0,
    0.0,
    0.0,
    0.0,
    0.0,
    1.0,
    0.920109748840332,
    0.0,
    0.006638635881245136,
    -0.017632706090807915,
    -0.009596568532288074,
    -0.009847510606050491,
    0.22684377431869507,
    0.07495181262493134,
    0.046610746532678604
  ],
  "feature_std": [
    0.020608164370059967,
    3.671778440475464,
    3.7156906127929688,
    3.6260592937469482,
    6.19923210144043,
    0.021952087059617043,
    0.047606904059648514,
    0.08202864229679108,
    0.16817691922187805,
    0.02223801799118519,
    0.32220780849456787,
    0.7536247372627258,
    0.47509753704071045,
    8.136465072631836,
    0.3703364133834839,
    38.03653335571289,
    25.08763885498047,
    0.48834267258644104,
    0.4960177540779114,
    0.37591123580932617,
    0.0010000000474974513,
    0.0010000000474974513,
    0.0010000000474974513,
    0.0010000000474974513,
    0.0010000000474974513,
    0.0010000000474974513,
    0.0010000000474974513,
    0.2711232006549835,
    0.0010000000474974513,
    0.7124506235122681,
    0.7014693021774292,
    0.7079940438270569,
    0.7060845494270325,
    0.418790727853775,
    0.26331356167793274,
    0.21080365777015686
  ],
  "best_metrics": {
    "total_loss": 0.17672822186175516,
    "forecast_loss": 0.17672822186175516,
    "line_loss": 0.01404430253622944,
    "band_loss": 0.162683919619988,
    "cross_loss": 0.0,
    "direction_loss": 0.0,
    "grad_norm_mean": 0.0,
    "coverage": 1.0,
    "avg_band_width": 1.6313220262527466,
    "mae": 0.14245308935642242,
    "smape": 1.7512016296386719,
    "direction_accuracy": 0.4372352063655853,
    "mean_signed_error": -0.1401190161705017,
    "overprediction_rate": 0.035528987646102905,
    "mean_overprediction": 0.032847046852111816,
    "spearman_ic": 0.04737181327539109,
    "top_k_long_spread": 0.002215575942813541,
    "top_k_short_spread": -0.0007539274539683038,
    "long_short_spread": 0.002969503396781845,
    "fee_adjusted_return": 0.48873362268975185,
    "fee_adjusted_sharpe": 0.039292373636492385,
    "fee_adjusted_turnover": 0.8734426229508196,
    "best_epoch": 3,
    "best_val_total": 0.17672822186175516,
    "best_val_forecast_loss": 0.17672822186175516,
    "best_val_total_including_direction": 0.17672822186175516,
    "early_stopped": false,
    "grad_norm_history": [
      7.614681208322919,
      4.191510821902563,
      2.797849452306354
    ],
    "best_grad_norm_mean": 0.0
  },
  "test_metrics": {
    "total_loss": 0.1916334519491476,
    "forecast_loss": 0.1916334519491476,
    "direction_loss": 0.0,
    "line_loss": 0.017181751114549115,
    "band_loss": 0.17445170134305954,
    "cross_loss": 0.0,
    "coverage": 1.0,
    "avg_band_width": 1.7433141469955444,
    "direction_accuracy": 0.48675093054771423,
    "mae": 0.15489694476127625,
    "smape": 1.7177696228027344,
    "mean_signed_error": -0.1528012603521347,
    "overprediction_rate": 0.033766232430934906,
    "mean_overprediction": 0.031032197177410126,
    "spearman_ic": 0.007894851730656096,
    "top_k_long_spread": 0.0037771259158598837,
    "top_k_short_spread": 0.002027955899680133,
    "long_short_spread": 0.0017491700161797509,
    "fee_adjusted_return": -0.0022547416092205674,
    "fee_adjusted_sharpe": 0.02215908410109709,
    "fee_adjusted_turnover": 0.7658914728682171
  },
  "dataset_plan": {
    "timeframe": "1D",
    "seq_len": 252,
    "horizon": 5,
    "h_max": 20,
    "min_fold_samples": 50,
    "input_ticker_count": 50,
    "eligible_ticker_count": 48,
    "excluded_ticker_count": 2,
    "eligible_tickers": [
      "A",
      "AAPL",
      "ABBV",
      "ABNB",
      "ABT",
      "ACGL",
      "ACN",
      "ADBE",
      "ADI",
      "ADM",
      "ADP",
      "ADSK",
      "AEE",
      "AEP",
      "AES",
      "AFL",
      "AIG",
      "AIZ",
      "AJG",
      "AKAM",
      "ALB",
      "ALGN",
      "ALL",
      "ALLE",
      "AMAT",
      "AMCR",
      "AMD",
      "AME",
      "AMGN",
      "AMT",
      "AMZN",
      "ANET",
      "AON",
      "AOS",
      "APD",
      "APH",
      "APO",
      "APP",
      "APTV",
      "ARE",
      "ARES",
      "ATO",
      "AVB",
      "AVGO",
      "AVY",
      "AWK",
      "AXON",
      "AXP"
    ],
    "excluded_reasons": {
      "AMP": "Gate fundamentals",
      "APA": "Gate fundamentals"
    },
    "num_tickers": 48,
    "ticker_registry_path": "ai\\cache\\ticker_id_map_1d.json",
    "train_samples": 80459,
    "val_samples": 17231,
    "test_samples": 17171
  }
}
[EXIT-MARKER {"step": "after_result_json", "run_id": "patchtst-1D-a6dcd0633a36"}]
[EXIT-MARKER {"step": "after_stdio_flush", "run_id": "patchtst-1D-a6dcd0633a36"}]
