з蝗 蛤夥檜蝶: cuda
GPU: NVIDIA GeForce RTX 5060 Ti
amp_dtype=bf16 detect_anomaly=False
{"epoch": 1, "epoch_seconds": 72.3954, "elapsed_seconds": 72.3954, "estimated_remaining_seconds": 144.7909, "vram_peak_allocated_mb": 4822.55, "val_total": 0.21081608577686198, "val_forecast": 0.21081608577686198, "best_so_far": 0.21081608577686198, "epochs_since_improve": 0, "lr": 7.974943486877811e-05, "grad_norm_mean": 3.821080844364469, "train/total_loss": 0.7841584661650279, "train/forecast_loss": 0.7841584661650279, "train/line_loss": 0.3914244062370724, "train/band_loss": 0.33665362104536994, "train/cross_loss": 0.05608043838070617, "train/direction_loss": 0.0, "train/grad_norm_mean": 3.821080844364469, "val/total_loss": 0.21081608577686198, "val/forecast_loss": 0.21081608577686198, "val/line_loss": 0.03305229237850975, "val/band_loss": 0.1777637935079196, "val/cross_loss": 0.0, "val/direction_loss": 0.0, "val/grad_norm_mean": 0.0, "val/coverage": 0.9999883770942688, "val/avg_band_width": 1.7832213640213013, "val/mae": 0.20136672258377075, "val/smape": 1.7645431756973267, "val/direction_accuracy": 0.44628867506980896, "val/mean_signed_error": -0.18305321037769318, "val/overprediction_rate": 0.12175729870796204, "val/mean_overprediction": 0.07520507276058197, "val/spearman_ic": -0.003795555821632306, "val/top_k_long_spread": 0.001996550764378015, "val/top_k_short_spread": 0.0038396859043370838, "val/long_short_spread": -0.0018431351399590685, "val/fee_adjusted_return": -0.9681931791066829, "val/fee_adjusted_sharpe": -0.07275116217628733, "val/fee_adjusted_turnover": 2.180983606557377}
val_total=0.210816 val_forecast=0.210816 best_so_far=0.210816 epochs_since_improve=0 lr=0.00007975 grad_norm_mean=3.821081 epoch_seconds=72.40 elapsed_seconds=72.40 eta_seconds=144.79 vram_peak_allocated_mb=4822.55
{"epoch": 2, "epoch_seconds": 71.1585, "elapsed_seconds": 143.5627, "estimated_remaining_seconds": 71.1585, "vram_peak_allocated_mb": 4822.55, "val_total": 0.11703994629137657, "val_forecast": 0.11703994629137657, "best_so_far": 0.11703994629137657, "epochs_since_improve": 0, "lr": 2.8035194096149304e-05, "grad_norm_mean": 2.0989160340929787, "train/total_loss": 0.30928877984720565, "train/forecast_loss": 0.30928877984720565, "train/line_loss": 0.13346598299722823, "train/band_loss": 0.17084254806949978, "train/cross_loss": 0.004980247025747621, "train/direction_loss": 0.0, "train/grad_norm_mean": 2.0989160340929787, "val/total_loss": 0.11703994629137657, "val/forecast_loss": 0.11703994629137657, "val/line_loss": 0.00805992542368853, "val/band_loss": 0.10898002083687221, "val/cross_loss": 0.0, "val/direction_loss": 0.0, "val/grad_norm_mean": 0.0, "val/coverage": 1.0, "val/avg_band_width": 1.092983603477478, "val/mae": 0.1021808460354805, "val/smape": 1.6792207956314087, "val/direction_accuracy": 0.4429226517677307, "val/mean_signed_error": -0.09592053294181824, "val/overprediction_rate": 0.09407462924718857, "val/mean_overprediction": 0.0332731194794178, "val/spearman_ic": 0.041517886343055574, "val/top_k_long_spread": 0.0027011630901604983, "val/top_k_short_spread": 0.000297571236934927, "val/long_short_spread": 0.0024035918532255714, "val/fee_adjusted_return": 0.09786212115629689, "val/fee_adjusted_sharpe": 0.02896449469738942, "val/fee_adjusted_turnover": 0.8937704918032786}
val_total=0.117040 val_forecast=0.117040 best_so_far=0.117040 epochs_since_improve=0 lr=0.00002804 grad_norm_mean=2.098916 epoch_seconds=71.16 elapsed_seconds=143.56 eta_seconds=71.16 vram_peak_allocated_mb=4822.55
{"epoch": 3, "epoch_seconds": 71.2275, "elapsed_seconds": 214.7904, "estimated_remaining_seconds": 0.0, "vram_peak_allocated_mb": 4822.55, "val_total": 0.09967311132041846, "val_forecast": 0.09967311132041846, "best_so_far": 0.09967311132041846, "epochs_since_improve": 0, "lr": 1.0000000000000002e-06, "grad_norm_mean": 1.411403276806786, "train/total_loss": 0.18894600116071247, "train/forecast_loss": 0.18894600116071247, "train/line_loss": 0.05988276579550334, "train/band_loss": 0.12601479407813815, "train/cross_loss": 0.003048441408845108, "train/direction_loss": 0.0, "train/grad_norm_mean": 1.411403276806786, "val/total_loss": 0.09967311132041846, "val/forecast_loss": 0.09967311132041846, "val/line_loss": 0.005635061872239663, "val/band_loss": 0.09403804985477644, "val/cross_loss": 0.0, "val/direction_loss": 0.0, "val/grad_norm_mean": 0.0, "val/coverage": 1.0, "val/avg_band_width": 0.9431223273277283, "val/mae": 0.08243577927350998, "val/smape": 1.6377395391464233, "val/direction_accuracy": 0.44431546330451965, "val/mean_signed_error": -0.07203633338212967, "val/overprediction_rate": 0.14738552272319794, "val/mean_overprediction": 0.0352797731757164, "val/spearman_ic": 0.06239131872177885, "val/top_k_long_spread": 0.004310730666725621, "val/top_k_short_spread": 0.0002729785197546141, "val/long_short_spread": 0.004037752146971008, "val/fee_adjusted_return": 2.3144493961566077, "val/fee_adjusted_sharpe": 0.06347271968993565, "val/fee_adjusted_turnover": 0.6721311475409836}
val_total=0.099673 val_forecast=0.099673 best_so_far=0.099673 epochs_since_improve=0 lr=0.00000100 grad_norm_mean=1.411403 epoch_seconds=71.23 elapsed_seconds=214.79 eta_seconds=0.00 vram_peak_allocated_mb=4822.55
[EXIT-MARKER {"step": "result_ready", "run_id": "patchtst-1D-78793d29d424"}]
[EXIT-MARKER {"step": "before_result_json", "run_id": "patchtst-1D-78793d29d424"}]
{
  "run_id": "patchtst-1D-78793d29d424",
  "checkpoint_path": "ai\\artifacts\\checkpoints\\patchtst_1D_patchtst-1D-78793d29d424.pt",
  "feature_mean": [
    0.0006515224231407046,
    1.1356487274169922,
    1.1602340936660767,
    1.110434651374817,
    0.12796299159526825,
    0.0013815973652526736,
    0.0067066955380141735,
    0.020836934447288513,
    0.5433607697486877,
    0.003245249390602112,
    0.5710976123809814,
    2.030247211456299,
    0.6550283432006836,
    18.709985733032227,
    0.03557736799120903,
    23.542083740234375,
    60.51097869873047,
    0.39266201853752136,
    0.43702077865600586,
    0.17031720280647278,
    0.0,
    0.0,
    0.0,
    0.0,
    0.0,
    0.0,
    1.0,
    0.920109748840332,
    0.0,
    0.006638635881245136,
    -0.017632706090807915,
    -0.009596568532288074,
    -0.009847510606050491,
    0.22684377431869507,
    0.07495181262493134,
    0.046610746532678604
  ],
  "feature_std": [
    0.020608164370059967,
    3.671778440475464,
    3.7156906127929688,
    3.6260592937469482,
    6.19923210144043,
    0.021952087059617043,
    0.047606904059648514,
    0.08202864229679108,
    0.16817691922187805,
    0.02223801799118519,
    0.32220780849456787,
    0.7536247372627258,
    0.47509753704071045,
    8.136465072631836,
    0.3703364133834839,
    38.03653335571289,
    25.08763885498047,
    0.48834267258644104,
    0.4960177540779114,
    0.37591123580932617,
    0.0010000000474974513,
    0.0010000000474974513,
    0.0010000000474974513,
    0.0010000000474974513,
    0.0010000000474974513,
    0.0010000000474974513,
    0.0010000000474974513,
    0.2711232006549835,
    0.0010000000474974513,
    0.7124506235122681,
    0.7014693021774292,
    0.7079940438270569,
    0.7060845494270325,
    0.418790727853775,
    0.26331356167793274,
    0.21080365777015686
  ],
  "best_metrics": {
    "total_loss": 0.09967311132041846,
    "forecast_loss": 0.09967311132041846,
    "line_loss": 0.005635061872239663,
    "band_loss": 0.09403804985477644,
    "cross_loss": 0.0,
    "direction_loss": 0.0,
    "grad_norm_mean": 0.0,
    "coverage": 1.0,
    "avg_band_width": 0.9431223273277283,
    "mae": 0.08243577927350998,
    "smape": 1.6377395391464233,
    "direction_accuracy": 0.44431546330451965,
    "mean_signed_error": -0.07203633338212967,
    "overprediction_rate": 0.14738552272319794,
    "mean_overprediction": 0.0352797731757164,
    "spearman_ic": 0.06239131872177885,
    "top_k_long_spread": 0.004310730666725621,
    "top_k_short_spread": 0.0002729785197546141,
    "long_short_spread": 0.004037752146971008,
    "fee_adjusted_return": 2.3144493961566077,
    "fee_adjusted_sharpe": 0.06347271968993565,
    "fee_adjusted_turnover": 0.6721311475409836,
    "best_epoch": 3,
    "best_val_total": 0.09967311132041846,
    "best_val_forecast_loss": 0.09967311132041846,
    "best_val_total_including_direction": 0.09967311132041846,
    "early_stopped": false,
    "grad_norm_history": [
      3.821080844364469,
      2.0989160340929787,
      1.411403276806786
    ],
    "best_grad_norm_mean": 0.0
  },
  "test_metrics": {
    "total_loss": 0.10756667385644772,
    "forecast_loss": 0.10756667385644772,
    "direction_loss": 0.0,
    "line_loss": 0.0068666388268705785,
    "band_loss": 0.10070003492428976,
    "cross_loss": 0.0,
    "coverage": 1.0,
    "avg_band_width": 1.0068206787109375,
    "direction_accuracy": 0.48570263385772705,
    "mae": 0.09043046087026596,
    "smape": 1.604953646659851,
    "mean_signed_error": -0.08071322739124298,
    "overprediction_rate": 0.13709160685539246,
    "mean_overprediction": 0.035440634936094284,
    "spearman_ic": 0.011698327710813888,
    "top_k_long_spread": 0.0006317684688198967,
    "top_k_short_spread": 0.001987843245908472,
    "long_short_spread": -0.0013560747770885752,
    "fee_adjusted_return": -0.7257271821693003,
    "fee_adjusted_sharpe": -0.051319730559406015,
    "fee_adjusted_turnover": 0.9602067183462533
  },
  "dataset_plan": {
    "timeframe": "1D",
    "seq_len": 252,
    "horizon": 5,
    "h_max": 20,
    "min_fold_samples": 50,
    "input_ticker_count": 50,
    "eligible_ticker_count": 48,
    "excluded_ticker_count": 2,
    "eligible_tickers": [
      "A",
      "AAPL",
      "ABBV",
      "ABNB",
      "ABT",
      "ACGL",
      "ACN",
      "ADBE",
      "ADI",
      "ADM",
      "ADP",
      "ADSK",
      "AEE",
      "AEP",
      "AES",
      "AFL",
      "AIG",
      "AIZ",
      "AJG",
      "AKAM",
      "ALB",
      "ALGN",
      "ALL",
      "ALLE",
      "AMAT",
      "AMCR",
      "AMD",
      "AME",
      "AMGN",
      "AMT",
      "AMZN",
      "ANET",
      "AON",
      "AOS",
      "APD",
      "APH",
      "APO",
      "APP",
      "APTV",
      "ARE",
      "ARES",
      "ATO",
      "AVB",
      "AVGO",
      "AVY",
      "AWK",
      "AXON",
      "AXP"
    ],
    "excluded_reasons": {
      "AMP": "Gate fundamentals",
      "APA": "Gate fundamentals"
    },
    "num_tickers": 48,
    "ticker_registry_path": "ai\\cache\\ticker_id_map_1d.json",
    "train_samples": 80459,
    "val_samples": 17231,
    "test_samples": 17171
  }
}
[EXIT-MARKER {"step": "after_result_json", "run_id": "patchtst-1D-78793d29d424"}]
[EXIT-MARKER {"step": "after_stdio_flush", "run_id": "patchtst-1D-78793d29d424"}]
