з蝗 蛤夥檜蝶: cuda
GPU: NVIDIA GeForce RTX 5060 Ti
amp_dtype=bf16 detect_anomaly=False
{"epoch": 1, "epoch_seconds": 75.5097, "elapsed_seconds": 75.5097, "estimated_remaining_seconds": 151.0195, "vram_peak_allocated_mb": 5153.26, "val_total": 0.36764147220289006, "val_forecast": 0.36764147220289006, "best_so_far": 0.36764147220289006, "epochs_since_improve": 0, "lr": 7.974943486877811e-05, "grad_norm_mean": 5.566486832452199, "train/total_loss": 1.2151081838305033, "train/forecast_loss": 1.2151081838305033, "train/line_loss": 0.38033477716029634, "train/band_loss": 0.3891472374162977, "train/cross_loss": 0.05647893017010083, "train/direction_loss": 0.0, "train/grad_norm_mean": 5.566486832452199, "val/total_loss": 0.36764147220289006, "val/forecast_loss": 0.36764147220289006, "val/line_loss": 0.01993074658436372, "val/band_loss": 0.17385536377482555, "val/cross_loss": 0.0, "val/direction_loss": 0.0, "val/grad_norm_mean": 0.0, "val/coverage": 1.0, "val/lower_breach_rate": 0.0, "val/upper_breach_rate": 0.0, "val/avg_band_width": 1.1622427701950073, "val/mae": 0.16056498885154724, "val/smape": 1.7429848909378052, "val/direction_accuracy": 0.44135570526123047, "val/mean_signed_error": -0.13613955676555634, "val/overprediction_rate": 0.1546631008386612, "val/mean_overprediction": 0.07896330207586288, "val/spearman_ic": 0.004130604956516455, "val/top_k_long_spread": 0.0006112204928792723, "val/top_k_short_spread": 0.002269458224649587, "val/long_short_spread": -0.0016582377317703146, "val/fee_adjusted_return": -0.9169676451412969, "val/fee_adjusted_sharpe": -0.05466634139788722, "val/fee_adjusted_turnover": 1.1009836065573768}
val_total=0.367641 val_forecast=0.367641 best_so_far=0.367641 epochs_since_improve=0 lr=0.00007975 grad_norm_mean=5.566487 epoch_seconds=75.51 elapsed_seconds=75.51 eta_seconds=151.02 vram_peak_allocated_mb=5153.26
{"epoch": 2, "epoch_seconds": 74.9978, "elapsed_seconds": 150.5169, "estimated_remaining_seconds": 74.9978, "vram_peak_allocated_mb": 5153.26, "val_total": 0.15944331939167836, "val_forecast": 0.15944331939167836, "best_so_far": 0.15944331939167836, "epochs_since_improve": 0, "lr": 2.8035194096149304e-05, "grad_norm_mean": 3.117321742905511, "train/total_loss": 0.43976329503551365, "train/forecast_loss": 0.43976329503551365, "train/line_loss": 0.09237353864406782, "train/band_loss": 0.16998062843368167, "train/cross_loss": 0.0074284998175229815, "train/direction_loss": 0.0, "train/grad_norm_mean": 3.117321742905511, "val/total_loss": 0.15944331939167836, "val/forecast_loss": 0.15944331939167836, "val/line_loss": 0.005132632709265796, "val/band_loss": 0.0771553432021071, "val/cross_loss": 0.0, "val/direction_loss": 0.0, "val/grad_norm_mean": 0.0, "val/coverage": 0.9990018010139465, "val/lower_breach_rate": 0.00037142360815778375, "val/upper_breach_rate": 0.0006267772987484932, "val/avg_band_width": 0.5155820846557617, "val/mae": 0.07606244832277298, "val/smape": 1.611618995666504, "val/direction_accuracy": 0.46288666129112244, "val/mean_signed_error": -0.06038215011358261, "val/overprediction_rate": 0.19218850135803223, "val/mean_overprediction": 0.04079405963420868, "val/spearman_ic": 0.06548961416757336, "val/top_k_long_spread": 0.004036956505112104, "val/top_k_short_spread": -0.00034577618723725197, "val/long_short_spread": 0.004382732692349356, "val/fee_adjusted_return": 3.571605914853466, "val/fee_adjusted_sharpe": 0.07441756197205852, "val/fee_adjusted_turnover": 0.6045901639344262}
val_total=0.159443 val_forecast=0.159443 best_so_far=0.159443 epochs_since_improve=0 lr=0.00002804 grad_norm_mean=3.117322 epoch_seconds=75.00 elapsed_seconds=150.52 eta_seconds=75.00 vram_peak_allocated_mb=5153.26
{"epoch": 3, "epoch_seconds": 74.8812, "elapsed_seconds": 225.3983, "estimated_remaining_seconds": 0.0, "vram_peak_allocated_mb": 5153.26, "val_total": 0.12464891056365826, "val_forecast": 0.12464891056365826, "best_so_far": 0.12464891056365826, "epochs_since_improve": 0, "lr": 1.0000000000000002e-06, "grad_norm_mean": 2.271772827799358, "train/total_loss": 0.22373803612731752, "train/forecast_loss": 0.22373803612731752, "train/line_loss": 0.02697113896054881, "train/band_loss": 0.09710674531876094, "train/cross_loss": 0.002553406887732091, "train/direction_loss": 0.0, "train/grad_norm_mean": 2.271772827799358, "val/total_loss": 0.12464891056365826, "val/forecast_loss": 0.12464891056365826, "val/line_loss": 0.004124871823210817, "val/band_loss": 0.060262019581654495, "val/cross_loss": 0.0, "val/direction_loss": 0.0, "val/grad_norm_mean": 0.0, "val/coverage": 0.9951483011245728, "val/lower_breach_rate": 0.0014392664888873696, "val/upper_breach_rate": 0.0034124543890357018, "val/avg_band_width": 0.4019072651863098, "val/mae": 0.06568244099617004, "val/smape": 1.5813490152359009, "val/direction_accuracy": 0.463757187128067, "val/mean_signed_error": -0.045688334852457047, "val/overprediction_rate": 0.24287621676921844, "val/mean_overprediction": 0.04116109758615494, "val/spearman_ic": 0.06956125735791112, "val/top_k_long_spread": 0.004464301447351914, "val/top_k_short_spread": -0.0004910058500649566, "val/long_short_spread": 0.004955307297416871, "val/fee_adjusted_return": 5.584883312921714, "val/fee_adjusted_sharpe": 0.08523568904480434, "val/fee_adjusted_turnover": 0.5147540983606558}
val_total=0.124649 val_forecast=0.124649 best_so_far=0.124649 epochs_since_improve=0 lr=0.00000100 grad_norm_mean=2.271773 epoch_seconds=74.88 elapsed_seconds=225.40 eta_seconds=0.00 vram_peak_allocated_mb=5153.26
[EXIT-MARKER {"step": "result_ready", "run_id": "patchtst-1D-b41b45cfe307"}]
[EXIT-MARKER {"step": "before_result_json", "run_id": "patchtst-1D-b41b45cfe307"}]
{
  "run_id": "patchtst-1D-b41b45cfe307",
  "checkpoint_path": "ai\\artifacts\\checkpoints\\patchtst_1D_patchtst-1D-b41b45cfe307.pt",
  "feature_mean": [
    0.0006515224231407046,
    1.1356487274169922,
    1.1602340936660767,
    1.110434651374817,
    0.12796299159526825,
    0.0013815973652526736,
    0.0067066955380141735,
    0.020836934447288513,
    0.5433607697486877,
    0.003245249390602112,
    0.5710976123809814,
    2.030247211456299,
    0.6550283432006836,
    18.709985733032227,
    0.03557736799120903,
    23.542083740234375,
    60.51097869873047,
    0.39266201853752136,
    0.43702077865600586,
    0.17031720280647278,
    0.0,
    0.0,
    0.0,
    0.0,
    0.0,
    0.0,
    1.0,
    0.920109748840332,
    0.0,
    0.006638635881245136,
    -0.017632706090807915,
    -0.009596568532288074,
    -0.009847510606050491,
    0.22684377431869507,
    0.07495181262493134,
    0.046610746532678604
  ],
  "feature_std": [
    0.020608164370059967,
    3.671778440475464,
    3.7156906127929688,
    3.6260592937469482,
    6.19923210144043,
    0.021952087059617043,
    0.047606904059648514,
    0.08202864229679108,
    0.16817691922187805,
    0.02223801799118519,
    0.32220780849456787,
    0.7536247372627258,
    0.47509753704071045,
    8.136465072631836,
    0.3703364133834839,
    38.03653335571289,
    25.08763885498047,
    0.48834267258644104,
    0.4960177540779114,
    0.37591123580932617,
    0.0010000000474974513,
    0.0010000000474974513,
    0.0010000000474974513,
    0.0010000000474974513,
    0.0010000000474974513,
    0.0010000000474974513,
    0.0010000000474974513,
    0.2711232006549835,
    0.0010000000474974513,
    0.7124506235122681,
    0.7014693021774292,
    0.7079940438270569,
    0.7060845494270325,
    0.418790727853775,
    0.26331356167793274,
    0.21080365777015686
  ],
  "best_metrics": {
    "total_loss": 0.12464891056365826,
    "forecast_loss": 0.12464891056365826,
    "line_loss": 0.004124871823210817,
    "band_loss": 0.060262019581654495,
    "cross_loss": 0.0,
    "direction_loss": 0.0,
    "grad_norm_mean": 0.0,
    "coverage": 0.9951483011245728,
    "lower_breach_rate": 0.0014392664888873696,
    "upper_breach_rate": 0.0034124543890357018,
    "avg_band_width": 0.4019072651863098,
    "mae": 0.06568244099617004,
    "smape": 1.5813490152359009,
    "direction_accuracy": 0.463757187128067,
    "mean_signed_error": -0.045688334852457047,
    "overprediction_rate": 0.24287621676921844,
    "mean_overprediction": 0.04116109758615494,
    "spearman_ic": 0.06956125735791112,
    "top_k_long_spread": 0.004464301447351914,
    "top_k_short_spread": -0.0004910058500649566,
    "long_short_spread": 0.004955307297416871,
    "fee_adjusted_return": 5.584883312921714,
    "fee_adjusted_sharpe": 0.08523568904480434,
    "fee_adjusted_turnover": 0.5147540983606558,
    "best_epoch": 3,
    "best_val_total": 0.12464891056365826,
    "best_val_forecast_loss": 0.12464891056365826,
    "best_val_total_including_direction": 0.12464891056365826,
    "early_stopped": false,
    "grad_norm_history": [
      5.566486832452199,
      3.117321742905511,
      2.271772827799358
    ],
    "best_grad_norm_mean": 0.0
  },
  "test_metrics": {
    "total_loss": 0.048236169468830616,
    "forecast_loss": 0.048236169468830616,
    "direction_loss": 0.0,
    "line_loss": 0.005073405138853773,
    "band_loss": 0.04316276421441751,
    "cross_loss": 0.0,
    "coverage": 0.9939083456993103,
    "avg_band_width": 0.42956042289733887,
    "direction_accuracy": 0.4905945956707001,
    "mae": 0.0740036591887474,
    "smape": 1.5630511045455933,
    "mean_signed_error": -0.053619008511304855,
    "overprediction_rate": 0.24306097626686096,
    "mean_overprediction": 0.04193321615457535,
    "spearman_ic": 0.012432593048857075,
    "top_k_long_spread": 0.0015842144838001853,
    "top_k_short_spread": 0.0005685436450616278,
    "long_short_spread": 0.0010156708387385575,
    "fee_adjusted_return": -0.12778812678955098,
    "fee_adjusted_sharpe": 0.01003886647088217,
    "fee_adjusted_turnover": 0.6325581395348837
  },
  "dataset_plan": {
    "timeframe": "1D",
    "seq_len": 252,
    "horizon": 5,
    "h_max": 20,
    "min_fold_samples": 50,
    "input_ticker_count": 50,
    "eligible_ticker_count": 48,
    "excluded_ticker_count": 2,
    "eligible_tickers": [
      "A",
      "AAPL",
      "ABBV",
      "ABNB",
      "ABT",
      "ACGL",
      "ACN",
      "ADBE",
      "ADI",
      "ADM",
      "ADP",
      "ADSK",
      "AEE",
      "AEP",
      "AES",
      "AFL",
      "AIG",
      "AIZ",
      "AJG",
      "AKAM",
      "ALB",
      "ALGN",
      "ALL",
      "ALLE",
      "AMAT",
      "AMCR",
      "AMD",
      "AME",
      "AMGN",
      "AMT",
      "AMZN",
      "ANET",
      "AON",
      "AOS",
      "APD",
      "APH",
      "APO",
      "APP",
      "APTV",
      "ARE",
      "ARES",
      "ATO",
      "AVB",
      "AVGO",
      "AVY",
      "AWK",
      "AXON",
      "AXP"
    ],
    "excluded_reasons": {
      "AMP": "Gate fundamentals",
      "APA": "Gate fundamentals"
    },
    "num_tickers": 48,
    "ticker_registry_path": "ai\\cache\\ticker_id_map_1d.json",
    "train_samples": 80459,
    "val_samples": 17231,
    "test_samples": 17171
  }
}
[EXIT-MARKER {"step": "after_result_json", "run_id": "patchtst-1D-b41b45cfe307"}]
[EXIT-MARKER {"step": "after_stdio_flush", "run_id": "patchtst-1D-b41b45cfe307"}]
