з蝗 蛤夥檜蝶: cuda
GPU: NVIDIA GeForce RTX 5060 Ti
amp_dtype=bf16 detect_anomaly=False
{"epoch": 1, "epoch_seconds": 75.8234, "elapsed_seconds": 75.8234, "estimated_remaining_seconds": 151.6467, "vram_peak_allocated_mb": 5153.26, "val_total": 0.4232810709406348, "val_forecast": 0.4232810709406348, "best_so_far": 0.4232810709406348, "epochs_since_improve": 0, "lr": 7.974943486877811e-05, "grad_norm_mean": 5.762397115192716, "train/total_loss": 1.3576733012048026, "train/forecast_loss": 1.3576733012048026, "train/line_loss": 0.38378833139699603, "train/band_loss": 0.45258938045728775, "train/cross_loss": 0.0687062084556572, "train/direction_loss": 0.0, "train/grad_norm_mean": 5.762397115192716, "val/total_loss": 0.4232810709406348, "val/forecast_loss": 0.4232810709406348, "val/line_loss": 0.02176833012730212, "val/band_loss": 0.20075637189780965, "val/cross_loss": 0.0, "val/direction_loss": 0.0, "val/grad_norm_mean": 0.0, "val/coverage": 1.0, "val/lower_breach_rate": 0.0, "val/upper_breach_rate": 0.0, "val/avg_band_width": 1.0065691471099854, "val/mae": 0.16673490405082703, "val/smape": 1.7449817657470703, "val/direction_accuracy": 0.4424583613872528, "val/mean_signed_error": -0.14934247732162476, "val/overprediction_rate": 0.12884916365146637, "val/mean_overprediction": 0.06749138236045837, "val/spearman_ic": 0.005679255892132085, "val/top_k_long_spread": 0.0007707291865267134, "val/top_k_short_spread": 0.0018555218906482476, "val/long_short_spread": -0.001084792704121534, "val/fee_adjusted_return": -0.8841729052378535, "val/fee_adjusted_sharpe": -0.045696668756494495, "val/fee_adjusted_turnover": 1.181639344262295}
val_total=0.423281 val_forecast=0.423281 best_so_far=0.423281 epochs_since_improve=0 lr=0.00007975 grad_norm_mean=5.762397 epoch_seconds=75.82 elapsed_seconds=75.82 eta_seconds=151.65 vram_peak_allocated_mb=5153.26
{"epoch": 2, "epoch_seconds": 74.9866, "elapsed_seconds": 150.8179, "estimated_remaining_seconds": 74.9866, "vram_peak_allocated_mb": 5153.26, "val_total": 0.16922535287106738, "val_forecast": 0.16922535287106738, "best_so_far": 0.16922535287106738, "epochs_since_improve": 0, "lr": 2.8035194096149304e-05, "grad_norm_mean": 3.4882613787575374, "train/total_loss": 0.49815313664693683, "train/forecast_loss": 0.49815313664693683, "train/line_loss": 0.09078052809668911, "train/band_loss": 0.1976455718278885, "train/cross_loss": 0.012081463618706616, "train/direction_loss": 0.0, "train/grad_norm_mean": 3.4882613787575374, "val/total_loss": 0.16922535287106738, "val/forecast_loss": 0.16922535287106738, "val/line_loss": 0.0050086503161925495, "val/band_loss": 0.08210835107328261, "val/cross_loss": 0.0, "val/direction_loss": 0.0, "val/grad_norm_mean": 0.0, "val/coverage": 0.9943357706069946, "val/lower_breach_rate": 0.002286576433107257, "val/upper_breach_rate": 0.0033776334021240473, "val/avg_band_width": 0.41076746582984924, "val/mae": 0.07447008788585663, "val/smape": 1.6065131425857544, "val/direction_accuracy": 0.4652080535888672, "val/mean_signed_error": -0.05747046694159508, "val/overprediction_rate": 0.20588473975658417, "val/mean_overprediction": 0.04128430038690567, "val/spearman_ic": 0.06549571324526839, "val/top_k_long_spread": 0.004146157752514779, "val/top_k_short_spread": -0.0003253408719934132, "val/long_short_spread": 0.0044714986245081925, "val/fee_adjusted_return": 3.836358235570046, "val/fee_adjusted_sharpe": 0.07625714125786055, "val/fee_adjusted_turnover": 0.6019672131147541}
val_total=0.169225 val_forecast=0.169225 best_so_far=0.169225 epochs_since_improve=0 lr=0.00002804 grad_norm_mean=3.488261 epoch_seconds=74.99 elapsed_seconds=150.82 eta_seconds=74.99 vram_peak_allocated_mb=5153.26
{"epoch": 3, "epoch_seconds": 75.1173, "elapsed_seconds": 225.9355, "estimated_remaining_seconds": 0.0, "vram_peak_allocated_mb": 5153.26, "val_total": 0.12661296950981898, "val_forecast": 0.12661296950981898, "best_so_far": 0.12661296950981898, "epochs_since_improve": 0, "lr": 1.0000000000000002e-06, "grad_norm_mean": 2.5518657169644796, "train/total_loss": 0.24123153743289766, "train/forecast_loss": 0.24123153743289766, "train/line_loss": 0.024725067444027415, "train/band_loss": 0.10631701896588007, "train/cross_loss": 0.0038724322962234653, "train/direction_loss": 0.0, "train/grad_norm_mean": 2.5518657169644796, "val/total_loss": 0.12661296950981898, "val/forecast_loss": 0.12661296950981898, "val/line_loss": 0.004070245382643086, "val/band_loss": 0.061271362061447954, "val/cross_loss": 0.0, "val/direction_loss": 0.0, "val/grad_norm_mean": 0.0, "val/coverage": 0.9726074934005737, "val/lower_breach_rate": 0.006906157359480858, "val/upper_breach_rate": 0.02048633247613907, "val/avg_band_width": 0.3033439815044403, "val/mae": 0.06480709463357925, "val/smape": 1.577407956123352, "val/direction_accuracy": 0.4683419466018677, "val/mean_signed_error": -0.04372513294219971, "val/overprediction_rate": 0.25360107421875, "val/mean_overprediction": 0.04156520590186119, "val/spearman_ic": 0.0698902472303099, "val/top_k_long_spread": 0.004756365995324844, "val/top_k_short_spread": -0.0004976382372526549, "val/long_short_spread": 0.0052540042325774985, "val/fee_adjusted_return": 6.956047438300258, "val/fee_adjusted_sharpe": 0.09130985836933965, "val/fee_adjusted_turnover": 0.5095081967213115}
val_total=0.126613 val_forecast=0.126613 best_so_far=0.126613 epochs_since_improve=0 lr=0.00000100 grad_norm_mean=2.551866 epoch_seconds=75.12 elapsed_seconds=225.94 eta_seconds=0.00 vram_peak_allocated_mb=5153.26
[EXIT-MARKER {"step": "result_ready", "run_id": "patchtst-1D-f8c9fdc7eba4"}]
[EXIT-MARKER {"step": "before_result_json", "run_id": "patchtst-1D-f8c9fdc7eba4"}]
{
  "run_id": "patchtst-1D-f8c9fdc7eba4",
  "checkpoint_path": "ai\\artifacts\\checkpoints\\patchtst_1D_patchtst-1D-f8c9fdc7eba4.pt",
  "feature_mean": [
    0.0006515224231407046,
    1.1356487274169922,
    1.1602340936660767,
    1.110434651374817,
    0.12796299159526825,
    0.0013815973652526736,
    0.0067066955380141735,
    0.020836934447288513,
    0.5433607697486877,
    0.003245249390602112,
    0.5710976123809814,
    2.030247211456299,
    0.6550283432006836,
    18.709985733032227,
    0.03557736799120903,
    23.542083740234375,
    60.51097869873047,
    0.39266201853752136,
    0.43702077865600586,
    0.17031720280647278,
    0.0,
    0.0,
    0.0,
    0.0,
    0.0,
    0.0,
    1.0,
    0.920109748840332,
    0.0,
    0.006638635881245136,
    -0.017632706090807915,
    -0.009596568532288074,
    -0.009847510606050491,
    0.22684377431869507,
    0.07495181262493134,
    0.046610746532678604
  ],
  "feature_std": [
    0.020608164370059967,
    3.671778440475464,
    3.7156906127929688,
    3.6260592937469482,
    6.19923210144043,
    0.021952087059617043,
    0.047606904059648514,
    0.08202864229679108,
    0.16817691922187805,
    0.02223801799118519,
    0.32220780849456787,
    0.7536247372627258,
    0.47509753704071045,
    8.136465072631836,
    0.3703364133834839,
    38.03653335571289,
    25.08763885498047,
    0.48834267258644104,
    0.4960177540779114,
    0.37591123580932617,
    0.0010000000474974513,
    0.0010000000474974513,
    0.0010000000474974513,
    0.0010000000474974513,
    0.0010000000474974513,
    0.0010000000474974513,
    0.0010000000474974513,
    0.2711232006549835,
    0.0010000000474974513,
    0.7124506235122681,
    0.7014693021774292,
    0.7079940438270569,
    0.7060845494270325,
    0.418790727853775,
    0.26331356167793274,
    0.21080365777015686
  ],
  "best_metrics": {
    "total_loss": 0.12661296950981898,
    "forecast_loss": 0.12661296950981898,
    "line_loss": 0.004070245382643086,
    "band_loss": 0.061271362061447954,
    "cross_loss": 0.0,
    "direction_loss": 0.0,
    "grad_norm_mean": 0.0,
    "coverage": 0.9726074934005737,
    "lower_breach_rate": 0.006906157359480858,
    "upper_breach_rate": 0.02048633247613907,
    "avg_band_width": 0.3033439815044403,
    "mae": 0.06480709463357925,
    "smape": 1.577407956123352,
    "direction_accuracy": 0.4683419466018677,
    "mean_signed_error": -0.04372513294219971,
    "overprediction_rate": 0.25360107421875,
    "mean_overprediction": 0.04156520590186119,
    "spearman_ic": 0.0698902472303099,
    "top_k_long_spread": 0.004756365995324844,
    "top_k_short_spread": -0.0004976382372526549,
    "long_short_spread": 0.0052540042325774985,
    "fee_adjusted_return": 6.956047438300258,
    "fee_adjusted_sharpe": 0.09130985836933965,
    "fee_adjusted_turnover": 0.5095081967213115,
    "best_epoch": 3,
    "best_val_total": 0.12661296950981898,
    "best_val_forecast_loss": 0.12661296950981898,
    "best_val_total_including_direction": 0.12661296950981898,
    "early_stopped": false,
    "grad_norm_history": [
      5.762397115192716,
      3.4882613787575374,
      2.5518657169644796
    ],
    "best_grad_norm_mean": 0.0
  },
  "test_metrics": {
    "total_loss": 0.03838077190277331,
    "forecast_loss": 0.03838077190277331,
    "direction_loss": 0.0,
    "line_loss": 0.004990051561274894,
    "band_loss": 0.033390720320098544,
    "cross_loss": 0.0,
    "coverage": 0.9672471284866333,
    "avg_band_width": 0.324256956577301,
    "direction_accuracy": 0.49292412400245667,
    "mae": 0.07302329689264297,
    "smape": 1.5609958171844482,
    "mean_signed_error": -0.05150919780135155,
    "overprediction_rate": 0.25263527035713196,
    "mean_overprediction": 0.04257936775684357,
    "spearman_ic": 0.012909333725766949,
    "top_k_long_spread": 0.001267674011267055,
    "top_k_short_spread": 0.00041907475385182067,
    "long_short_spread": 0.0008485992574152344,
    "fee_adjusted_return": -0.17411075397351172,
    "fee_adjusted_sharpe": 0.00647967152464437,
    "fee_adjusted_turnover": 0.6005167958656331
  },
  "dataset_plan": {
    "timeframe": "1D",
    "seq_len": 252,
    "horizon": 5,
    "h_max": 20,
    "min_fold_samples": 50,
    "input_ticker_count": 50,
    "eligible_ticker_count": 48,
    "excluded_ticker_count": 2,
    "eligible_tickers": [
      "A",
      "AAPL",
      "ABBV",
      "ABNB",
      "ABT",
      "ACGL",
      "ACN",
      "ADBE",
      "ADI",
      "ADM",
      "ADP",
      "ADSK",
      "AEE",
      "AEP",
      "AES",
      "AFL",
      "AIG",
      "AIZ",
      "AJG",
      "AKAM",
      "ALB",
      "ALGN",
      "ALL",
      "ALLE",
      "AMAT",
      "AMCR",
      "AMD",
      "AME",
      "AMGN",
      "AMT",
      "AMZN",
      "ANET",
      "AON",
      "AOS",
      "APD",
      "APH",
      "APO",
      "APP",
      "APTV",
      "ARE",
      "ARES",
      "ATO",
      "AVB",
      "AVGO",
      "AVY",
      "AWK",
      "AXON",
      "AXP"
    ],
    "excluded_reasons": {
      "AMP": "Gate fundamentals",
      "APA": "Gate fundamentals"
    },
    "num_tickers": 48,
    "ticker_registry_path": "ai\\cache\\ticker_id_map_1d.json",
    "train_samples": 80459,
    "val_samples": 17231,
    "test_samples": 17171
  }
}
[EXIT-MARKER {"step": "after_result_json", "run_id": "patchtst-1D-f8c9fdc7eba4"}]
[EXIT-MARKER {"step": "after_stdio_flush", "run_id": "patchtst-1D-f8c9fdc7eba4"}]
