з蝗 蛤夥檜蝶: cuda
GPU: NVIDIA GeForce RTX 5060 Ti
amp_dtype=bf16 detect_anomaly=False
{"epoch": 1, "epoch_seconds": 76.0992, "elapsed_seconds": 76.0992, "estimated_remaining_seconds": 152.1984, "vram_peak_allocated_mb": 5153.26, "val_total": 0.21088360249996185, "val_forecast": 0.21088360249996185, "best_so_far": 0.21088360249996185, "epochs_since_improve": 0, "lr": 7.974943486877811e-05, "grad_norm_mean": 4.25383146906656, "train/total_loss": 0.836988710884064, "train/forecast_loss": 0.836988710884064, "train/line_loss": 0.37799064602170673, "train/band_loss": 0.40664345224698384, "train/cross_loss": 0.052354610723162456, "train/direction_loss": 0.0, "train/grad_norm_mean": 4.25383146906656, "val/total_loss": 0.21088360249996185, "val/forecast_loss": 0.21088360249996185, "val/line_loss": 0.01762936285847579, "val/band_loss": 0.1932542398571968, "val/cross_loss": 0.0, "val/direction_loss": 0.0, "val/grad_norm_mean": 0.0, "val/coverage": 1.0, "val/lower_breach_rate": 0.0, "val/upper_breach_rate": 0.0, "val/avg_band_width": 1.291926383972168, "val/mae": 0.15086792409420013, "val/smape": 1.7337533235549927, "val/direction_accuracy": 0.4418780207633972, "val/mean_signed_error": -0.13307325541973114, "val/overprediction_rate": 0.13211072981357574, "val/mean_overprediction": 0.06734756380319595, "val/spearman_ic": 0.003256812599652494, "val/top_k_long_spread": 0.0009140421478180348, "val/top_k_short_spread": 0.002207105133880968, "val/long_short_spread": -0.0012930629860629331, "val/fee_adjusted_return": -0.9014388543283917, "val/fee_adjusted_sharpe": -0.04697706797452864, "val/fee_adjusted_turnover": 1.1259016393442622}
val_total=0.210884 val_forecast=0.210884 best_so_far=0.210884 epochs_since_improve=0 lr=0.00007975 grad_norm_mean=4.253831 epoch_seconds=76.10 elapsed_seconds=76.10 eta_seconds=152.20 vram_peak_allocated_mb=5153.26
{"epoch": 2, "epoch_seconds": 75.5455, "elapsed_seconds": 151.653, "estimated_remaining_seconds": 75.5455, "vram_peak_allocated_mb": 5153.26, "val_total": 0.09262657751712729, "val_forecast": 0.09262657751712729, "best_so_far": 0.09262657751712729, "epochs_since_improve": 0, "lr": 2.8035194096149304e-05, "grad_norm_mean": 2.1452735840328154, "train/total_loss": 0.27830313723238687, "train/forecast_loss": 0.27830313723238687, "train/line_loss": 0.09189972261351252, "train/band_loss": 0.18081062447930138, "train/cross_loss": 0.005592790212378734, "train/direction_loss": 0.0, "train/grad_norm_mean": 2.1452735840328154, "val/total_loss": 0.09262657751712729, "val/forecast_loss": 0.09262657751712729, "val/line_loss": 0.00540181111136917, "val/band_loss": 0.0872247663929182, "val/cross_loss": 0.0, "val/direction_loss": 0.0, "val/grad_norm_mean": 0.0, "val/coverage": 0.9995241165161133, "val/lower_breach_rate": 0.0002785676915664226, "val/upper_breach_rate": 0.0001973187900148332, "val/avg_band_width": 0.5829567909240723, "val/mae": 0.07852146029472351, "val/smape": 1.6184866428375244, "val/direction_accuracy": 0.4709535241127014, "val/mean_signed_error": -0.06326161324977875, "val/overprediction_rate": 0.1843653917312622, "val/mean_overprediction": 0.04138476774096489, "val/spearman_ic": 0.07021865917275204, "val/top_k_long_spread": 0.004673642947711385, "val/top_k_short_spread": -0.0004965887148530589, "val/long_short_spread": 0.005170231662564443, "val/fee_adjusted_return": 6.284151495004463, "val/fee_adjusted_sharpe": 0.08850701410244684, "val/fee_adjusted_turnover": 0.5698360655737704}
val_total=0.092627 val_forecast=0.092627 best_so_far=0.092627 epochs_since_improve=0 lr=0.00002804 grad_norm_mean=2.145274 epoch_seconds=75.55 elapsed_seconds=151.65 eta_seconds=75.55 vram_peak_allocated_mb=5153.26
{"epoch": 3, "epoch_seconds": 75.4882, "elapsed_seconds": 227.1415, "estimated_remaining_seconds": 0.0, "vram_peak_allocated_mb": 5153.26, "val_total": 0.073703344034798, "val_forecast": 0.073703344034798, "best_so_far": 0.073703344034798, "epochs_since_improve": 0, "lr": 1.0000000000000002e-06, "grad_norm_mean": 1.3439719750767662, "train/total_loss": 0.13669020680208055, "train/forecast_loss": 0.13669020680208055, "train/line_loss": 0.02645327163830636, "train/band_loss": 0.10856035086843703, "train/cross_loss": 0.0016765841036214537, "train/direction_loss": 0.0, "train/grad_norm_mean": 1.3439719750767662, "val/total_loss": 0.073703344034798, "val/forecast_loss": 0.073703344034798, "val/line_loss": 0.0040572684494477205, "val/band_loss": 0.06964607542271123, "val/cross_loss": 0.0, "val/direction_loss": 0.0, "val/grad_norm_mean": 0.0, "val/coverage": 0.9980036020278931, "val/lower_breach_rate": 0.0008008821168914437, "val/upper_breach_rate": 0.0011955196969211102, "val/avg_band_width": 0.46514761447906494, "val/mae": 0.0652962177991867, "val/smape": 1.58164644241333, "val/direction_accuracy": 0.46033310890197754, "val/mean_signed_error": -0.04600157588720322, "val/overprediction_rate": 0.237699493765831, "val/mean_overprediction": 0.040586207062006, "val/spearman_ic": 0.06970112409659998, "val/top_k_long_spread": 0.004286244296617653, "val/top_k_short_spread": -0.0005628981516118254, "val/long_short_spread": 0.004849142448229479, "val/fee_adjusted_return": 5.183134147942933, "val/fee_adjusted_sharpe": 0.08320736967546125, "val/fee_adjusted_turnover": 0.5075409836065573}
val_total=0.073703 val_forecast=0.073703 best_so_far=0.073703 epochs_since_improve=0 lr=0.00000100 grad_norm_mean=1.343972 epoch_seconds=75.49 elapsed_seconds=227.14 eta_seconds=0.00 vram_peak_allocated_mb=5153.26
[EXIT-MARKER {"step": "result_ready", "run_id": "patchtst-1D-8441e735ef22"}]
[EXIT-MARKER {"step": "before_result_json", "run_id": "patchtst-1D-8441e735ef22"}]
{
  "run_id": "patchtst-1D-8441e735ef22",
  "checkpoint_path": "ai\\artifacts\\checkpoints\\patchtst_1D_patchtst-1D-8441e735ef22.pt",
  "feature_mean": [
    0.0006515224231407046,
    1.1356487274169922,
    1.1602340936660767,
    1.110434651374817,
    0.12796299159526825,
    0.0013815973652526736,
    0.0067066955380141735,
    0.020836934447288513,
    0.5433607697486877,
    0.003245249390602112,
    0.5710976123809814,
    2.030247211456299,
    0.6550283432006836,
    18.709985733032227,
    0.03557736799120903,
    23.542083740234375,
    60.51097869873047,
    0.39266201853752136,
    0.43702077865600586,
    0.17031720280647278,
    0.0,
    0.0,
    0.0,
    0.0,
    0.0,
    0.0,
    1.0,
    0.920109748840332,
    0.0,
    0.006638635881245136,
    -0.017632706090807915,
    -0.009596568532288074,
    -0.009847510606050491,
    0.22684377431869507,
    0.07495181262493134,
    0.046610746532678604
  ],
  "feature_std": [
    0.020608164370059967,
    3.671778440475464,
    3.7156906127929688,
    3.6260592937469482,
    6.19923210144043,
    0.021952087059617043,
    0.047606904059648514,
    0.08202864229679108,
    0.16817691922187805,
    0.02223801799118519,
    0.32220780849456787,
    0.7536247372627258,
    0.47509753704071045,
    8.136465072631836,
    0.3703364133834839,
    38.03653335571289,
    25.08763885498047,
    0.48834267258644104,
    0.4960177540779114,
    0.37591123580932617,
    0.0010000000474974513,
    0.0010000000474974513,
    0.0010000000474974513,
    0.0010000000474974513,
    0.0010000000474974513,
    0.0010000000474974513,
    0.0010000000474974513,
    0.2711232006549835,
    0.0010000000474974513,
    0.7124506235122681,
    0.7014693021774292,
    0.7079940438270569,
    0.7060845494270325,
    0.418790727853775,
    0.26331356167793274,
    0.21080365777015686
  ],
  "best_metrics": {
    "total_loss": 0.073703344034798,
    "forecast_loss": 0.073703344034798,
    "line_loss": 0.0040572684494477205,
    "band_loss": 0.06964607542271123,
    "cross_loss": 0.0,
    "direction_loss": 0.0,
    "grad_norm_mean": 0.0,
    "coverage": 0.9980036020278931,
    "lower_breach_rate": 0.0008008821168914437,
    "upper_breach_rate": 0.0011955196969211102,
    "avg_band_width": 0.46514761447906494,
    "mae": 0.0652962177991867,
    "smape": 1.58164644241333,
    "direction_accuracy": 0.46033310890197754,
    "mean_signed_error": -0.04600157588720322,
    "overprediction_rate": 0.237699493765831,
    "mean_overprediction": 0.040586207062006,
    "spearman_ic": 0.06970112409659998,
    "top_k_long_spread": 0.004286244296617653,
    "top_k_short_spread": -0.0005628981516118254,
    "long_short_spread": 0.004849142448229479,
    "fee_adjusted_return": 5.183134147942933,
    "fee_adjusted_sharpe": 0.08320736967546125,
    "fee_adjusted_turnover": 0.5075409836065573,
    "best_epoch": 3,
    "best_val_total": 0.073703344034798,
    "best_val_forecast_loss": 0.073703344034798,
    "best_val_total_including_direction": 0.073703344034798,
    "early_stopped": false,
    "grad_norm_history": [
      4.25383146906656,
      2.1452735840328154,
      1.3439719750767662
    ],
    "best_grad_norm_mean": 0.0
  },
  "test_metrics": {
    "total_loss": 0.05479653396041078,
    "forecast_loss": 0.05479653396041078,
    "direction_loss": 0.0,
    "line_loss": 0.0049829105230267436,
    "band_loss": 0.049813623375752396,
    "cross_loss": 0.0,
    "coverage": 0.9977403879165649,
    "avg_band_width": 0.49708837270736694,
    "direction_accuracy": 0.4904198944568634,
    "mae": 0.07349373400211334,
    "smape": 1.5616748332977295,
    "mean_signed_error": -0.05388330668210983,
    "overprediction_rate": 0.2378312200307846,
    "mean_overprediction": 0.041227616369724274,
    "spearman_ic": 0.013308920409320534,
    "top_k_long_spread": 0.0008160406871393771,
    "top_k_short_spread": 0.00043182822634171267,
    "long_short_spread": 0.0003842124607976644,
    "fee_adjusted_return": -0.3170836598503637,
    "fee_adjusted_sharpe": -0.005672690444887249,
    "fee_adjusted_turnover": 0.6046511627906976
  },
  "dataset_plan": {
    "timeframe": "1D",
    "seq_len": 252,
    "horizon": 5,
    "h_max": 20,
    "min_fold_samples": 50,
    "input_ticker_count": 50,
    "eligible_ticker_count": 48,
    "excluded_ticker_count": 2,
    "eligible_tickers": [
      "A",
      "AAPL",
      "ABBV",
      "ABNB",
      "ABT",
      "ACGL",
      "ACN",
      "ADBE",
      "ADI",
      "ADM",
      "ADP",
      "ADSK",
      "AEE",
      "AEP",
      "AES",
      "AFL",
      "AIG",
      "AIZ",
      "AJG",
      "AKAM",
      "ALB",
      "ALGN",
      "ALL",
      "ALLE",
      "AMAT",
      "AMCR",
      "AMD",
      "AME",
      "AMGN",
      "AMT",
      "AMZN",
      "ANET",
      "AON",
      "AOS",
      "APD",
      "APH",
      "APO",
      "APP",
      "APTV",
      "ARE",
      "ARES",
      "ATO",
      "AVB",
      "AVGO",
      "AVY",
      "AWK",
      "AXON",
      "AXP"
    ],
    "excluded_reasons": {
      "AMP": "Gate fundamentals",
      "APA": "Gate fundamentals"
    },
    "num_tickers": 48,
    "ticker_registry_path": "ai\\cache\\ticker_id_map_1d.json",
    "train_samples": 80459,
    "val_samples": 17231,
    "test_samples": 17171
  }
}
[EXIT-MARKER {"step": "after_result_json", "run_id": "patchtst-1D-8441e735ef22"}]
[EXIT-MARKER {"step": "after_stdio_flush", "run_id": "patchtst-1D-8441e735ef22"}]
