з蝗 蛤夥檜蝶: cuda
GPU: NVIDIA GeForce RTX 5060 Ti
amp_dtype=bf16 detect_anomaly=False
{"epoch": 1, "epoch_seconds": 75.655, "elapsed_seconds": 75.655, "estimated_remaining_seconds": 151.31, "vram_peak_allocated_mb": 5153.26, "val_total": 0.23154926365789244, "val_forecast": 0.23154926365789244, "best_so_far": 0.23154926365789244, "epochs_since_improve": 0, "lr": 7.974943486877811e-05, "grad_norm_mean": 6.177247366829524, "train/total_loss": 1.332816921907758, "train/forecast_loss": 1.332816921907758, "train/line_loss": 0.39999073791125467, "train/band_loss": 0.46641309062639874, "train/cross_loss": 0.0, "train/direction_loss": 0.0, "train/grad_norm_mean": 6.177247366829524, "val/total_loss": 0.23154926365789244, "val/forecast_loss": 0.23154926365789244, "val/line_loss": 0.03582195134367794, "val/band_loss": 0.09786365641390576, "val/cross_loss": 0.0, "val/direction_loss": 0.0, "val/grad_norm_mean": 0.0, "val/coverage": 0.9920144081115723, "val/lower_breach_rate": 0.0045847599394619465, "val/upper_breach_rate": 0.003400847315788269, "val/avg_band_width": 0.6521590948104858, "val/mae": 0.2257528454065323, "val/smape": 1.8086035251617432, "val/direction_accuracy": 0.4403690993785858, "val/mean_signed_error": -0.2218002825975418, "val/overprediction_rate": 0.04009053483605385, "val/mean_overprediction": 0.049295488744974136, "val/spearman_ic": -0.00699008530632124, "val/top_k_long_spread": 0.001117241002770034, "val/top_k_short_spread": 0.0031543710655733163, "val/long_short_spread": -0.0020371300628032824, "val/fee_adjusted_return": -0.961084468459661, "val/fee_adjusted_sharpe": -0.056531801579058544, "val/fee_adjusted_turnover": 1.36327868852459}
val_total=0.231549 val_forecast=0.231549 best_so_far=0.231549 epochs_since_improve=0 lr=0.00007975 grad_norm_mean=6.177247 epoch_seconds=75.65 elapsed_seconds=75.66 eta_seconds=151.31 vram_peak_allocated_mb=5153.26
{"epoch": 2, "epoch_seconds": 74.9183, "elapsed_seconds": 150.5738, "estimated_remaining_seconds": 74.9183, "vram_peak_allocated_mb": 5153.26, "val_total": 0.14181740801124013, "val_forecast": 0.14181740801124013, "best_so_far": 0.14181740801124013, "epochs_since_improve": 0, "lr": 2.8035194096149304e-05, "grad_norm_mean": 4.0467608372370405, "train/total_loss": 0.5256305102318052, "train/forecast_loss": 0.5256305102318052, "train/line_loss": 0.12773079798808173, "train/band_loss": 0.19894985547141422, "train/cross_loss": 0.0, "train/direction_loss": 0.0, "train/grad_norm_mean": 4.0467608372370405, "val/total_loss": 0.14181740801124013, "val/forecast_loss": 0.14181740801124013, "val/line_loss": 0.006546046947786475, "val/band_loss": 0.067635680329712, "val/cross_loss": 0.0, "val/direction_loss": 0.0, "val/grad_norm_mean": 0.0, "val/coverage": 0.995728611946106, "val/lower_breach_rate": 0.0006151703419163823, "val/upper_breach_rate": 0.0036562010645866394, "val/avg_band_width": 0.45140236616134644, "val/mae": 0.08899325132369995, "val/smape": 1.648309588432312, "val/direction_accuracy": 0.4478556215763092, "val/mean_signed_error": -0.07767516374588013, "val/overprediction_rate": 0.1437409371137619, "val/mean_overprediction": 0.03936975449323654, "val/spearman_ic": 0.04614948542072917, "val/top_k_long_spread": 0.001557210471058125, "val/top_k_short_spread": 0.0005174654295007683, "val/long_short_spread": 0.0010397450415573569, "val/fee_adjusted_return": -0.44793992111309533, "val/fee_adjusted_sharpe": 0.005830658684900071, "val/fee_adjusted_turnover": 0.7468852459016393}
val_total=0.141817 val_forecast=0.141817 best_so_far=0.141817 epochs_since_improve=0 lr=0.00002804 grad_norm_mean=4.046761 epoch_seconds=74.92 elapsed_seconds=150.57 eta_seconds=74.92 vram_peak_allocated_mb=5153.26
{"epoch": 3, "epoch_seconds": 74.8976, "elapsed_seconds": 225.4717, "estimated_remaining_seconds": 0.0, "vram_peak_allocated_mb": 5153.26, "val_total": 0.12116132468423423, "val_forecast": 0.12116132468423423, "best_so_far": 0.12116132468423423, "epochs_since_improve": 0, "lr": 1.0000000000000002e-06, "grad_norm_mean": 2.8197908416626944, "train/total_loss": 0.31097904424818734, "train/forecast_loss": 0.31097904424818734, "train/line_loss": 0.06102153740468479, "train/band_loss": 0.12497875361688553, "train/cross_loss": 0.0, "train/direction_loss": 0.0, "train/grad_norm_mean": 2.8197908416626944, "val/total_loss": 0.12116132468423423, "val/forecast_loss": 0.12116132468423423, "val/line_loss": 0.005926438214373775, "val/band_loss": 0.05761744312065489, "val/cross_loss": 0.0, "val/direction_loss": 0.0, "val/grad_norm_mean": 0.0, "val/coverage": 0.9939759969711304, "val/lower_breach_rate": 0.00213568564504385, "val/upper_breach_rate": 0.0038883406668901443, "val/avg_band_width": 0.38407638669013977, "val/mae": 0.08521786332130432, "val/smape": 1.643584966659546, "val/direction_accuracy": 0.4432128071784973, "val/mean_signed_error": -0.07547163963317871, "val/overprediction_rate": 0.1317509114742279, "val/mean_overprediction": 0.03698734566569328, "val/spearman_ic": 0.051032193751686446, "val/top_k_long_spread": 0.001993506477471082, "val/top_k_short_spread": -0.00020891822147904514, "val/long_short_spread": 0.0022024246989501275, "val/fee_adjusted_return": 0.20108410859322468, "val/fee_adjusted_sharpe": 0.031124106727927116, "val/fee_adjusted_turnover": 0.6373770491803279}
val_total=0.121161 val_forecast=0.121161 best_so_far=0.121161 epochs_since_improve=0 lr=0.00000100 grad_norm_mean=2.819791 epoch_seconds=74.90 elapsed_seconds=225.47 eta_seconds=0.00 vram_peak_allocated_mb=5153.26
[EXIT-MARKER {"step": "result_ready", "run_id": "patchtst-1D-623c17621551"}]
[EXIT-MARKER {"step": "before_result_json", "run_id": "patchtst-1D-623c17621551"}]
{
  "run_id": "patchtst-1D-623c17621551",
  "checkpoint_path": "ai\\artifacts\\checkpoints\\patchtst_1D_patchtst-1D-623c17621551.pt",
  "feature_mean": [
    0.0006515224231407046,
    1.1356487274169922,
    1.1602340936660767,
    1.110434651374817,
    0.12796299159526825,
    0.0013815973652526736,
    0.0067066955380141735,
    0.020836934447288513,
    0.5433607697486877,
    0.003245249390602112,
    0.5710976123809814,
    2.030247211456299,
    0.6550283432006836,
    18.709985733032227,
    0.03557736799120903,
    23.542083740234375,
    60.51097869873047,
    0.39266201853752136,
    0.43702077865600586,
    0.17031720280647278,
    0.0,
    0.0,
    0.0,
    0.0,
    0.0,
    0.0,
    1.0,
    0.920109748840332,
    0.0,
    0.006638635881245136,
    -0.017632706090807915,
    -0.009596568532288074,
    -0.009847510606050491,
    0.22684377431869507,
    0.07495181262493134,
    0.046610746532678604
  ],
  "feature_std": [
    0.020608164370059967,
    3.671778440475464,
    3.7156906127929688,
    3.6260592937469482,
    6.19923210144043,
    0.021952087059617043,
    0.047606904059648514,
    0.08202864229679108,
    0.16817691922187805,
    0.02223801799118519,
    0.32220780849456787,
    0.7536247372627258,
    0.47509753704071045,
    8.136465072631836,
    0.3703364133834839,
    38.03653335571289,
    25.08763885498047,
    0.48834267258644104,
    0.4960177540779114,
    0.37591123580932617,
    0.0010000000474974513,
    0.0010000000474974513,
    0.0010000000474974513,
    0.0010000000474974513,
    0.0010000000474974513,
    0.0010000000474974513,
    0.0010000000474974513,
    0.2711232006549835,
    0.0010000000474974513,
    0.7124506235122681,
    0.7014693021774292,
    0.7079940438270569,
    0.7060845494270325,
    0.418790727853775,
    0.26331356167793274,
    0.21080365777015686
  ],
  "best_metrics": {
    "total_loss": 0.12116132468423423,
    "forecast_loss": 0.12116132468423423,
    "line_loss": 0.005926438214373775,
    "band_loss": 0.05761744312065489,
    "cross_loss": 0.0,
    "direction_loss": 0.0,
    "grad_norm_mean": 0.0,
    "coverage": 0.9939759969711304,
    "lower_breach_rate": 0.00213568564504385,
    "upper_breach_rate": 0.0038883406668901443,
    "avg_band_width": 0.38407638669013977,
    "mae": 0.08521786332130432,
    "smape": 1.643584966659546,
    "direction_accuracy": 0.4432128071784973,
    "mean_signed_error": -0.07547163963317871,
    "overprediction_rate": 0.1317509114742279,
    "mean_overprediction": 0.03698734566569328,
    "spearman_ic": 0.051032193751686446,
    "top_k_long_spread": 0.001993506477471082,
    "top_k_short_spread": -0.00020891822147904514,
    "long_short_spread": 0.0022024246989501275,
    "fee_adjusted_return": 0.20108410859322468,
    "fee_adjusted_sharpe": 0.031124106727927116,
    "fee_adjusted_turnover": 0.6373770491803279,
    "best_epoch": 3,
    "best_val_total": 0.12116132468423423,
    "best_val_forecast_loss": 0.12116132468423423,
    "best_val_total_including_direction": 0.12116132468423423,
    "early_stopped": false,
    "grad_norm_history": [
      6.177247366829524,
      4.0467608372370405,
      2.8197908416626944
    ],
    "best_grad_norm_mean": 0.0
  },
  "test_metrics": {
    "total_loss": 0.04879189126522226,
    "forecast_loss": 0.04879189126522226,
    "direction_loss": 0.0,
    "line_loss": 0.007482494162532556,
    "band_loss": 0.04130939720198512,
    "cross_loss": 0.0,
    "coverage": 0.9940248131752014,
    "avg_band_width": 0.4111889600753784,
    "direction_accuracy": 0.4880903959274292,
    "mae": 0.09514924883842468,
    "smape": 1.6119085550308228,
    "mean_signed_error": -0.08502466976642609,
    "overprediction_rate": 0.13765068352222443,
    "mean_overprediction": 0.03677636384963989,
    "spearman_ic": 0.007409902914575788,
    "top_k_long_spread": 0.0015550030867893428,
    "top_k_short_spread": 0.0009189360704366726,
    "long_short_spread": 0.00063606701635267,
    "fee_adjusted_return": -0.25022620175615495,
    "fee_adjusted_sharpe": -0.0004787905375495685,
    "fee_adjusted_turnover": 0.6542635658914728
  },
  "dataset_plan": {
    "timeframe": "1D",
    "seq_len": 252,
    "horizon": 5,
    "h_max": 20,
    "min_fold_samples": 50,
    "input_ticker_count": 50,
    "eligible_ticker_count": 48,
    "excluded_ticker_count": 2,
    "eligible_tickers": [
      "A",
      "AAPL",
      "ABBV",
      "ABNB",
      "ABT",
      "ACGL",
      "ACN",
      "ADBE",
      "ADI",
      "ADM",
      "ADP",
      "ADSK",
      "AEE",
      "AEP",
      "AES",
      "AFL",
      "AIG",
      "AIZ",
      "AJG",
      "AKAM",
      "ALB",
      "ALGN",
      "ALL",
      "ALLE",
      "AMAT",
      "AMCR",
      "AMD",
      "AME",
      "AMGN",
      "AMT",
      "AMZN",
      "ANET",
      "AON",
      "AOS",
      "APD",
      "APH",
      "APO",
      "APP",
      "APTV",
      "ARE",
      "ARES",
      "ATO",
      "AVB",
      "AVGO",
      "AVY",
      "AWK",
      "AXON",
      "AXP"
    ],
    "excluded_reasons": {
      "AMP": "Gate fundamentals",
      "APA": "Gate fundamentals"
    },
    "num_tickers": 48,
    "ticker_registry_path": "ai\\cache\\ticker_id_map_1d.json",
    "train_samples": 80459,
    "val_samples": 17231,
    "test_samples": 17171
  }
}
[EXIT-MARKER {"step": "after_result_json", "run_id": "patchtst-1D-623c17621551"}]
[EXIT-MARKER {"step": "after_stdio_flush", "run_id": "patchtst-1D-623c17621551"}]
