з蝗 蛤夥檜蝶: cuda
GPU: NVIDIA GeForce RTX 5060 Ti
amp_dtype=bf16 detect_anomaly=False
{"epoch": 1, "epoch_seconds": 78.2818, "elapsed_seconds": 78.2818, "estimated_remaining_seconds": 156.5637, "vram_peak_allocated_mb": 5153.26, "val_total": 0.24721741303801537, "val_forecast": 0.24721741303801537, "best_so_far": 0.24721741303801537, "epochs_since_improve": 0, "lr": 7.974943486877811e-05, "grad_norm_mean": 4.327368419132536, "train/total_loss": 0.9152119425554124, "train/forecast_loss": 0.9152119425554124, "train/line_loss": 0.3801213471189378, "train/band_loss": 0.47427126907166983, "train/cross_loss": 0.06081932500477821, "train/direction_loss": 0.0, "train/grad_norm_mean": 4.327368419132536, "val/total_loss": 0.24721741303801537, "val/forecast_loss": 0.24721741303801537, "val/line_loss": 0.017934644105159405, "val/band_loss": 0.22928276899106362, "val/cross_loss": 0.0, "val/direction_loss": 0.0, "val/grad_norm_mean": 0.0, "val/coverage": 1.0, "val/lower_breach_rate": 0.0, "val/upper_breach_rate": 0.0, "val/avg_band_width": 1.1496312618255615, "val/mae": 0.15340663492679596, "val/smape": 1.7381956577301025, "val/direction_accuracy": 0.4436190724372864, "val/mean_signed_error": -0.1397905796766281, "val/overprediction_rate": 0.11129940301179886, "val/mean_overprediction": 0.06116853281855583, "val/spearman_ic": 0.008885074764345404, "val/top_k_long_spread": 0.0013411670952098306, "val/top_k_short_spread": 0.0019478455308985087, "val/long_short_spread": -0.0006066784356886781, "val/fee_adjusted_return": -0.8468036527714433, "val/fee_adjusted_sharpe": -0.035425673113877364, "val/fee_adjusted_turnover": 1.1724590163934427}
val_total=0.247217 val_forecast=0.247217 best_so_far=0.247217 epochs_since_improve=0 lr=0.00007975 grad_norm_mean=4.327368 epoch_seconds=78.28 elapsed_seconds=78.28 eta_seconds=156.56 vram_peak_allocated_mb=5153.26
{"epoch": 2, "epoch_seconds": 75.7293, "elapsed_seconds": 154.0194, "estimated_remaining_seconds": 75.7293, "vram_peak_allocated_mb": 5153.26, "val_total": 0.09693767930216649, "val_forecast": 0.09693767930216649, "best_so_far": 0.09693767930216649, "epochs_since_improve": 0, "lr": 2.8035194096149304e-05, "grad_norm_mean": 2.2929551987420944, "train/total_loss": 0.3083503551899441, "train/forecast_loss": 0.3083503551899441, "train/line_loss": 0.0890285603879463, "train/band_loss": 0.21068760218128327, "train/cross_loss": 0.008634193155855414, "train/direction_loss": 0.0, "train/grad_norm_mean": 2.2929551987420944, "val/total_loss": 0.09693767930216649, "val/forecast_loss": 0.09693767930216649, "val/line_loss": 0.0051195097030893736, "val/band_loss": 0.0918181696358849, "val/cross_loss": 0.0, "val/direction_loss": 0.0, "val/grad_norm_mean": 0.0, "val/coverage": 0.9970634579658508, "val/lower_breach_rate": 0.0010794497793540359, "val/upper_breach_rate": 0.0018571179825812578, "val/avg_band_width": 0.45985427498817444, "val/mae": 0.07540745288133621, "val/smape": 1.6083929538726807, "val/direction_accuracy": 0.4711856544017792, "val/mean_signed_error": -0.05848090350627899, "val/overprediction_rate": 0.2026231735944748, "val/mean_overprediction": 0.04176853224635124, "val/spearman_ic": 0.07017974301038182, "val/top_k_long_spread": 0.004670869338116943, "val/top_k_short_spread": -0.00045663095401412976, "val/long_short_spread": 0.005127500292131072, "val/fee_adjusted_return": 6.098911163478858, "val/fee_adjusted_sharpe": 0.08768172663063213, "val/fee_adjusted_turnover": 0.5691803278688525}
val_total=0.096938 val_forecast=0.096938 best_so_far=0.096938 epochs_since_improve=0 lr=0.00002804 grad_norm_mean=2.292955 epoch_seconds=75.73 elapsed_seconds=154.02 eta_seconds=75.73 vram_peak_allocated_mb=5153.26
{"epoch": 3, "epoch_seconds": 75.6114, "elapsed_seconds": 229.6312, "estimated_remaining_seconds": 0.0, "vram_peak_allocated_mb": 5153.26, "val_total": 0.07408087815651122, "val_forecast": 0.07408087815651122, "best_so_far": 0.07408087815651122, "epochs_since_improve": 0, "lr": 1.0000000000000002e-06, "grad_norm_mean": 1.4664398579370408, "train/total_loss": 0.14454236368811318, "train/forecast_loss": 0.14454236368811318, "train/line_loss": 0.023566353202812255, "train/band_loss": 0.11857942435003463, "train/cross_loss": 0.002396587193906603, "train/direction_loss": 0.0, "train/grad_norm_mean": 1.4664398579370408, "val/total_loss": 0.07408087815651122, "val/forecast_loss": 0.07408087815651122, "val/line_loss": 0.003970380572889767, "val/band_loss": 0.07011049783186, "val/cross_loss": 0.0, "val/direction_loss": 0.0, "val/grad_norm_mean": 0.0, "val/coverage": 0.9872555136680603, "val/lower_breach_rate": 0.003981196787208319, "val/upper_breach_rate": 0.008763275109231472, "val/avg_band_width": 0.3496391773223877, "val/mae": 0.06397313624620438, "val/smape": 1.5757107734680176, "val/direction_accuracy": 0.4650919735431671, "val/mean_signed_error": -0.04328577220439911, "val/overprediction_rate": 0.2510475218296051, "val/mean_overprediction": 0.04120209068059921, "val/spearman_ic": 0.07035878693730714, "val/top_k_long_spread": 0.004622669649295142, "val/top_k_short_spread": -0.000502144499967203, "val/long_short_spread": 0.005124814149262346, "val/fee_adjusted_return": 6.504664908635971, "val/fee_adjusted_sharpe": 0.08933696242377152, "val/fee_adjusted_turnover": 0.46754098360655744}
val_total=0.074081 val_forecast=0.074081 best_so_far=0.074081 epochs_since_improve=0 lr=0.00000100 grad_norm_mean=1.466440 epoch_seconds=75.61 elapsed_seconds=229.63 eta_seconds=0.00 vram_peak_allocated_mb=5153.26
[EXIT-MARKER {"step": "result_ready", "run_id": "patchtst-1D-2093e0509d40"}]
[EXIT-MARKER {"step": "before_result_json", "run_id": "patchtst-1D-2093e0509d40"}]
{
  "run_id": "patchtst-1D-2093e0509d40",
  "checkpoint_path": "ai\\artifacts\\checkpoints\\patchtst_1D_patchtst-1D-2093e0509d40.pt",
  "feature_mean": [
    0.0006515224231407046,
    1.1356487274169922,
    1.1602340936660767,
    1.110434651374817,
    0.12796299159526825,
    0.0013815973652526736,
    0.0067066955380141735,
    0.020836934447288513,
    0.5433607697486877,
    0.003245249390602112,
    0.5710976123809814,
    2.030247211456299,
    0.6550283432006836,
    18.709985733032227,
    0.03557736799120903,
    23.542083740234375,
    60.51097869873047,
    0.39266201853752136,
    0.43702077865600586,
    0.17031720280647278,
    0.0,
    0.0,
    0.0,
    0.0,
    0.0,
    0.0,
    1.0,
    0.920109748840332,
    0.0,
    0.006638635881245136,
    -0.017632706090807915,
    -0.009596568532288074,
    -0.009847510606050491,
    0.22684377431869507,
    0.07495181262493134,
    0.046610746532678604
  ],
  "feature_std": [
    0.020608164370059967,
    3.671778440475464,
    3.7156906127929688,
    3.6260592937469482,
    6.19923210144043,
    0.021952087059617043,
    0.047606904059648514,
    0.08202864229679108,
    0.16817691922187805,
    0.02223801799118519,
    0.32220780849456787,
    0.7536247372627258,
    0.47509753704071045,
    8.136465072631836,
    0.3703364133834839,
    38.03653335571289,
    25.08763885498047,
    0.48834267258644104,
    0.4960177540779114,
    0.37591123580932617,
    0.0010000000474974513,
    0.0010000000474974513,
    0.0010000000474974513,
    0.0010000000474974513,
    0.0010000000474974513,
    0.0010000000474974513,
    0.0010000000474974513,
    0.2711232006549835,
    0.0010000000474974513,
    0.7124506235122681,
    0.7014693021774292,
    0.7079940438270569,
    0.7060845494270325,
    0.418790727853775,
    0.26331356167793274,
    0.21080365777015686
  ],
  "best_metrics": {
    "total_loss": 0.07408087815651122,
    "forecast_loss": 0.07408087815651122,
    "line_loss": 0.003970380572889767,
    "band_loss": 0.07011049783186,
    "cross_loss": 0.0,
    "direction_loss": 0.0,
    "grad_norm_mean": 0.0,
    "coverage": 0.9872555136680603,
    "lower_breach_rate": 0.003981196787208319,
    "upper_breach_rate": 0.008763275109231472,
    "avg_band_width": 0.3496391773223877,
    "mae": 0.06397313624620438,
    "smape": 1.5757107734680176,
    "direction_accuracy": 0.4650919735431671,
    "mean_signed_error": -0.04328577220439911,
    "overprediction_rate": 0.2510475218296051,
    "mean_overprediction": 0.04120209068059921,
    "spearman_ic": 0.07035878693730714,
    "top_k_long_spread": 0.004622669649295142,
    "top_k_short_spread": -0.000502144499967203,
    "long_short_spread": 0.005124814149262346,
    "fee_adjusted_return": 6.504664908635971,
    "fee_adjusted_sharpe": 0.08933696242377152,
    "fee_adjusted_turnover": 0.46754098360655744,
    "best_epoch": 3,
    "best_val_total": 0.07408087815651122,
    "best_val_forecast_loss": 0.07408087815651122,
    "best_val_total_including_direction": 0.07408087815651122,
    "early_stopped": false,
    "grad_norm_history": [
      4.327368419132536,
      2.2929551987420944,
      1.4664398579370408
    ],
    "best_grad_norm_mean": 0.0
  },
  "test_metrics": {
    "total_loss": 0.04267944118884556,
    "forecast_loss": 0.04267944118884556,
    "direction_loss": 0.0,
    "line_loss": 0.004851670384489219,
    "band_loss": 0.03782777077354053,
    "cross_loss": 0.0,
    "coverage": 0.9848814606666565,
    "avg_band_width": 0.37370964884757996,
    "direction_accuracy": 0.49205055832862854,
    "mae": 0.07201772928237915,
    "smape": 1.5581328868865967,
    "mean_signed_error": -0.05099796876311302,
    "overprediction_rate": 0.25081825256347656,
    "mean_overprediction": 0.04190238192677498,
    "spearman_ic": 0.013618823173903356,
    "top_k_long_spread": 0.0010430083209056124,
    "top_k_short_spread": 3.967344840206474e-05,
    "long_short_spread": 0.0010033348725035475,
    "fee_adjusted_return": -0.12531359793807684,
    "fee_adjusted_sharpe": 0.010549231932621644,
    "fee_adjusted_turnover": 0.5963824289405685
  },
  "dataset_plan": {
    "timeframe": "1D",
    "seq_len": 252,
    "horizon": 5,
    "h_max": 20,
    "min_fold_samples": 50,
    "input_ticker_count": 50,
    "eligible_ticker_count": 48,
    "excluded_ticker_count": 2,
    "eligible_tickers": [
      "A",
      "AAPL",
      "ABBV",
      "ABNB",
      "ABT",
      "ACGL",
      "ACN",
      "ADBE",
      "ADI",
      "ADM",
      "ADP",
      "ADSK",
      "AEE",
      "AEP",
      "AES",
      "AFL",
      "AIG",
      "AIZ",
      "AJG",
      "AKAM",
      "ALB",
      "ALGN",
      "ALL",
      "ALLE",
      "AMAT",
      "AMCR",
      "AMD",
      "AME",
      "AMGN",
      "AMT",
      "AMZN",
      "ANET",
      "AON",
      "AOS",
      "APD",
      "APH",
      "APO",
      "APP",
      "APTV",
      "ARE",
      "ARES",
      "ATO",
      "AVB",
      "AVGO",
      "AVY",
      "AWK",
      "AXON",
      "AXP"
    ],
    "excluded_reasons": {
      "AMP": "Gate fundamentals",
      "APA": "Gate fundamentals"
    },
    "num_tickers": 48,
    "ticker_registry_path": "ai\\cache\\ticker_id_map_1d.json",
    "train_samples": 80459,
    "val_samples": 17231,
    "test_samples": 17171
  }
}
[EXIT-MARKER {"step": "after_result_json", "run_id": "patchtst-1D-2093e0509d40"}]
[EXIT-MARKER {"step": "after_stdio_flush", "run_id": "patchtst-1D-2093e0509d40"}]
