з蝗 蛤夥檜蝶: cuda
GPU: NVIDIA GeForce RTX 5060 Ti
amp_dtype=bf16 detect_anomaly=False
{"epoch": 1, "epoch_seconds": 75.8055, "elapsed_seconds": 75.8055, "estimated_remaining_seconds": 151.6111, "vram_peak_allocated_mb": 5153.26, "val_total": 0.6159996925031438, "val_forecast": 0.6159996925031438, "best_so_far": 0.6159996925031438, "epochs_since_improve": 0, "lr": 7.974943486877811e-05, "grad_norm_mean": 7.831908148810977, "train/total_loss": 2.1373468864531744, "train/forecast_loss": 2.1373468864531744, "train/line_loss": 0.39784224766587456, "train/band_loss": 0.5418526560541184, "train/cross_loss": 0.11394666492465942, "train/direction_loss": 0.0, "train/grad_norm_mean": 7.831908148810977, "val/total_loss": 0.6159996925031438, "val/forecast_loss": 0.6159996925031438, "val/line_loss": 0.027562599355245337, "val/band_loss": 0.19614569689421094, "val/cross_loss": 0.0, "val/direction_loss": 0.0, "val/grad_norm_mean": 0.0, "val/coverage": 0.9946143627166748, "val/lower_breach_rate": 0.00018571180407889187, "val/upper_breach_rate": 0.005199930164963007, "val/avg_band_width": 0.6550663113594055, "val/mae": 0.18839219212532043, "val/smape": 1.761682391166687, "val/direction_accuracy": 0.4415298104286194, "val/mean_signed_error": -0.1689634919166565, "val/overprediction_rate": 0.12954558432102203, "val/mean_overprediction": 0.07498788088560104, "val/spearman_ic": -0.0039269410855358265, "val/top_k_long_spread": 0.0009046469170407661, "val/top_k_short_spread": 0.0026061872908746306, "val/long_short_spread": -0.0017015403738338643, "val/fee_adjusted_return": -0.940121811937357, "val/fee_adjusted_sharpe": -0.05414125082457684, "val/fee_adjusted_turnover": 1.2977049180327869}
val_total=0.616000 val_forecast=0.616000 best_so_far=0.616000 epochs_since_improve=0 lr=0.00007975 grad_norm_mean=7.831908 epoch_seconds=75.81 elapsed_seconds=75.81 eta_seconds=151.61 vram_peak_allocated_mb=5153.26
{"epoch": 2, "epoch_seconds": 75.1159, "elapsed_seconds": 150.9311, "estimated_remaining_seconds": 75.1159, "vram_peak_allocated_mb": 5153.26, "val_total": 0.28939424170290723, "val_forecast": 0.28939424170290723, "best_so_far": 0.28939424170290723, "epochs_since_improve": 0, "lr": 2.8035194096149304e-05, "grad_norm_mean": 5.6953255895584345, "train/total_loss": 0.9263502306408352, "train/forecast_loss": 0.9263502306408352, "train/line_loss": 0.11469531455446803, "train/band_loss": 0.2586642021697665, "train/cross_loss": 0.03566231395871866, "train/direction_loss": 0.0, "train/grad_norm_mean": 5.6953255895584345, "val/total_loss": 0.28939424170290723, "val/forecast_loss": 0.28939424170290723, "val/line_loss": 0.0062871969335794664, "val/band_loss": 0.09436901483465643, "val/cross_loss": 0.0, "val/direction_loss": 0.0, "val/grad_norm_mean": 0.0, "val/coverage": 0.9669433236122131, "val/lower_breach_rate": 0.011804305948317051, "val/upper_breach_rate": 0.02125239372253418, "val/avg_band_width": 0.3120202422142029, "val/mae": 0.08647748827934265, "val/smape": 1.6401463747024536, "val/direction_accuracy": 0.45615461468696594, "val/mean_signed_error": -0.07398834079504013, "val/overprediction_rate": 0.15402472019195557, "val/mean_overprediction": 0.04054266959428787, "val/spearman_ic": 0.05748100491545774, "val/top_k_long_spread": 0.002900366147132743, "val/top_k_short_spread": 0.00027263211637456735, "val/long_short_spread": 0.0026277340307581756, "val/fee_adjusted_return": 0.5229176811128708, "val/fee_adjusted_sharpe": 0.038669468457177524, "val/fee_adjusted_turnover": 0.7226229508196721}
val_total=0.289394 val_forecast=0.289394 best_so_far=0.289394 epochs_since_improve=0 lr=0.00002804 grad_norm_mean=5.695326 epoch_seconds=75.12 elapsed_seconds=150.93 eta_seconds=75.12 vram_peak_allocated_mb=5153.26
{"epoch": 3, "epoch_seconds": 75.03, "elapsed_seconds": 225.9614, "estimated_remaining_seconds": 0.0, "vram_peak_allocated_mb": 5153.26, "val_total": 0.22476874883560574, "val_forecast": 0.22476874883560574, "best_so_far": 0.22476874883560574, "epochs_since_improve": 0, "lr": 1.0000000000000002e-06, "grad_norm_mean": 4.347794729565817, "train/total_loss": 0.49144329475978066, "train/forecast_loss": 0.49144329475978066, "train/line_loss": 0.038309163103501, "train/band_loss": 0.14615924561780597, "train/cross_loss": 0.014656395074867067, "train/direction_loss": 0.0, "train/grad_norm_mean": 4.347794729565817, "val/total_loss": 0.22476874883560574, "val/forecast_loss": 0.22476874883560574, "val/line_loss": 0.004657273250974386, "val/band_loss": 0.07337049225016552, "val/cross_loss": 0.0, "val/direction_loss": 0.0, "val/grad_norm_mean": 0.0, "val/coverage": 0.9214787483215332, "val/lower_breach_rate": 0.02273808792233467, "val/upper_breach_rate": 0.05578318238258362, "val/avg_band_width": 0.23736339807510376, "val/mae": 0.07149315625429153, "val/smape": 1.6000268459320068, "val/direction_accuracy": 0.46062329411506653, "val/mean_signed_error": -0.05429670959711075, "val/overprediction_rate": 0.21091057360172272, "val/mean_overprediction": 0.04076716676354408, "val/spearman_ic": 0.0640919883035343, "val/top_k_long_spread": 0.00372908067730186, "val/top_k_short_spread": -0.00012759179610197937, "val/long_short_spread": 0.0038566724734038394, "val/fee_adjusted_return": 2.291304237552142, "val/fee_adjusted_sharpe": 0.06370898386532894, "val/fee_adjusted_turnover": 0.6091803278688525}
val_total=0.224769 val_forecast=0.224769 best_so_far=0.224769 epochs_since_improve=0 lr=0.00000100 grad_norm_mean=4.347795 epoch_seconds=75.03 elapsed_seconds=225.96 eta_seconds=0.00 vram_peak_allocated_mb=5153.26
[EXIT-MARKER {"step": "result_ready", "run_id": "patchtst-1D-c278955adc77"}]
[EXIT-MARKER {"step": "before_result_json", "run_id": "patchtst-1D-c278955adc77"}]
{
  "run_id": "patchtst-1D-c278955adc77",
  "checkpoint_path": "ai\\artifacts\\checkpoints\\patchtst_1D_patchtst-1D-c278955adc77.pt",
  "feature_mean": [
    0.0006515224231407046,
    1.1356487274169922,
    1.1602340936660767,
    1.110434651374817,
    0.12796299159526825,
    0.0013815973652526736,
    0.0067066955380141735,
    0.020836934447288513,
    0.5433607697486877,
    0.003245249390602112,
    0.5710976123809814,
    2.030247211456299,
    0.6550283432006836,
    18.709985733032227,
    0.03557736799120903,
    23.542083740234375,
    60.51097869873047,
    0.39266201853752136,
    0.43702077865600586,
    0.17031720280647278,
    0.0,
    0.0,
    0.0,
    0.0,
    0.0,
    0.0,
    1.0,
    0.920109748840332,
    0.0,
    0.006638635881245136,
    -0.017632706090807915,
    -0.009596568532288074,
    -0.009847510606050491,
    0.22684377431869507,
    0.07495181262493134,
    0.046610746532678604
  ],
  "feature_std": [
    0.020608164370059967,
    3.671778440475464,
    3.7156906127929688,
    3.6260592937469482,
    6.19923210144043,
    0.021952087059617043,
    0.047606904059648514,
    0.08202864229679108,
    0.16817691922187805,
    0.02223801799118519,
    0.32220780849456787,
    0.7536247372627258,
    0.47509753704071045,
    8.136465072631836,
    0.3703364133834839,
    38.03653335571289,
    25.08763885498047,
    0.48834267258644104,
    0.4960177540779114,
    0.37591123580932617,
    0.0010000000474974513,
    0.0010000000474974513,
    0.0010000000474974513,
    0.0010000000474974513,
    0.0010000000474974513,
    0.0010000000474974513,
    0.0010000000474974513,
    0.2711232006549835,
    0.0010000000474974513,
    0.7124506235122681,
    0.7014693021774292,
    0.7079940438270569,
    0.7060845494270325,
    0.418790727853775,
    0.26331356167793274,
    0.21080365777015686
  ],
  "best_metrics": {
    "total_loss": 0.22476874883560574,
    "forecast_loss": 0.22476874883560574,
    "line_loss": 0.004657273250974386,
    "band_loss": 0.07337049225016552,
    "cross_loss": 0.0,
    "direction_loss": 0.0,
    "grad_norm_mean": 0.0,
    "coverage": 0.9214787483215332,
    "lower_breach_rate": 0.02273808792233467,
    "upper_breach_rate": 0.05578318238258362,
    "avg_band_width": 0.23736339807510376,
    "mae": 0.07149315625429153,
    "smape": 1.6000268459320068,
    "direction_accuracy": 0.46062329411506653,
    "mean_signed_error": -0.05429670959711075,
    "overprediction_rate": 0.21091057360172272,
    "mean_overprediction": 0.04076716676354408,
    "spearman_ic": 0.0640919883035343,
    "top_k_long_spread": 0.00372908067730186,
    "top_k_short_spread": -0.00012759179610197937,
    "long_short_spread": 0.0038566724734038394,
    "fee_adjusted_return": 2.291304237552142,
    "fee_adjusted_sharpe": 0.06370898386532894,
    "fee_adjusted_turnover": 0.6091803278688525,
    "best_epoch": 3,
    "best_val_total": 0.22476874883560574,
    "best_val_forecast_loss": 0.22476874883560574,
    "best_val_total_including_direction": 0.22476874883560574,
    "early_stopped": false,
    "grad_norm_history": [
      7.831908148810977,
      5.6953255895584345,
      4.347794729565817
    ],
    "best_grad_norm_mean": 0.0
  },
  "test_metrics": {
    "total_loss": 0.03391144213759724,
    "forecast_loss": 0.03391144213759724,
    "direction_loss": 0.0,
    "line_loss": 0.005798702484325451,
    "band_loss": 0.028112739543704426,
    "cross_loss": 0.0,
    "coverage": 0.9123172760009766,
    "avg_band_width": 0.25370943546295166,
    "direction_accuracy": 0.49228349328041077,
    "mae": 0.08040358871221542,
    "smape": 1.5793406963348389,
    "mean_signed_error": -0.06271461397409439,
    "overprediction_rate": 0.21361598372459412,
    "mean_overprediction": 0.041403695940971375,
    "spearman_ic": 0.011413367501416825,
    "top_k_long_spread": 0.0013443647462466144,
    "top_k_short_spread": 0.0005422623165664018,
    "long_short_spread": 0.0008021024296802127,
    "fee_adjusted_return": -0.20857683220972234,
    "fee_adjusted_sharpe": 0.002937827495114323,
    "fee_adjusted_turnover": 0.6914728682170543
  },
  "dataset_plan": {
    "timeframe": "1D",
    "seq_len": 252,
    "horizon": 5,
    "h_max": 20,
    "min_fold_samples": 50,
    "input_ticker_count": 50,
    "eligible_ticker_count": 48,
    "excluded_ticker_count": 2,
    "eligible_tickers": [
      "A",
      "AAPL",
      "ABBV",
      "ABNB",
      "ABT",
      "ACGL",
      "ACN",
      "ADBE",
      "ADI",
      "ADM",
      "ADP",
      "ADSK",
      "AEE",
      "AEP",
      "AES",
      "AFL",
      "AIG",
      "AIZ",
      "AJG",
      "AKAM",
      "ALB",
      "ALGN",
      "ALL",
      "ALLE",
      "AMAT",
      "AMCR",
      "AMD",
      "AME",
      "AMGN",
      "AMT",
      "AMZN",
      "ANET",
      "AON",
      "AOS",
      "APD",
      "APH",
      "APO",
      "APP",
      "APTV",
      "ARE",
      "ARES",
      "ATO",
      "AVB",
      "AVGO",
      "AVY",
      "AWK",
      "AXON",
      "AXP"
    ],
    "excluded_reasons": {
      "AMP": "Gate fundamentals",
      "APA": "Gate fundamentals"
    },
    "num_tickers": 48,
    "ticker_registry_path": "ai\\cache\\ticker_id_map_1d.json",
    "train_samples": 80459,
    "val_samples": 17231,
    "test_samples": 17171
  }
}
[EXIT-MARKER {"step": "after_result_json", "run_id": "patchtst-1D-c278955adc77"}]
[EXIT-MARKER {"step": "after_stdio_flush", "run_id": "patchtst-1D-c278955adc77"}]
