з蝗 蛤夥檜蝶: cuda
GPU: NVIDIA GeForce RTX 5060 Ti
amp_dtype=bf16 detect_anomaly=False
{"epoch": 1, "epoch_seconds": 75.8202, "elapsed_seconds": 75.8202, "estimated_remaining_seconds": 151.6403, "vram_peak_allocated_mb": 5153.26, "val_total": 0.6301538089618963, "val_forecast": 0.6301538089618963, "best_so_far": 0.6301538089618963, "epochs_since_improve": 0, "lr": 7.974943486877811e-05, "grad_norm_mean": 7.601803065103198, "train/total_loss": 1.9875020121771192, "train/forecast_loss": 1.9875020121771192, "train/line_loss": 0.3947562316580424, "train/band_loss": 0.5002842323174552, "train/cross_loss": 0.0918930851396114, "train/direction_loss": 0.0, "train/grad_norm_mean": 7.601803065103198, "val/total_loss": 0.6301538089618963, "val/forecast_loss": 0.6301538089618963, "val/line_loss": 0.02650830876903937, "val/band_loss": 0.20121516659855843, "val/cross_loss": 0.0, "val/direction_loss": 0.0, "val/grad_norm_mean": 0.0, "val/coverage": 0.9994776844978333, "val/lower_breach_rate": 0.0, "val/upper_breach_rate": 0.0005223144544288516, "val/avg_band_width": 0.8070458173751831, "val/mae": 0.18503303825855255, "val/smape": 1.7597806453704834, "val/direction_accuracy": 0.44234228134155273, "val/mean_signed_error": -0.16310293972492218, "val/overprediction_rate": 0.13935348391532898, "val/mean_overprediction": 0.07868512719869614, "val/spearman_ic": -0.005470422070346556, "val/top_k_long_spread": 0.0005281619999803923, "val/top_k_short_spread": 0.002662173460786838, "val/long_short_spread": -0.0021340114608064454, "val/fee_adjusted_return": -0.9525506544681763, "val/fee_adjusted_sharpe": -0.06276303306864627, "val/fee_adjusted_turnover": 1.2918032786885245}
val_total=0.630154 val_forecast=0.630154 best_so_far=0.630154 epochs_since_improve=0 lr=0.00007975 grad_norm_mean=7.601803 epoch_seconds=75.82 elapsed_seconds=75.82 eta_seconds=151.64 vram_peak_allocated_mb=5153.26
{"epoch": 2, "epoch_seconds": 75.2167, "elapsed_seconds": 151.0463, "estimated_remaining_seconds": 75.2167, "vram_peak_allocated_mb": 5153.26, "val_total": 0.2709255474893486, "val_forecast": 0.2709255474893486, "best_so_far": 0.2709255474893486, "epochs_since_improve": 0, "lr": 2.8035194096149304e-05, "grad_norm_mean": 5.258342632414803, "train/total_loss": 0.8196919337151543, "train/forecast_loss": 0.8196919337151543, "train/line_loss": 0.1077250254177858, "train/band_loss": 0.22940816406219725, "train/cross_loss": 0.02374241930092611, "train/direction_loss": 0.0, "train/grad_norm_mean": 5.258342632414803, "val/total_loss": 0.2709255474893486, "val/forecast_loss": 0.2709255474893486, "val/line_loss": 0.0055841987230130195, "val/band_loss": 0.08844711680841796, "val/cross_loss": 0.0, "val/direction_loss": 0.0, "val/grad_norm_mean": 0.0, "val/coverage": 0.982624351978302, "val/lower_breach_rate": 0.006940978579223156, "val/upper_breach_rate": 0.010434681549668312, "val/avg_band_width": 0.35265496373176575, "val/mae": 0.08005864918231964, "val/smape": 1.6226361989974976, "val/direction_accuracy": 0.45957866311073303, "val/mean_signed_error": -0.06522756069898605, "val/overprediction_rate": 0.18048866093158722, "val/mean_overprediction": 0.04108591377735138, "val/spearman_ic": 0.06400635386042808, "val/top_k_long_spread": 0.0037232309442440993, "val/top_k_short_spread": -0.00010590227223876921, "val/long_short_spread": 0.0038291332164828687, "val/fee_adjusted_return": 2.183051335772909, "val/fee_adjusted_sharpe": 0.06296087099392107, "val/fee_adjusted_turnover": 0.6885245901639344}
val_total=0.270926 val_forecast=0.270926 best_so_far=0.270926 epochs_since_improve=0 lr=0.00002804 grad_norm_mean=5.258343 epoch_seconds=75.22 elapsed_seconds=151.05 eta_seconds=75.22 vram_peak_allocated_mb=5153.26
{"epoch": 3, "epoch_seconds": 75.119, "elapsed_seconds": 226.1655, "estimated_remaining_seconds": 0.0, "vram_peak_allocated_mb": 5153.26, "val_total": 0.2060891955214388, "val_forecast": 0.2060891955214388, "best_so_far": 0.2060891955214388, "epochs_since_improve": 0, "lr": 1.0000000000000002e-06, "grad_norm_mean": 4.053075276480781, "train/total_loss": 0.41732366993313746, "train/forecast_loss": 0.41732366993313746, "train/line_loss": 0.03364472641121773, "train/band_loss": 0.12488574546480936, "train/cross_loss": 0.009021707853331925, "train/direction_loss": 0.0, "train/grad_norm_mean": 4.053075276480781, "val/total_loss": 0.2060891955214388, "val/forecast_loss": 0.2060891955214388, "val/line_loss": 0.004463392958688714, "val/band_loss": 0.0672086008331355, "val/cross_loss": 0.0, "val/direction_loss": 0.0, "val/grad_norm_mean": 0.0, "val/coverage": 0.9482096433639526, "val/lower_breach_rate": 0.01463641133159399, "val/upper_breach_rate": 0.03715396672487259, "val/avg_band_width": 0.26362344622612, "val/mae": 0.069412462413311, "val/smape": 1.5933375358581543, "val/direction_accuracy": 0.4593465328216553, "val/mean_signed_error": -0.05123377591371536, "val/overprediction_rate": 0.2227032631635666, "val/mean_overprediction": 0.04081369563937187, "val/spearman_ic": 0.06662378491091836, "val/top_k_long_spread": 0.004362776736103175, "val/top_k_short_spread": -0.0003684584478147282, "val/long_short_spread": 0.004731235183917903, "val/fee_adjusted_return": 4.723813320809306, "val/fee_adjusted_sharpe": 0.08130225460915973, "val/fee_adjusted_turnover": 0.5567213114754098}
val_total=0.206089 val_forecast=0.206089 best_so_far=0.206089 epochs_since_improve=0 lr=0.00000100 grad_norm_mean=4.053075 epoch_seconds=75.12 elapsed_seconds=226.17 eta_seconds=0.00 vram_peak_allocated_mb=5153.26
[EXIT-MARKER {"step": "result_ready", "run_id": "patchtst-1D-e09f86655b2d"}]
[EXIT-MARKER {"step": "before_result_json", "run_id": "patchtst-1D-e09f86655b2d"}]
{
  "run_id": "patchtst-1D-e09f86655b2d",
  "checkpoint_path": "ai\\artifacts\\checkpoints\\patchtst_1D_patchtst-1D-e09f86655b2d.pt",
  "feature_mean": [
    0.0006515224231407046,
    1.1356487274169922,
    1.1602340936660767,
    1.110434651374817,
    0.12796299159526825,
    0.0013815973652526736,
    0.0067066955380141735,
    0.020836934447288513,
    0.5433607697486877,
    0.003245249390602112,
    0.5710976123809814,
    2.030247211456299,
    0.6550283432006836,
    18.709985733032227,
    0.03557736799120903,
    23.542083740234375,
    60.51097869873047,
    0.39266201853752136,
    0.43702077865600586,
    0.17031720280647278,
    0.0,
    0.0,
    0.0,
    0.0,
    0.0,
    0.0,
    1.0,
    0.920109748840332,
    0.0,
    0.006638635881245136,
    -0.017632706090807915,
    -0.009596568532288074,
    -0.009847510606050491,
    0.22684377431869507,
    0.07495181262493134,
    0.046610746532678604
  ],
  "feature_std": [
    0.020608164370059967,
    3.671778440475464,
    3.7156906127929688,
    3.6260592937469482,
    6.19923210144043,
    0.021952087059617043,
    0.047606904059648514,
    0.08202864229679108,
    0.16817691922187805,
    0.02223801799118519,
    0.32220780849456787,
    0.7536247372627258,
    0.47509753704071045,
    8.136465072631836,
    0.3703364133834839,
    38.03653335571289,
    25.08763885498047,
    0.48834267258644104,
    0.4960177540779114,
    0.37591123580932617,
    0.0010000000474974513,
    0.0010000000474974513,
    0.0010000000474974513,
    0.0010000000474974513,
    0.0010000000474974513,
    0.0010000000474974513,
    0.0010000000474974513,
    0.2711232006549835,
    0.0010000000474974513,
    0.7124506235122681,
    0.7014693021774292,
    0.7079940438270569,
    0.7060845494270325,
    0.418790727853775,
    0.26331356167793274,
    0.21080365777015686
  ],
  "best_metrics": {
    "total_loss": 0.2060891955214388,
    "forecast_loss": 0.2060891955214388,
    "line_loss": 0.004463392958688714,
    "band_loss": 0.0672086008331355,
    "cross_loss": 0.0,
    "direction_loss": 0.0,
    "grad_norm_mean": 0.0,
    "coverage": 0.9482096433639526,
    "lower_breach_rate": 0.01463641133159399,
    "upper_breach_rate": 0.03715396672487259,
    "avg_band_width": 0.26362344622612,
    "mae": 0.069412462413311,
    "smape": 1.5933375358581543,
    "direction_accuracy": 0.4593465328216553,
    "mean_signed_error": -0.05123377591371536,
    "overprediction_rate": 0.2227032631635666,
    "mean_overprediction": 0.04081369563937187,
    "spearman_ic": 0.06662378491091836,
    "top_k_long_spread": 0.004362776736103175,
    "top_k_short_spread": -0.0003684584478147282,
    "long_short_spread": 0.004731235183917903,
    "fee_adjusted_return": 4.723813320809306,
    "fee_adjusted_sharpe": 0.08130225460915973,
    "fee_adjusted_turnover": 0.5567213114754098,
    "best_epoch": 3,
    "best_val_total": 0.2060891955214388,
    "best_val_forecast_loss": 0.2060891955214388,
    "best_val_total_including_direction": 0.2060891955214388,
    "early_stopped": false,
    "grad_norm_history": [
      7.601803065103198,
      5.258342632414803,
      4.053075276480781
    ],
    "best_grad_norm_mean": 0.0
  },
  "test_metrics": {
    "total_loss": 0.035492133732665986,
    "forecast_loss": 0.035492133732665986,
    "direction_loss": 0.0,
    "line_loss": 0.005545150260920362,
    "band_loss": 0.029946983312530553,
    "cross_loss": 0.0,
    "coverage": 0.9412614107131958,
    "avg_band_width": 0.281762957572937,
    "direction_accuracy": 0.49228349328041077,
    "mae": 0.07815533876419067,
    "smape": 1.5739034414291382,
    "mean_signed_error": -0.05945831909775734,
    "overprediction_rate": 0.22435501217842102,
    "mean_overprediction": 0.0416683591902256,
    "spearman_ic": 0.011907929495617487,
    "top_k_long_spread": 0.0013875834780636314,
    "top_k_short_spread": 0.0004852641811036544,
    "long_short_spread": 0.000902319296959977,
    "fee_adjusted_return": -0.16666258844844806,
    "fee_adjusted_sharpe": 0.006856128418546164,
    "fee_adjusted_turnover": 0.6408268733850129
  },
  "dataset_plan": {
    "timeframe": "1D",
    "seq_len": 252,
    "horizon": 5,
    "h_max": 20,
    "min_fold_samples": 50,
    "input_ticker_count": 50,
    "eligible_ticker_count": 48,
    "excluded_ticker_count": 2,
    "eligible_tickers": [
      "A",
      "AAPL",
      "ABBV",
      "ABNB",
      "ABT",
      "ACGL",
      "ACN",
      "ADBE",
      "ADI",
      "ADM",
      "ADP",
      "ADSK",
      "AEE",
      "AEP",
      "AES",
      "AFL",
      "AIG",
      "AIZ",
      "AJG",
      "AKAM",
      "ALB",
      "ALGN",
      "ALL",
      "ALLE",
      "AMAT",
      "AMCR",
      "AMD",
      "AME",
      "AMGN",
      "AMT",
      "AMZN",
      "ANET",
      "AON",
      "AOS",
      "APD",
      "APH",
      "APO",
      "APP",
      "APTV",
      "ARE",
      "ARES",
      "ATO",
      "AVB",
      "AVGO",
      "AVY",
      "AWK",
      "AXON",
      "AXP"
    ],
    "excluded_reasons": {
      "AMP": "Gate fundamentals",
      "APA": "Gate fundamentals"
    },
    "num_tickers": 48,
    "ticker_registry_path": "ai\\cache\\ticker_id_map_1d.json",
    "train_samples": 80459,
    "val_samples": 17231,
    "test_samples": 17171
  }
}
[EXIT-MARKER {"step": "after_result_json", "run_id": "patchtst-1D-e09f86655b2d"}]
[EXIT-MARKER {"step": "after_stdio_flush", "run_id": "patchtst-1D-e09f86655b2d"}]
