з蝗 蛤夥檜蝶: cuda
GPU: NVIDIA GeForce RTX 5060 Ti
amp_dtype=bf16 detect_anomaly=False
{"epoch": 1, "epoch_seconds": 75.6516, "elapsed_seconds": 75.6516, "estimated_remaining_seconds": 151.3031, "vram_peak_allocated_mb": 5153.26, "val_total": 0.45005448688479033, "val_forecast": 0.45005448688479033, "best_so_far": 0.45005448688479033, "epochs_since_improve": 0, "lr": 7.974943486877811e-05, "grad_norm_mean": 6.162637958829365, "train/total_loss": 1.6858298333864363, "train/forecast_loss": 1.6858298333864363, "train/line_loss": 0.39372571134378037, "train/band_loss": 0.5846330257635268, "train/cross_loss": 0.12283806417669568, "train/direction_loss": 0.0, "train/grad_norm_mean": 6.162637958829365, "val/total_loss": 0.45005448688479033, "val/forecast_loss": 0.45005448688479033, "val/line_loss": 0.024931010167004868, "val/band_loss": 0.21256173906080864, "val/cross_loss": 0.0, "val/direction_loss": 0.0, "val/grad_norm_mean": 0.0, "val/coverage": 0.9934884905815125, "val/lower_breach_rate": 0.0009053450194187462, "val/upper_breach_rate": 0.005606174934655428, "val/avg_band_width": 0.6083968877792358, "val/mae": 0.1805478036403656, "val/smape": 1.758591651916504, "val/direction_accuracy": 0.44298067688941956, "val/mean_signed_error": -0.16442623734474182, "val/overprediction_rate": 0.11710289865732193, "val/mean_overprediction": 0.0688350647687912, "val/spearman_ic": -0.00215993227718735, "val/top_k_long_spread": 0.0008816800292912435, "val/top_k_short_spread": 0.002631176082554777, "val/long_short_spread": -0.0017494960532635337, "val/fee_adjusted_return": -0.9370714715074802, "val/fee_adjusted_sharpe": -0.0584446779293921, "val/fee_adjusted_turnover": 1.3252459016393443}
val_total=0.450054 val_forecast=0.450054 best_so_far=0.450054 epochs_since_improve=0 lr=0.00007975 grad_norm_mean=6.162638 epoch_seconds=75.65 elapsed_seconds=75.65 eta_seconds=151.30 vram_peak_allocated_mb=5153.26
{"epoch": 2, "epoch_seconds": 75.125, "elapsed_seconds": 150.7852, "estimated_remaining_seconds": 75.125, "vram_peak_allocated_mb": 5153.26, "val_total": 0.18905521501951358, "val_forecast": 0.18905521501951358, "best_so_far": 0.18905521501951358, "epochs_since_improve": 0, "lr": 2.8035194096149304e-05, "grad_norm_mean": 4.36368697257269, "train/total_loss": 0.6816431823230925, "train/forecast_loss": 0.6816431823230925, "train/line_loss": 0.10490577099105669, "train/band_loss": 0.2700656632109294, "train/cross_loss": 0.036606084431211154, "train/direction_loss": 0.0, "train/grad_norm_mean": 4.36368697257269, "val/total_loss": 0.18905521501951358, "val/forecast_loss": 0.18905521501951358, "val/line_loss": 0.0055839507147217825, "val/band_loss": 0.09173563172054641, "val/cross_loss": 0.0, "val/direction_loss": 0.0, "val/grad_norm_mean": 0.0, "val/coverage": 0.9261447191238403, "val/lower_breach_rate": 0.025860367342829704, "val/upper_breach_rate": 0.04799489304423332, "val/avg_band_width": 0.25609761476516724, "val/mae": 0.07998703420162201, "val/smape": 1.6223876476287842, "val/direction_accuracy": 0.4594045579433441, "val/mean_signed_error": -0.06508248299360275, "val/overprediction_rate": 0.18111543357372284, "val/mean_overprediction": 0.04114658385515213, "val/spearman_ic": 0.058469106881129294, "val/top_k_long_spread": 0.0027671160564765518, "val/top_k_short_spread": 7.013026473733127e-05, "val/long_short_spread": 0.0026969857917392205, "val/fee_adjusted_return": 0.6156527403752712, "val/fee_adjusted_sharpe": 0.040782519693234744, "val/fee_adjusted_turnover": 0.6740983606557376}
val_total=0.189055 val_forecast=0.189055 best_so_far=0.189055 epochs_since_improve=0 lr=0.00002804 grad_norm_mean=4.363687 epoch_seconds=75.12 elapsed_seconds=150.79 eta_seconds=75.12 vram_peak_allocated_mb=5153.26
{"epoch": 3, "epoch_seconds": 75.0064, "elapsed_seconds": 225.792, "estimated_remaining_seconds": 0.0, "vram_peak_allocated_mb": 5153.26, "val_total": 0.14484713270383723, "val_forecast": 0.14484713270383723, "best_so_far": 0.14484713270383723, "epochs_since_improve": 0, "lr": 1.0000000000000002e-06, "grad_norm_mean": 3.208374225525629, "train/total_loss": 0.32908946928523836, "train/forecast_loss": 0.32908946928523836, "train/line_loss": 0.03032514008856009, "train/band_loss": 0.1431596168686473, "train/cross_loss": 0.01244509590878373, "train/direction_loss": 0.0, "train/grad_norm_mean": 3.208374225525629, "val/total_loss": 0.14484713270383723, "val/forecast_loss": 0.14484713270383723, "val/line_loss": 0.004316834745730054, "val/band_loss": 0.07026514893068987, "val/cross_loss": 0.0, "val/direction_loss": 0.0, "val/grad_norm_mean": 0.0, "val/coverage": 0.8372816443443298, "val/lower_breach_rate": 0.049724332988262177, "val/upper_breach_rate": 0.11299402266740799, "val/avg_band_width": 0.18632419407367706, "val/mae": 0.0676637515425682, "val/smape": 1.5866914987564087, "val/direction_accuracy": 0.4648018181324005, "val/mean_signed_error": -0.04813405126333237, "val/overprediction_rate": 0.23588880896568298, "val/mean_overprediction": 0.04139597341418266, "val/spearman_ic": 0.06828372216387837, "val/top_k_long_spread": 0.004533828693188223, "val/top_k_short_spread": -1.7743321792504057e-05, "val/long_short_spread": 0.004551572014980727, "val/fee_adjusted_return": 4.168713515657693, "val/fee_adjusted_sharpe": 0.07789636282613233, "val/fee_adjusted_turnover": 0.5363934426229509}
val_total=0.144847 val_forecast=0.144847 best_so_far=0.144847 epochs_since_improve=0 lr=0.00000100 grad_norm_mean=3.208374 epoch_seconds=75.01 elapsed_seconds=225.79 eta_seconds=0.00 vram_peak_allocated_mb=5153.26
[EXIT-MARKER {"step": "result_ready", "run_id": "patchtst-1D-c1a8cbe98c40"}]
[EXIT-MARKER {"step": "before_result_json", "run_id": "patchtst-1D-c1a8cbe98c40"}]
{
  "run_id": "patchtst-1D-c1a8cbe98c40",
  "checkpoint_path": "ai\\artifacts\\checkpoints\\patchtst_1D_patchtst-1D-c1a8cbe98c40.pt",
  "feature_mean": [
    0.0006515224231407046,
    1.1356487274169922,
    1.1602340936660767,
    1.110434651374817,
    0.12796299159526825,
    0.0013815973652526736,
    0.0067066955380141735,
    0.020836934447288513,
    0.5433607697486877,
    0.003245249390602112,
    0.5710976123809814,
    2.030247211456299,
    0.6550283432006836,
    18.709985733032227,
    0.03557736799120903,
    23.542083740234375,
    60.51097869873047,
    0.39266201853752136,
    0.43702077865600586,
    0.17031720280647278,
    0.0,
    0.0,
    0.0,
    0.0,
    0.0,
    0.0,
    1.0,
    0.920109748840332,
    0.0,
    0.006638635881245136,
    -0.017632706090807915,
    -0.009596568532288074,
    -0.009847510606050491,
    0.22684377431869507,
    0.07495181262493134,
    0.046610746532678604
  ],
  "feature_std": [
    0.020608164370059967,
    3.671778440475464,
    3.7156906127929688,
    3.6260592937469482,
    6.19923210144043,
    0.021952087059617043,
    0.047606904059648514,
    0.08202864229679108,
    0.16817691922187805,
    0.02223801799118519,
    0.32220780849456787,
    0.7536247372627258,
    0.47509753704071045,
    8.136465072631836,
    0.3703364133834839,
    38.03653335571289,
    25.08763885498047,
    0.48834267258644104,
    0.4960177540779114,
    0.37591123580932617,
    0.0010000000474974513,
    0.0010000000474974513,
    0.0010000000474974513,
    0.0010000000474974513,
    0.0010000000474974513,
    0.0010000000474974513,
    0.0010000000474974513,
    0.2711232006549835,
    0.0010000000474974513,
    0.7124506235122681,
    0.7014693021774292,
    0.7079940438270569,
    0.7060845494270325,
    0.418790727853775,
    0.26331356167793274,
    0.21080365777015686
  ],
  "best_metrics": {
    "total_loss": 0.14484713270383723,
    "forecast_loss": 0.14484713270383723,
    "line_loss": 0.004316834745730054,
    "band_loss": 0.07026514893068987,
    "cross_loss": 0.0,
    "direction_loss": 0.0,
    "grad_norm_mean": 0.0,
    "coverage": 0.8372816443443298,
    "lower_breach_rate": 0.049724332988262177,
    "upper_breach_rate": 0.11299402266740799,
    "avg_band_width": 0.18632419407367706,
    "mae": 0.0676637515425682,
    "smape": 1.5866914987564087,
    "direction_accuracy": 0.4648018181324005,
    "mean_signed_error": -0.04813405126333237,
    "overprediction_rate": 0.23588880896568298,
    "mean_overprediction": 0.04139597341418266,
    "spearman_ic": 0.06828372216387837,
    "top_k_long_spread": 0.004533828693188223,
    "top_k_short_spread": -1.7743321792504057e-05,
    "long_short_spread": 0.004551572014980727,
    "fee_adjusted_return": 4.168713515657693,
    "fee_adjusted_sharpe": 0.07789636282613233,
    "fee_adjusted_turnover": 0.5363934426229509,
    "best_epoch": 3,
    "best_val_total": 0.14484713270383723,
    "best_val_forecast_loss": 0.14484713270383723,
    "best_val_total_including_direction": 0.14484713270383723,
    "early_stopped": false,
    "grad_norm_history": [
      6.162637958829365,
      4.36368697257269,
      3.208374225525629
    ],
    "best_grad_norm_mean": 0.0
  },
  "test_metrics": {
    "total_loss": 0.031240609145778066,
    "forecast_loss": 0.031240609145778066,
    "direction_loss": 0.0,
    "line_loss": 0.0053349119852475054,
    "band_loss": 0.025905697113450837,
    "cross_loss": 0.0,
    "coverage": 0.8269523978233337,
    "avg_band_width": 0.19917988777160645,
    "direction_accuracy": 0.4923417270183563,
    "mae": 0.07620612531900406,
    "smape": 1.5690900087356567,
    "mean_signed_error": -0.05613572150468826,
    "overprediction_rate": 0.23729543387889862,
    "mean_overprediction": 0.04228990897536278,
    "spearman_ic": 0.012296943392855446,
    "top_k_long_spread": 0.001420697544195126,
    "top_k_short_spread": 0.0003601191287070222,
    "long_short_spread": 0.001060578415488104,
    "fee_adjusted_return": -0.10791678655469616,
    "fee_adjusted_sharpe": 0.011465367739803176,
    "fee_adjusted_turnover": 0.6232558139534884
  },
  "dataset_plan": {
    "timeframe": "1D",
    "seq_len": 252,
    "horizon": 5,
    "h_max": 20,
    "min_fold_samples": 50,
    "input_ticker_count": 50,
    "eligible_ticker_count": 48,
    "excluded_ticker_count": 2,
    "eligible_tickers": [
      "A",
      "AAPL",
      "ABBV",
      "ABNB",
      "ABT",
      "ACGL",
      "ACN",
      "ADBE",
      "ADI",
      "ADM",
      "ADP",
      "ADSK",
      "AEE",
      "AEP",
      "AES",
      "AFL",
      "AIG",
      "AIZ",
      "AJG",
      "AKAM",
      "ALB",
      "ALGN",
      "ALL",
      "ALLE",
      "AMAT",
      "AMCR",
      "AMD",
      "AME",
      "AMGN",
      "AMT",
      "AMZN",
      "ANET",
      "AON",
      "AOS",
      "APD",
      "APH",
      "APO",
      "APP",
      "APTV",
      "ARE",
      "ARES",
      "ATO",
      "AVB",
      "AVGO",
      "AVY",
      "AWK",
      "AXON",
      "AXP"
    ],
    "excluded_reasons": {
      "AMP": "Gate fundamentals",
      "APA": "Gate fundamentals"
    },
    "num_tickers": 48,
    "ticker_registry_path": "ai\\cache\\ticker_id_map_1d.json",
    "train_samples": 80459,
    "val_samples": 17231,
    "test_samples": 17171
  }
}
[EXIT-MARKER {"step": "after_result_json", "run_id": "patchtst-1D-c1a8cbe98c40"}]
[EXIT-MARKER {"step": "after_stdio_flush", "run_id": "patchtst-1D-c1a8cbe98c40"}]
