з蝗 蛤夥檜蝶: cuda
GPU: NVIDIA GeForce RTX 5060 Ti
amp_dtype=bf16 detect_anomaly=False
{"epoch": 1, "epoch_seconds": 75.7812, "elapsed_seconds": 75.7812, "estimated_remaining_seconds": 151.5623, "vram_peak_allocated_mb": 5153.26, "val_total": 0.4533027353532174, "val_forecast": 0.4533027353532174, "best_so_far": 0.4533027353532174, "epochs_since_improve": 0, "lr": 7.974943486877811e-05, "grad_norm_mean": 5.919896953068083, "train/total_loss": 1.485661900800372, "train/forecast_loss": 1.485661900800372, "train/line_loss": 0.3883028296251146, "train/band_loss": 0.5066754561568063, "train/cross_loss": 0.08400815994966598, "train/direction_loss": 0.0, "train/grad_norm_mean": 5.919896953068083, "val/total_loss": 0.4533027353532174, "val/forecast_loss": 0.4533027353532174, "val/line_loss": 0.02290257194887518, "val/band_loss": 0.2152000825633021, "val/cross_loss": 0.0, "val/direction_loss": 0.0, "val/grad_norm_mean": 0.0, "val/coverage": 0.999686598777771, "val/lower_breach_rate": 0.0, "val/upper_breach_rate": 0.0003133886493742466, "val/avg_band_width": 0.8631612062454224, "val/mae": 0.1719406545162201, "val/smape": 1.7502169609069824, "val/direction_accuracy": 0.44298067688941956, "val/mean_signed_error": -0.15430200099945068, "val/overprediction_rate": 0.12698043882846832, "val/mean_overprediction": 0.06945425271987915, "val/spearman_ic": 0.0061475372140678, "val/top_k_long_spread": 0.0002573778366166182, "val/top_k_short_spread": 0.001552269082637141, "val/long_short_spread": -0.001294891246020523, "val/fee_adjusted_return": -0.9047978840478977, "val/fee_adjusted_sharpe": -0.050427696357284175, "val/fee_adjusted_turnover": 1.2498360655737704}
val_total=0.453303 val_forecast=0.453303 best_so_far=0.453303 epochs_since_improve=0 lr=0.00007975 grad_norm_mean=5.919897 epoch_seconds=75.78 elapsed_seconds=75.78 eta_seconds=151.56 vram_peak_allocated_mb=5153.26
{"epoch": 2, "epoch_seconds": 75.1668, "elapsed_seconds": 150.9562, "estimated_remaining_seconds": 75.1668, "vram_peak_allocated_mb": 5153.26, "val_total": 0.17081381720216834, "val_forecast": 0.17081381720216834, "best_so_far": 0.17081381720216834, "epochs_since_improve": 0, "lr": 2.8035194096149304e-05, "grad_norm_mean": 3.7991113904922726, "train/total_loss": 0.5636487298541599, "train/forecast_loss": 0.5636487298541599, "train/line_loss": 0.09587876392262322, "train/band_loss": 0.22464339113424694, "train/cross_loss": 0.018483183664521053, "train/direction_loss": 0.0, "train/grad_norm_mean": 3.7991113904922726, "val/total_loss": 0.17081381720216834, "val/forecast_loss": 0.17081381720216834, "val/line_loss": 0.005123432444045594, "val/band_loss": 0.08284519262173597, "val/cross_loss": 0.0, "val/direction_loss": 0.0, "val/grad_norm_mean": 0.0, "val/coverage": 0.9768208265304565, "val/lower_breach_rate": 0.008426672779023647, "val/upper_breach_rate": 0.014752481132745743, "val/avg_band_width": 0.32948556542396545, "val/mae": 0.07521568238735199, "val/smape": 1.608128547668457, "val/direction_accuracy": 0.4665428698062897, "val/mean_signed_error": -0.05786806344985962, "val/overprediction_rate": 0.20749811828136444, "val/mean_overprediction": 0.04180184751749039, "val/spearman_ic": 0.0671112504829033, "val/top_k_long_spread": 0.004446652393118234, "val/top_k_short_spread": -0.00010704113317872531, "val/long_short_spread": 0.004553693526296959, "val/fee_adjusted_return": 4.030030902634953, "val/fee_adjusted_sharpe": 0.077565902194278, "val/fee_adjusted_turnover": 0.6242622950819673}
val_total=0.170814 val_forecast=0.170814 best_so_far=0.170814 epochs_since_improve=0 lr=0.00002804 grad_norm_mean=3.799111 epoch_seconds=75.17 elapsed_seconds=150.96 eta_seconds=75.17 vram_peak_allocated_mb=5153.26
{"epoch": 3, "epoch_seconds": 75.0094, "elapsed_seconds": 225.9659, "estimated_remaining_seconds": 0.0, "vram_peak_allocated_mb": 5153.26, "val_total": 0.13254162778749184, "val_forecast": 0.13254162778749184, "best_so_far": 0.13254162778749184, "epochs_since_improve": 0, "lr": 1.0000000000000002e-06, "grad_norm_mean": 2.8113758844042582, "train/total_loss": 0.266941411012695, "train/forecast_loss": 0.266941411012695, "train/line_loss": 0.02627972997133694, "train/band_loss": 0.11742526562440964, "train/cross_loss": 0.005811149672797275, "train/direction_loss": 0.0, "train/grad_norm_mean": 2.8113758844042582, "val/total_loss": 0.13254162778749184, "val/forecast_loss": 0.13254162778749184, "val/line_loss": 0.0041622934590764896, "val/band_loss": 0.06418966737521045, "val/cross_loss": 0.0, "val/direction_loss": 0.0, "val/grad_norm_mean": 0.0, "val/coverage": 0.9368463754653931, "val/lower_breach_rate": 0.016806917265057564, "val/upper_breach_rate": 0.04634670168161392, "val/avg_band_width": 0.2501140832901001, "val/mae": 0.06587149947881699, "val/smape": 1.5808532238006592, "val/direction_accuracy": 0.46526607871055603, "val/mean_signed_error": -0.04542773216962814, "val/overprediction_rate": 0.2464047372341156, "val/mean_overprediction": 0.04148412123322487, "val/spearman_ic": 0.06939640878711234, "val/top_k_long_spread": 0.004659308006788795, "val/top_k_short_spread": -0.00040357372436715866, "val/long_short_spread": 0.005062881731155954, "val/fee_adjusted_return": 6.1157218144766885, "val/fee_adjusted_sharpe": 0.0879980292579012, "val/fee_adjusted_turnover": 0.5160655737704918}
val_total=0.132542 val_forecast=0.132542 best_so_far=0.132542 epochs_since_improve=0 lr=0.00000100 grad_norm_mean=2.811376 epoch_seconds=75.01 elapsed_seconds=225.97 eta_seconds=0.00 vram_peak_allocated_mb=5153.26
[EXIT-MARKER {"step": "result_ready", "run_id": "patchtst-1D-b5c800d7b864"}]
[EXIT-MARKER {"step": "before_result_json", "run_id": "patchtst-1D-b5c800d7b864"}]
{
  "run_id": "patchtst-1D-b5c800d7b864",
  "checkpoint_path": "ai\\artifacts\\checkpoints\\patchtst_1D_patchtst-1D-b5c800d7b864.pt",
  "feature_mean": [
    0.0006515224231407046,
    1.1356487274169922,
    1.1602340936660767,
    1.110434651374817,
    0.12796299159526825,
    0.0013815973652526736,
    0.0067066955380141735,
    0.020836934447288513,
    0.5433607697486877,
    0.003245249390602112,
    0.5710976123809814,
    2.030247211456299,
    0.6550283432006836,
    18.709985733032227,
    0.03557736799120903,
    23.542083740234375,
    60.51097869873047,
    0.39266201853752136,
    0.43702077865600586,
    0.17031720280647278,
    0.0,
    0.0,
    0.0,
    0.0,
    0.0,
    0.0,
    1.0,
    0.920109748840332,
    0.0,
    0.006638635881245136,
    -0.017632706090807915,
    -0.009596568532288074,
    -0.009847510606050491,
    0.22684377431869507,
    0.07495181262493134,
    0.046610746532678604
  ],
  "feature_std": [
    0.020608164370059967,
    3.671778440475464,
    3.7156906127929688,
    3.6260592937469482,
    6.19923210144043,
    0.021952087059617043,
    0.047606904059648514,
    0.08202864229679108,
    0.16817691922187805,
    0.02223801799118519,
    0.32220780849456787,
    0.7536247372627258,
    0.47509753704071045,
    8.136465072631836,
    0.3703364133834839,
    38.03653335571289,
    25.08763885498047,
    0.48834267258644104,
    0.4960177540779114,
    0.37591123580932617,
    0.0010000000474974513,
    0.0010000000474974513,
    0.0010000000474974513,
    0.0010000000474974513,
    0.0010000000474974513,
    0.0010000000474974513,
    0.0010000000474974513,
    0.2711232006549835,
    0.0010000000474974513,
    0.7124506235122681,
    0.7014693021774292,
    0.7079940438270569,
    0.7060845494270325,
    0.418790727853775,
    0.26331356167793274,
    0.21080365777015686
  ],
  "best_metrics": {
    "total_loss": 0.13254162778749184,
    "forecast_loss": 0.13254162778749184,
    "line_loss": 0.0041622934590764896,
    "band_loss": 0.06418966737521045,
    "cross_loss": 0.0,
    "direction_loss": 0.0,
    "grad_norm_mean": 0.0,
    "coverage": 0.9368463754653931,
    "lower_breach_rate": 0.016806917265057564,
    "upper_breach_rate": 0.04634670168161392,
    "avg_band_width": 0.2501140832901001,
    "mae": 0.06587149947881699,
    "smape": 1.5808532238006592,
    "direction_accuracy": 0.46526607871055603,
    "mean_signed_error": -0.04542773216962814,
    "overprediction_rate": 0.2464047372341156,
    "mean_overprediction": 0.04148412123322487,
    "spearman_ic": 0.06939640878711234,
    "top_k_long_spread": 0.004659308006788795,
    "top_k_short_spread": -0.00040357372436715866,
    "long_short_spread": 0.005062881731155954,
    "fee_adjusted_return": 6.1157218144766885,
    "fee_adjusted_sharpe": 0.0879980292579012,
    "fee_adjusted_turnover": 0.5160655737704918,
    "best_epoch": 3,
    "best_val_total": 0.13254162778749184,
    "best_val_forecast_loss": 0.13254162778749184,
    "best_val_total_including_direction": 0.13254162778749184,
    "early_stopped": false,
    "grad_norm_history": [
      5.919896953068083,
      3.7991113904922726,
      2.8113758844042582
    ],
    "best_grad_norm_mean": 0.0
  },
  "test_metrics": {
    "total_loss": 0.03405812563484206,
    "forecast_loss": 0.03405812563484206,
    "direction_loss": 0.0,
    "line_loss": 0.005115471982314964,
    "band_loss": 0.028942653717582718,
    "cross_loss": 0.0,
    "coverage": 0.9289849400520325,
    "avg_band_width": 0.2673812210559845,
    "direction_accuracy": 0.4910604953765869,
    "mae": 0.07420631498098373,
    "smape": 1.5641919374465942,
    "mean_signed_error": -0.05328509584069252,
    "overprediction_rate": 0.24621745944023132,
    "mean_overprediction": 0.04248524084687233,
    "spearman_ic": 0.01200730671472447,
    "top_k_long_spread": 0.0011724403274449512,
    "top_k_short_spread": 0.00046821921333345813,
    "long_short_spread": 0.0007042211141114931,
    "fee_adjusted_return": -0.21355907232001659,
    "fee_adjusted_sharpe": 0.0025874525936775746,
    "fee_adjusted_turnover": 0.60671834625323
  },
  "dataset_plan": {
    "timeframe": "1D",
    "seq_len": 252,
    "horizon": 5,
    "h_max": 20,
    "min_fold_samples": 50,
    "input_ticker_count": 50,
    "eligible_ticker_count": 48,
    "excluded_ticker_count": 2,
    "eligible_tickers": [
      "A",
      "AAPL",
      "ABBV",
      "ABNB",
      "ABT",
      "ACGL",
      "ACN",
      "ADBE",
      "ADI",
      "ADM",
      "ADP",
      "ADSK",
      "AEE",
      "AEP",
      "AES",
      "AFL",
      "AIG",
      "AIZ",
      "AJG",
      "AKAM",
      "ALB",
      "ALGN",
      "ALL",
      "ALLE",
      "AMAT",
      "AMCR",
      "AMD",
      "AME",
      "AMGN",
      "AMT",
      "AMZN",
      "ANET",
      "AON",
      "AOS",
      "APD",
      "APH",
      "APO",
      "APP",
      "APTV",
      "ARE",
      "ARES",
      "ATO",
      "AVB",
      "AVGO",
      "AVY",
      "AWK",
      "AXON",
      "AXP"
    ],
    "excluded_reasons": {
      "AMP": "Gate fundamentals",
      "APA": "Gate fundamentals"
    },
    "num_tickers": 48,
    "ticker_registry_path": "ai\\cache\\ticker_id_map_1d.json",
    "train_samples": 80459,
    "val_samples": 17231,
    "test_samples": 17171
  }
}
[EXIT-MARKER {"step": "after_result_json", "run_id": "patchtst-1D-b5c800d7b864"}]
[EXIT-MARKER {"step": "after_stdio_flush", "run_id": "patchtst-1D-b5c800d7b864"}]
