з蝗 蛤夥檜蝶: cuda
GPU: NVIDIA GeForce RTX 5060 Ti
amp_dtype=bf16 detect_anomaly=False
{"epoch": 1, "epoch_seconds": 75.7893, "elapsed_seconds": 75.7893, "estimated_remaining_seconds": 151.5787, "vram_peak_allocated_mb": 5153.26, "val_total": 0.44755516420392427, "val_forecast": 0.44755516420392427, "best_so_far": 0.44755516420392427, "epochs_since_improve": 0, "lr": 7.974943486877811e-05, "grad_norm_mean": 6.059304377389332, "train/total_loss": 1.5928183769422863, "train/forecast_loss": 1.5928183769422863, "train/line_loss": 0.3911681447237257, "train/band_loss": 0.5498959066375854, "train/cross_loss": 0.10185841731135807, "train/direction_loss": 0.0, "train/grad_norm_mean": 6.059304377389332, "val/total_loss": 0.44755516420392427, "val/forecast_loss": 0.44755516420392427, "val/line_loss": 0.02643244934049161, "val/band_loss": 0.210561357657699, "val/cross_loss": 0.0, "val/direction_loss": 0.0, "val/grad_norm_mean": 0.0, "val/coverage": 0.9973419904708862, "val/lower_breach_rate": 0.0, "val/upper_breach_rate": 0.0026580002158880234, "val/avg_band_width": 0.7035801410675049, "val/mae": 0.1856294870376587, "val/smape": 1.762912631034851, "val/direction_accuracy": 0.4411235451698303, "val/mean_signed_error": -0.16964323818683624, "val/overprediction_rate": 0.11538506299257278, "val/mean_overprediction": 0.06927339732646942, "val/spearman_ic": -0.00015969040956938067, "val/top_k_long_spread": 0.0006818333796233122, "val/top_k_short_spread": 0.002232446221858511, "val/long_short_spread": -0.001550612842235199, "val/fee_adjusted_return": -0.9326516428387734, "val/fee_adjusted_sharpe": -0.0502890667970788, "val/fee_adjusted_turnover": 1.2478688524590162}
val_total=0.447555 val_forecast=0.447555 best_so_far=0.447555 epochs_since_improve=0 lr=0.00007975 grad_norm_mean=6.059304 epoch_seconds=75.79 elapsed_seconds=75.79 eta_seconds=151.58 vram_peak_allocated_mb=5153.26
{"epoch": 2, "epoch_seconds": 75.0445, "elapsed_seconds": 150.8428, "estimated_remaining_seconds": 75.0445, "vram_peak_allocated_mb": 5153.26, "val_total": 0.17963916008525035, "val_forecast": 0.17963916008525035, "best_so_far": 0.17963916008525035, "epochs_since_improve": 0, "lr": 2.8035194096149304e-05, "grad_norm_mean": 4.1115965638841905, "train/total_loss": 0.6252954111212776, "train/forecast_loss": 0.6252954111212776, "train/line_loss": 0.10070926025509834, "train/band_loss": 0.2489631992010843, "train/cross_loss": 0.026659751988001287, "train/direction_loss": 0.0, "train/grad_norm_mean": 4.1115965638841905, "val/total_loss": 0.17963916008525035, "val/forecast_loss": 0.17963916008525035, "val/line_loss": 0.0053013478172943, "val/band_loss": 0.08716890588402748, "val/cross_loss": 0.0, "val/direction_loss": 0.0, "val/grad_norm_mean": 0.0, "val/coverage": 0.9516336917877197, "val/lower_breach_rate": 0.016690848395228386, "val/upper_breach_rate": 0.031675469130277634, "val/avg_band_width": 0.2863922715187073, "val/mae": 0.07712098211050034, "val/smape": 1.6143049001693726, "val/direction_accuracy": 0.46126168966293335, "val/mean_signed_error": -0.06088884919881821, "val/overprediction_rate": 0.196320578455925, "val/mean_overprediction": 0.04134087264537811, "val/spearman_ic": 0.0668527775224561, "val/top_k_long_spread": 0.003916742281079842, "val/top_k_short_spread": -0.00017873167276387695, "val/long_short_spread": 0.004095473953843719, "val/fee_adjusted_return": 2.7949755829537732, "val/fee_adjusted_sharpe": 0.0686411493054554, "val/fee_adjusted_turnover": 0.6524590163934427}
val_total=0.179639 val_forecast=0.179639 best_so_far=0.179639 epochs_since_improve=0 lr=0.00002804 grad_norm_mean=4.111597 epoch_seconds=75.04 elapsed_seconds=150.84 eta_seconds=75.04 vram_peak_allocated_mb=5153.26
{"epoch": 3, "epoch_seconds": 74.9426, "elapsed_seconds": 225.7855, "estimated_remaining_seconds": 0.0, "vram_peak_allocated_mb": 5153.26, "val_total": 0.13903624958851757, "val_forecast": 0.13903624958851757, "best_so_far": 0.13903624958851757, "epochs_since_improve": 0, "lr": 1.0000000000000002e-06, "grad_norm_mean": 3.0077513778020464, "train/total_loss": 0.2963010353701455, "train/forecast_loss": 0.2963010353701455, "train/line_loss": 0.028036100594770342, "train/band_loss": 0.1298217021756702, "train/cross_loss": 0.008621531161701395, "train/direction_loss": 0.0, "train/grad_norm_mean": 3.0077513778020464, "val/total_loss": 0.13903624958851757, "val/forecast_loss": 0.13903624958851757, "val/line_loss": 0.004229355837143136, "val/band_loss": 0.0674034468281795, "val/cross_loss": 0.0, "val/direction_loss": 0.0, "val/grad_norm_mean": 0.0, "val/coverage": 0.8906621932983398, "val/lower_breach_rate": 0.03071208856999874, "val/upper_breach_rate": 0.07862573117017746, "val/avg_band_width": 0.2141037881374359, "val/mae": 0.06668634712696075, "val/smape": 1.5836983919143677, "val/direction_accuracy": 0.4636991322040558, "val/mean_signed_error": -0.04673483595252037, "val/overprediction_rate": 0.2410074919462204, "val/mean_overprediction": 0.04139188304543495, "val/spearman_ic": 0.06901383446646163, "val/top_k_long_spread": 0.004449990717570413, "val/top_k_short_spread": -0.00022753445696327586, "val/long_short_spread": 0.004677525174533688, "val/fee_adjusted_return": 4.653221820715047, "val/fee_adjusted_sharpe": 0.08075080294606735, "val/fee_adjusted_turnover": 0.5147540983606558}
val_total=0.139036 val_forecast=0.139036 best_so_far=0.139036 epochs_since_improve=0 lr=0.00000100 grad_norm_mean=3.007751 epoch_seconds=74.94 elapsed_seconds=225.79 eta_seconds=0.00 vram_peak_allocated_mb=5153.26
[EXIT-MARKER {"step": "result_ready", "run_id": "patchtst-1D-df798a0c79e6"}]
[EXIT-MARKER {"step": "before_result_json", "run_id": "patchtst-1D-df798a0c79e6"}]
{
  "run_id": "patchtst-1D-df798a0c79e6",
  "checkpoint_path": "ai\\artifacts\\checkpoints\\patchtst_1D_patchtst-1D-df798a0c79e6.pt",
  "feature_mean": [
    0.0006515224231407046,
    1.1356487274169922,
    1.1602340936660767,
    1.110434651374817,
    0.12796299159526825,
    0.0013815973652526736,
    0.0067066955380141735,
    0.020836934447288513,
    0.5433607697486877,
    0.003245249390602112,
    0.5710976123809814,
    2.030247211456299,
    0.6550283432006836,
    18.709985733032227,
    0.03557736799120903,
    23.542083740234375,
    60.51097869873047,
    0.39266201853752136,
    0.43702077865600586,
    0.17031720280647278,
    0.0,
    0.0,
    0.0,
    0.0,
    0.0,
    0.0,
    1.0,
    0.920109748840332,
    0.0,
    0.006638635881245136,
    -0.017632706090807915,
    -0.009596568532288074,
    -0.009847510606050491,
    0.22684377431869507,
    0.07495181262493134,
    0.046610746532678604
  ],
  "feature_std": [
    0.020608164370059967,
    3.671778440475464,
    3.7156906127929688,
    3.6260592937469482,
    6.19923210144043,
    0.021952087059617043,
    0.047606904059648514,
    0.08202864229679108,
    0.16817691922187805,
    0.02223801799118519,
    0.32220780849456787,
    0.7536247372627258,
    0.47509753704071045,
    8.136465072631836,
    0.3703364133834839,
    38.03653335571289,
    25.08763885498047,
    0.48834267258644104,
    0.4960177540779114,
    0.37591123580932617,
    0.0010000000474974513,
    0.0010000000474974513,
    0.0010000000474974513,
    0.0010000000474974513,
    0.0010000000474974513,
    0.0010000000474974513,
    0.0010000000474974513,
    0.2711232006549835,
    0.0010000000474974513,
    0.7124506235122681,
    0.7014693021774292,
    0.7079940438270569,
    0.7060845494270325,
    0.418790727853775,
    0.26331356167793274,
    0.21080365777015686
  ],
  "best_metrics": {
    "total_loss": 0.13903624958851757,
    "forecast_loss": 0.13903624958851757,
    "line_loss": 0.004229355837143136,
    "band_loss": 0.0674034468281795,
    "cross_loss": 0.0,
    "direction_loss": 0.0,
    "grad_norm_mean": 0.0,
    "coverage": 0.8906621932983398,
    "lower_breach_rate": 0.03071208856999874,
    "upper_breach_rate": 0.07862573117017746,
    "avg_band_width": 0.2141037881374359,
    "mae": 0.06668634712696075,
    "smape": 1.5836983919143677,
    "direction_accuracy": 0.4636991322040558,
    "mean_signed_error": -0.04673483595252037,
    "overprediction_rate": 0.2410074919462204,
    "mean_overprediction": 0.04139188304543495,
    "spearman_ic": 0.06901383446646163,
    "top_k_long_spread": 0.004449990717570413,
    "top_k_short_spread": -0.00022753445696327586,
    "long_short_spread": 0.004677525174533688,
    "fee_adjusted_return": 4.653221820715047,
    "fee_adjusted_sharpe": 0.08075080294606735,
    "fee_adjusted_turnover": 0.5147540983606558,
    "best_epoch": 3,
    "best_val_total": 0.13903624958851757,
    "best_val_forecast_loss": 0.13903624958851757,
    "best_val_total_including_direction": 0.13903624958851757,
    "early_stopped": false,
    "grad_norm_history": [
      6.059304377389332,
      4.1115965638841905,
      3.0077513778020464
    ],
    "best_grad_norm_mean": 0.0
  },
  "test_metrics": {
    "total_loss": 0.03202964161413119,
    "forecast_loss": 0.03202964161413119,
    "direction_loss": 0.0,
    "line_loss": 0.005216144587714499,
    "band_loss": 0.026813497273799253,
    "cross_loss": 0.0,
    "coverage": 0.8795876502990723,
    "avg_band_width": 0.22888971865177155,
    "direction_accuracy": 0.49239999055862427,
    "mae": 0.07513158023357391,
    "smape": 1.5661028623580933,
    "mean_signed_error": -0.05466998741030693,
    "overprediction_rate": 0.24153514206409454,
    "mean_overprediction": 0.04235737398266792,
    "spearman_ic": 0.012289411953728038,
    "top_k_long_spread": 0.001337062460946422,
    "top_k_short_spread": 0.0006259014501733814,
    "long_short_spread": 0.0007111610107730407,
    "fee_adjusted_return": -0.2109003111691733,
    "fee_adjusted_sharpe": 0.0028235351650363833,
    "fee_adjusted_turnover": 0.6046511627906976
  },
  "dataset_plan": {
    "timeframe": "1D",
    "seq_len": 252,
    "horizon": 5,
    "h_max": 20,
    "min_fold_samples": 50,
    "input_ticker_count": 50,
    "eligible_ticker_count": 48,
    "excluded_ticker_count": 2,
    "eligible_tickers": [
      "A",
      "AAPL",
      "ABBV",
      "ABNB",
      "ABT",
      "ACGL",
      "ACN",
      "ADBE",
      "ADI",
      "ADM",
      "ADP",
      "ADSK",
      "AEE",
      "AEP",
      "AES",
      "AFL",
      "AIG",
      "AIZ",
      "AJG",
      "AKAM",
      "ALB",
      "ALGN",
      "ALL",
      "ALLE",
      "AMAT",
      "AMCR",
      "AMD",
      "AME",
      "AMGN",
      "AMT",
      "AMZN",
      "ANET",
      "AON",
      "AOS",
      "APD",
      "APH",
      "APO",
      "APP",
      "APTV",
      "ARE",
      "ARES",
      "ATO",
      "AVB",
      "AVGO",
      "AVY",
      "AWK",
      "AXON",
      "AXP"
    ],
    "excluded_reasons": {
      "AMP": "Gate fundamentals",
      "APA": "Gate fundamentals"
    },
    "num_tickers": 48,
    "ticker_registry_path": "ai\\cache\\ticker_id_map_1d.json",
    "train_samples": 80459,
    "val_samples": 17231,
    "test_samples": 17171
  }
}
[EXIT-MARKER {"step": "after_result_json", "run_id": "patchtst-1D-df798a0c79e6"}]
[EXIT-MARKER {"step": "after_stdio_flush", "run_id": "patchtst-1D-df798a0c79e6"}]
